Log file open, 06/04/19 08:40:56
LogWindows: Failed to load 'aqProf.dll' (GetLastError=126)
LogWindows: File 'aqProf.dll' does not exist
LogWindows: Failed to load 'VSPerf140.dll' (GetLastError=126)
LogWindows: File 'VSPerf140.dll' does not exist
LogWindows: Failed to load 'VtuneApi.dll' (GetLastError=126)
LogWindows: File 'VtuneApi.dll' does not exist
LogWindows: Failed to load 'VtuneApi32e.dll' (GetLastError=126)
LogWindows: File 'VtuneApi32e.dll' does not exist
LogInit: Display: Running engine for game: Norilsk_Weapons
LogPlatformFile: Not using cached read wrapper
LogTaskGraph: Started task graph with 5 named threads and 8 total threads with 3 sets of task threads.
LogStats: Stats thread started at 0.291862
LogD3D11RHI: Loaded GFSDK_Aftermath_Lib.x64.dll
LogICUInternationalization: Display: ICU TimeZone Detection - Raw Offset: +2:00, Platform Override: ''
LogPluginManager: Mounting plugin Paper2D
LogPluginManager: Mounting plugin AISupport
LogPluginManager: Mounting plugin LightPropagationVolume
LogPluginManager: Mounting plugin CLionSourceCodeAccess
LogPluginManager: Mounting plugin CodeLiteSourceCodeAccess
LogPluginManager: Mounting plugin GitSourceControl
LogPluginManager: Mounting plugin KDevelopSourceCodeAccess
LogPluginManager: Mounting plugin NullSourceCodeAccess
LogPluginManager: Mounting plugin PerforceSourceControl
LogPluginManager: Mounting plugin SubversionSourceControl
LogPluginManager: Mounting plugin UObjectPlugin
LogPluginManager: Mounting plugin VisualStudioCodeSourceCodeAccess
LogPluginManager: Mounting plugin VisualStudioSourceCodeAccess
LogPluginManager: Mounting plugin XCodeSourceCodeAccess
LogPluginManager: Mounting plugin AssetManagerEditor
LogPluginManager: Mounting plugin CryptoKeys
LogPluginManager: Mounting plugin DataValidation
LogPluginManager: Mounting plugin FacialAnimation
LogPluginManager: Mounting plugin GameplayTagsEditor
LogPluginManager: Mounting plugin MacGraphicsSwitching
LogPluginManager: Mounting plugin MeshEditor
LogPluginManager: Mounting plugin MobileLauncherProfileWizard
LogPluginManager: Mounting plugin PluginBrowser
LogPluginManager: Mounting plugin SpeedTreeImporter
LogPluginManager: Mounting plugin DatasmithContent
LogPluginManager: Mounting plugin AlembicImporter
LogPluginManager: Mounting plugin AppleImageUtils
LogPluginManager: Mounting plugin AppleVision
LogPluginManager: Mounting plugin BackChannel
LogPluginManager: Mounting plugin CharacterAI
LogPluginManager: Mounting plugin GeometryCache
LogPluginManager: Mounting plugin HTML5Networking
LogPluginManager: Mounting plugin ProxyLODPlugin
LogPluginManager: Mounting plugin MagicLeap
LogPluginManager: Mounting plugin MagicLeapEmulator
LogPluginManager: Mounting plugin MagicLeapMedia
LogPluginManager: Mounting plugin AndroidMedia
LogPluginManager: Mounting plugin AvfMedia
LogPluginManager: Mounting plugin ImgMedia
LogPluginManager: Mounting plugin LinearTimecode
LogPluginManager: Mounting plugin MediaCompositing
LogPluginManager: Mounting plugin MediaPlayerEditor
LogPluginManager: Mounting plugin WmfMedia
LogPluginManager: Mounting plugin TcpMessaging
LogPluginManager: Mounting plugin UdpMessaging
LogPluginManager: Mounting plugin ActorSequence
LogPluginManager: Mounting plugin LevelSequenceEditor
LogPluginManager: Mounting plugin MatineeToLevelSequence
LogPluginManager: Mounting plugin NetcodeUnitTest
LogPluginManager: Mounting plugin NUTUnrealEngine4
LogPluginManager: Mounting plugin OnlineSubsystemGooglePlay
LogPluginManager: Mounting plugin OnlineSubsystemIOS
LogPluginManager: Mounting plugin OnlineSubsystem
LogPluginManager: Mounting plugin OnlineSubsystemNull
LogPluginManager: Mounting plugin OnlineSubsystemUtils
LogPluginManager: Mounting plugin LauncherChunkInstaller
LogPluginManager: Mounting plugin AndroidDeviceProfileSelector
LogPluginManager: Mounting plugin AndroidMoviePlayer
LogPluginManager: Mounting plugin AndroidPermission
LogPluginManager: Mounting plugin AppleMoviePlayer
LogPluginManager: Mounting plugin ArchVisCharacter
LogPluginManager: Mounting plugin AudioCapture
LogPluginManager: Mounting plugin CableComponent
LogPluginManager: Mounting plugin CustomMeshComponent
LogPluginManager: Mounting plugin EditableMesh
LogPluginManager: Mounting plugin ExampleDeviceProfileSelector
LogPluginManager: Mounting plugin GoogleCloudMessaging
LogPluginManager: Mounting plugin ImmediatePhysics
LogPluginManager: Mounting plugin IOSDeviceProfileSelector
LogPluginManager: Mounting plugin LinuxDeviceProfileSelector
LogPluginManager: Mounting plugin LocationServicesBPLibrary
LogPluginManager: Mounting plugin MobilePatchingUtils
LogPluginManager: Mounting plugin OculusVR
LogPluginManager: Plugin shader directory ../../../Engine/Plugins/Runtime/Oculus/OculusVR/Shaders found
LogPluginManager: Mapping shader source directory ../../../Engine/Plugins/Runtime/Oculus/OculusVR/Shaders to virtual directory /Plugin/OculusVR
LogPluginManager: Mounting plugin PhysXVehicles
LogPluginManager: Mounting plugin ProceduralMeshComponent
LogPluginManager: Mounting plugin RuntimePhysXCooking
LogPluginManager: Mounting plugin SteamVR
LogPluginManager: Mounting plugin WindowsMoviePlayer
LogStreaming: Display: Took  0.060s to configure plugins.
LogInit: Using libcurl 7.55.1-DEV
LogInit:  - built for x86_64-pc-win32
LogInit:  - supports SSL with OpenSSL/1.0.2h
LogInit:  - supports HTTP deflate (compression) using libz 1.2.8
LogInit:  - other features:
LogInit:      CURL_VERSION_SSL
LogInit:      CURL_VERSION_LIBZ
LogInit:      CURL_VERSION_IPV6
LogInit:      CURL_VERSION_ASYNCHDNS
LogInit:      CURL_VERSION_LARGEFILE
LogInit:      CURL_VERSION_IDN
LogInit:  CurlRequestOptions (configurable via config and command line):
LogInit:  - bVerifyPeer = false  - Libcurl will NOT verify peer certificate
LogInit:  - bUseHttpProxy = false  - Libcurl will NOT use HTTP proxy
LogInit:  - bDontReuseConnections = false  - Libcurl will reuse connections
LogInit:  - CertBundlePath = nullptr  - Libcurl will use whatever was configured at build time.
LogInit:  - MaxHostConnections = 16  - Libcurl will limit the number of connections to a host
LogInit:  - LocalHostAddr = Default
LogInit:  - BufferSize = 65536
LogInit: WinSock: version 1.1 (2.2), MaxSocks=32767, MaxUdp=65467
LogInit: Build: ++UE4+Release-4.20-CL-4369336
LogInit: Engine Version: 4.20.3-4369336+++UE4+Release-4.20
LogInit: Compatible Engine Version: 4.20.0-4212847+++UE4+Release-4.20
LogInit: Net CL: 4212847
LogInit: OS: Windows 7 (Service Pack 1), CPU: Pentium(R) Dual-Core  CPU      E5300  @ 2.60GHz, GPU: NVIDIA GeForce GTX 560 Ti
LogInit: Compiled (64-bit): Sep 17 2018 12:26:19
LogInit: Compiled with Visual C++: 19.13.26129.00
LogInit: Build Configuration: Development
LogInit: Branch Name: ++UE4+Release-4.20
LogInit: Command Line:  /Game/Levels/MainMenu -game -PIEVIACONSOLE -ResX=1280 -ResY=720  -Multiprocess -messaging -SessionName="Play in Standalone Game" -windowed 
LogInit: Base Directory: H:/Workbench/Epic Games/UE_4.20/Engine/Binaries/Win64/
LogInit: Installed Engine Build: 1
LogDevObjectVersion: Number of dev versions registered: 20
LogDevObjectVersion:   Dev-Blueprints (B0D832E4-1F89-4F0D-ACCF-7EB736FD4AA2): 10
LogDevObjectVersion:   Dev-Build (E1C64328-A22C-4D53-A36C-8E866417BD8C): 0
LogDevObjectVersion:   Dev-Core (375EC13C-06E4-48FB-B500-84F0262A717E): 2
LogDevObjectVersion:   Dev-Editor (E4B068ED-F494-42E9-A231-DA0B2E46BB41): 24
LogDevObjectVersion:   Dev-Framework (CFFC743F-43B0-4480-9391-14DF171D2073): 34
LogDevObjectVersion:   Dev-Mobile (B02B49B5-BB20-44E9-A304-32B752E40360): 2
LogDevObjectVersion:   Dev-Networking (A4E4105C-59A1-49B5-A7C5-40C4547EDFEE): 0
LogDevObjectVersion:   Dev-Online (39C831C9-5AE6-47DC-9A44-9C173E1C8E7C): 0
LogDevObjectVersion:   Dev-Physics (78F01B33-EBEA-4F98-B9B4-84EACCB95AA2): 0
LogDevObjectVersion:   Dev-Platform (6631380F-2D4D-43E0-8009-CF276956A95A): 0
LogDevObjectVersion:   Dev-Rendering (12F88B9F-8875-4AFC-A67C-D90C383ABD29): 26
LogDevObjectVersion:   Dev-Sequencer (7B5AE74C-D270-4C10-A958-57980B212A5A): 9
LogDevObjectVersion:   Dev-VR (D7296918-1DD6-4BDD-9DE2-64A83CC13884): 2
LogDevObjectVersion:   Dev-LoadTimes (C2A15278-BFE7-4AFE-6C17-90FF531DF755): 1
LogDevObjectVersion:   Private-Geometry (6EACA3D4-40EC-4CC1-B786-8BED09428FC5): 3
LogDevObjectVersion:   Dev-AnimPhys (29E575DD-E0A3-4627-9D10-D276232CDCEA): 17
LogDevObjectVersion:   Dev-ReflectionCapture (6B266CEC-1EC7-4B8F-A30B-E4D90942FC07): 1
LogDevObjectVersion:   Dev-Automation (0DF73D61-A23F-47EA-B727-89E90C41499A): 1
LogDevObjectVersion:   FortniteMain (601D1886-AC64-4F84-AA16-D3DE0DEAC7D6): 12
LogDevObjectVersion:   Dev-Enterprise (9DFFBCD6-494F-0158-E221-12823C92A888): 1
LogStreaming: Display: Took  0.001s to delete old logs.
LogInit: Presizing for max 8388607 objects, including 0 objects not considered by GC, pre-allocating 0 bytes for permanent pool.
LogInit: Object subsystem initialized
[2019.06.04-05.40.57:042][  0]LogInit: Selected Device Profile: [Windows]
[2019.06.04-05.40.57:043][  0]LogInit: Applying CVar settings loaded from the selected device profile: [Windows]
[2019.06.04-05.40.57:091][  0]LogHAL: Display: Platform has ~ 8 GB [8589139968 / 8589934592 / 8], which maps to Default [LargestMinGB=32, LargerMinGB=12, DefaultMinGB=8, SmallerMinGB=6, SmallestMinGB=0)
[2019.06.04-05.40.57:091][  0]LogInit: Setting Device Profile CVar: [[r.Vulkan.UseRealUBs:1]]
[2019.06.04-05.40.57:091][  0]LogInit: Going up to parent DeviceProfile []
[2019.06.04-05.40.57:092][  0]LogInit: Computer: ELBER-ПК
[2019.06.04-05.40.57:092][  0]LogInit: User: Elber
[2019.06.04-05.40.57:092][  0]LogInit: CPU Page size=4096, Cores=2
[2019.06.04-05.40.57:092][  0]LogInit: High frequency timer resolution =2.539091 MHz
[2019.06.04-05.40.57:092][  0]LogMemory: Memory total: Physical=8.0GB (8GB approx)
[2019.06.04-05.40.57:092][  0]LogMemory: Platform Memory Stats for Windows
[2019.06.04-05.40.57:093][  0]LogMemory: Process Physical Memory: 100.47 MB used, 100.47 MB peak
[2019.06.04-05.40.57:093][  0]LogMemory: Process Virtual Memory: 100.00 MB used, 100.00 MB peak
[2019.06.04-05.40.57:093][  0]LogMemory: Physical Memory: 4274.92 MB used,  3916.32 MB free, 8191.24 MB total
[2019.06.04-05.40.57:093][  0]LogMemory: Virtual Memory: 475.46 MB used,  3916.32 MB free, 8388608.00 MB total
[2019.06.04-05.40.57:143][  0]LogInit: Using OS detected language (uk-UA).
[2019.06.04-05.40.57:143][  0]LogInit: Using OS detected locale (uk-UA).
[2019.06.04-05.40.57:144][  0]LogTextLocalizationManager: No localization for 'uk-UA' exists, so 'en' will be used for the language.
[2019.06.04-05.40.57:145][  0]LogTextLocalizationManager: No localization for 'uk-UA' exists, so 'en' will be used for the locale.
[2019.06.04-05.40.57:842][  0]LogStreaming: Display: Took  0.699s to InitEngineTextLocalization.
[2019.06.04-05.40.57:869][  0]LogSlate: New Slate User Created.  User Index 0, Is Virtual User: 0
[2019.06.04-05.40.57:869][  0]LogSlate: Slate User Registered.  User Index 0, Is Virtual User: 0
[2019.06.04-05.40.57:876][  0]LogHMD: Failed to initialize OpenVR with code 110
[2019.06.04-05.40.57:876][  0]LogD3D11RHI: D3D11 adapters:
[2019.06.04-05.40.57:921][  0]LogD3D11RHI:    0. 'NVIDIA GeForce GTX 560 Ti' (Feature Level 11_0)
[2019.06.04-05.40.57:921][  0]LogD3D11RHI:       969/0/3071 MB DedicatedVideo/DedicatedSystem/SharedSystem, Outputs:1, VendorId:0x10de
[2019.06.04-05.40.57:921][  0]LogD3D11RHI: Chosen D3D11 Adapter: 0
[2019.06.04-05.40.57:933][  0]LogD3D11RHI: Creating new Direct3DDevice
[2019.06.04-05.40.57:933][  0]LogD3D11RHI:     GPU DeviceId: 0x1200 (for the marketing name, search the web for "GPU Device Id")
[2019.06.04-05.40.57:933][  0]LogWindows: EnumDisplayDevices:
[2019.06.04-05.40.57:934][  0]LogWindows:    0. 'NVIDIA GeForce GTX 560 Ti' (P:1 D:1)
[2019.06.04-05.40.57:934][  0]LogWindows:    1. 'NVIDIA GeForce GTX 560 Ti' (P:0 D:0)
[2019.06.04-05.40.57:934][  0]LogWindows:    2. 'RDPDD Chained DD' (P:0 D:0)
[2019.06.04-05.40.57:935][  0]LogWindows:    3. 'RDP Encoder Mirror Driver' (P:0 D:0)
[2019.06.04-05.40.57:935][  0]LogWindows:    4. 'RDP Reflector Display Driver' (P:0 D:0)
[2019.06.04-05.40.57:935][  0]LogWindows: DebugString: GetVideoDriverDetailsInvalid PrimaryIsNotTheChoosenAdapter GetVideoDriverDetailsInvalid PrimaryIsNotTheChoosenAdapter GetVideoDriverDetailsInvalid PrimaryIsNotTheChoosenAdapter FoundDriverCount:2 
[2019.06.04-05.40.57:935][  0]LogD3D11RHI:     Adapter Name: NVIDIA GeForce GTX 560 Ti
[2019.06.04-05.40.57:935][  0]LogD3D11RHI:   Driver Version: 391.35 (internal:23.21.13.9135, unified:391.35)
[2019.06.04-05.40.57:935][  0]LogD3D11RHI:      Driver Date: 3-23-2018
[2019.06.04-05.40.57:935][  0]LogRHI: Texture pool is 678 MB (70% of 969 MB)
[2019.06.04-05.40.57:957][  0]LogD3D11RHI: Display: Timestamp queries are currently disabled on this hardware due to instability. Realtime GPU stats will not be available. You can override this behaviour by setting r.NVIDIATimestampWorkaround to 0
[2019.06.04-05.40.57:957][  0]LogD3D11RHI: Async texture creation enabled
[2019.06.04-05.40.57:977][  0]LogD3D11RHI: GPU Timing Frequency: 1000.000000 (Debug: 2 2)
[2019.06.04-05.40.57:980][  0]LogShaderCompilers: Guid format shader working directory is -2 characters bigger than the processId version (../../../../../Norilsk_Weapons/Intermediate/Shaders/WorkingDirectory/5308/).
[2019.06.04-05.40.57:981][  0]LogShaderCompilers: Cleaned the shader compiler working directory 'C:/Windows/Temp/UnrealShaderWorkingDir/86E99C664B9020FE9EDB188B3EBC374C/'.
[2019.06.04-05.40.58:807][  0]LogTemp: Display: Loaded TP WindowsClientTargetPlatform
[2019.06.04-05.40.58:836][  0]LogTemp: Display: Loaded TP WindowsNoEditorTargetPlatform
[2019.06.04-05.40.58:865][  0]LogTemp: Display: Loaded TP WindowsServerTargetPlatform
[2019.06.04-05.40.58:895][  0]LogTemp: Display: Loaded TP WindowsTargetPlatform
[2019.06.04-05.40.58:895][  0]LogTargetPlatformManager: Display: Building Assets For Windows
[2019.06.04-05.40.59:001][  0]LogXGEController: Cannot use XGE Controller as Incredibuild is not installed on this machine.
[2019.06.04-05.40.59:002][  0]LogShaderCompilers: Cannot use XGE Shader Compiler as Incredibuild is not installed on this machine.
[2019.06.04-05.40.59:002][  0]LogShaderCompilers: Display: Using Local Shader Compiler.
[2019.06.04-05.41.01:059][  0]LogDerivedDataCache: Display: Max Cache Size: 512 MB
[2019.06.04-05.41.01:060][  0]LogDerivedDataCache: Error: Memory cache was corrputed (size) C:/Users/Elber/AppData/Local/UnrealEngine/4.20/DerivedDataCache/Boot.ddc.
[2019.06.04-05.41.01:060][  0]LogDerivedDataCache: Warning: Could not load Boot cache: C:/Users/Elber/AppData/Local/UnrealEngine/4.20/DerivedDataCache/Boot.ddc
[2019.06.04-05.41.01:060][  0]LogDerivedDataCache: FDerivedDataBackendGraph:  Pak pak cache file ../../../../../Norilsk_Weapons/DerivedDataCache/DDC.ddp not found, will not use a pak cache.
[2019.06.04-05.41.01:060][  0]LogDerivedDataCache: Unable to find inner node Pak for hierarchical cache Hierarchy.
[2019.06.04-05.41.01:060][  0]LogDerivedDataCache: FDerivedDataBackendGraph:  CompressedPak pak cache file ../../../../../Norilsk_Weapons/DerivedDataCache/Compressed.ddp not found, will not use a pak cache.
[2019.06.04-05.41.01:060][  0]LogDerivedDataCache: Unable to find inner node CompressedPak for hierarchical cache Hierarchy.
[2019.06.04-05.41.01:080][  0]LogDerivedDataCache: Display: Pak cache opened for reading ../../../Engine/DerivedDataCache/Compressed.ddp.
[2019.06.04-05.41.01:092][  0]LogDerivedDataCache: Using Local data cache path C:/Users/Elber/AppData/Local/UnrealEngine/Common/DerivedDataCache: Writable
[2019.06.04-05.41.01:092][  0]LogDerivedDataCache: Shared data cache path not found in *engine.ini, will not use an Shared cache.
[2019.06.04-05.41.01:092][  0]LogDerivedDataCache: Unable to find inner node Shared for hierarchical cache Hierarchy.
[2019.06.04-05.41.01:142][  0]LogMaterial: Verifying Global Shaders for PCD3D_SM5
[2019.06.04-05.41.01:145][  0]LogSlate: Using FreeType 2.6.0
[2019.06.04-05.41.01:146][  0]LogSlate: SlateFontServices - WITH_FREETYPE: 1, WITH_HARFBUZZ: 1
[2019.06.04-05.41.01:224][  0]LogInit: Using OS detected language (uk-UA).
[2019.06.04-05.41.01:224][  0]LogInit: Using OS detected locale (uk-UA).
[2019.06.04-05.41.01:224][  0]LogTextLocalizationManager: No localization for 'uk-UA' exists, so 'en' will be used for the language.
[2019.06.04-05.41.01:224][  0]LogTextLocalizationManager: No localization for 'uk-UA' exists, so 'en' will be used for the locale.
[2019.06.04-05.41.01:230][  0]LogStreaming: Display: Took  0.006s to InitGameTextLocalization.
[2019.06.04-05.41.01:245][  0]LogAssetRegistry: FAssetRegistry took 0.0095 seconds to start up
[2019.06.04-05.41.01:741][  0]LogPackageLocalizationCache: Processed 11 localized package path(s) for 1 prioritized culture(s) in 0.047781 seconds
[2019.06.04-05.41.01:964][  0]LogInit: Selected Device Profile: [Windows]
[2019.06.04-05.41.02:193][  0]LogSimplygon: Simplygon DLL not present - disabling.
[2019.06.04-05.41.02:199][  0]LogMeshReduction: Using SimplygonSwarm for distributed automatic mesh merging
[2019.06.04-05.41.02:199][  0]LogMeshReduction: Using ProxyLODMeshReduction for automatic mesh merging
[2019.06.04-05.41.02:199][  0]LogMeshReduction: Using QuadricMeshReduction for automatic static mesh reduction
[2019.06.04-05.41.02:199][  0]LogMeshReduction: No automatic skeletal mesh reduction module available
[2019.06.04-05.41.02:231][  0]LogNetVersion: Norilsk_Weapons 1.0.0, NetCL: 4212847, EngineNetVer: 5, GameNetVer: 0 (Checksum: 942580200)
[2019.06.04-05.41.03:321][  0]LogMoviePlayer: Initializing movie player
[2019.06.04-05.41.03:805][  0]LogTcpMessaging: Initializing TcpMessaging bridge
[2019.06.04-05.41.03:818][  0]LogUdpMessaging: Initializing bridge on interface 0.0.0.0:0 to multicast group 230.0.0.1:6666.
[2019.06.04-05.41.03:920][  0]SourceControl: Source control is disabled
[2019.06.04-05.41.03:920][  0]SourceControl: Source control is disabled
[2019.06.04-05.41.03:921][  0]SourceControl: Source control is disabled
[2019.06.04-05.41.04:073][  0]LogAndroidPermission: UAndroidPermissionCallbackProxy::GetInstance
[2019.06.04-05.41.04:176][  0]LogOcInput: OculusInput pre-init called
[2019.06.04-05.41.04:196][  0]LogUObjectArray: 42168 objects as part of root set at end of initial load.
[2019.06.04-05.41.04:197][  0]LogUObjectAllocator: 7432352 out of 0 bytes used by permanent object pool.
[2019.06.04-05.41.04:197][  0]LogUObjectArray: CloseDisregardForGC: 0/0 objects in disregard for GC pool
[2019.06.04-05.41.04:286][  0]LogEngine: Initializing Engine...
[2019.06.04-05.41.04:287][  0]LogHMD: Failed to initialize OpenVR with code 110
[2019.06.04-05.41.04:300][  0]LogStats: UGameplayTagsManager::ConstructGameplayTagTree: ImportINI prefixes -  0.000 s
[2019.06.04-05.41.04:300][  0]LogStats: UGameplayTagsManager::ConstructGameplayTagTree: Construct from data asset -  0.000 s
[2019.06.04-05.41.04:300][  0]LogStats: UGameplayTagsManager::ConstructGameplayTagTree: ImportINI -  0.000 s
[2019.06.04-05.41.04:300][  0]LogStats: UGameplayTagsManager::ConstructGameplayTagTree: GameplayTagTreeChangedEvent.Broadcast -  0.000 s
[2019.06.04-05.41.04:894][  0]LogInit: Initializing FReadOnlyCVARCache
[2019.06.04-05.41.04:931][  0]LogInit: XAudio2 using 'Динамики (Устройство с поддержкой High Definition Audio)' : 2 channels at 44.1 kHz using 16 bits per sample (channel mask 0x3)
[2019.06.04-05.41.04:961][  0]LogInit: FAudioDevice initialized.
[2019.06.04-05.41.04:962][  0]LogNetVersion: Set ProjectVersion to 1.0.0.0. Version Checksum will be recalculated on next use.
[2019.06.04-05.41.04:969][  0]LogInit: Texture streaming: Enabled
[2019.06.04-05.41.05:263][  0]LogSlate: Updating window title bar state: overlay mode, drag disabled, window buttons hidden, title bar hidden
[2019.06.04-05.41.05:263][  0]LogInit: Display: Game Engine Initialized.
[2019.06.04-05.41.05:264][  0]LogGameplayTags: Display: UGameplayTagsManager::DoneAddingNativeTags. DelegateIsBound: 0
[2019.06.04-05.41.05:264][  0]LogStats: UGameplayTagsManager::ConstructGameplayTagTree: ImportINI prefixes -  0.000 s
[2019.06.04-05.41.05:264][  0]LogStats: UGameplayTagsManager::ConstructGameplayTagTree: Construct from data asset -  0.000 s
[2019.06.04-05.41.05:264][  0]LogStats: UGameplayTagsManager::ConstructGameplayTagTree: ImportINI -  0.000 s
[2019.06.04-05.41.05:264][  0]LogStats: UGameplayTagsManager::ConstructGameplayTagTree: GameplayTagTreeChangedEvent.Broadcast -  0.000 s
[2019.06.04-05.41.05:295][  0]LogInit: Display: Starting Game.
[2019.06.04-05.41.05:295][  0]LogNet: Browse: /Game/Levels/MainMenu?Name=Player
[2019.06.04-05.41.05:296][  0]LogLoad: LoadMap: /Game/Levels/MainMenu?Name=Player
[2019.06.04-05.41.05:488][  0]LogAudioDerivedData: Display: Building compressed audio format OGG hash OGG wave menu_theme_2...
[2019.06.04-05.41.05:589][  0]LogTemp: Couldn't find amount to resample to.
[2019.06.04-05.41.10:620][  0]LogAudioDerivedData: Display: Updated SoundWave->RawPCMDataSize from 0 to 27703296 while cooking SoundWave /Game/Sound/menu/menu_theme_2.menu_theme_2.
[2019.06.04-05.41.10:700][  0]LogAIModule: Creating AISystem for world MainMenu
[2019.06.04-05.41.10:701][  0]LogLoad: Game class is 'GameMode'
[2019.06.04-05.41.10:702][  0]LogWorld: Bringing World /Game/Levels/MainMenu.MainMenu up for play (max tick rate 0) at 2019.06.04-08.41.10
[2019.06.04-05.41.10:702][  0]LogWorld: Bringing up level for play took: 0.000919
[2019.06.04-05.41.10:703][  0]LogGameMode: FindPlayerStart: PATHS NOT DEFINED or NO PLAYERSTART with positive rating
[2019.06.04-05.41.10:710][  0]LogGameMode: Display: Match State Changed from EnteringMap to WaitingToStart
[2019.06.04-05.41.10:710][  0]LogGameState: Match State Changed from EnteringMap to WaitingToStart
[2019.06.04-05.41.10:710][  0]LogGameMode: Display: Match State Changed from WaitingToStart to InProgress
[2019.06.04-05.41.10:715][  0]LogGameState: Match State Changed from WaitingToStart to InProgress
[2019.06.04-05.41.10:715][  0]LogLoad: Took 5.418576 seconds to LoadMap(/Game/Levels/MainMenu)
[2019.06.04-05.41.10:813][  0]LogRenderer: Reallocating scene render targets to support 1280x720 Format 10 NumSamples 1 (Frame:1).
[2019.06.04-05.41.10:813][  0]LogLoad: (Engine Initialization) Total time: 17.04 seconds
[2019.06.04-05.41.10:813][  0]LogLoad: (Engine Initialization) Total Blueprint compile time: 0.00 seconds
[2019.06.04-05.41.11:123][  0]LogContentStreaming: Texture pool size now 1000 MB
[2019.06.04-05.41.11:123][  0]LogAudio: Warning: Detected orphaned looping sound 'menu_theme_2'.
[2019.06.04-05.41.11:180][  0]LogRenderer: Reallocating scene render targets to support 1920x1020 Format 10 NumSamples 1 (Frame:3).
[2019.06.04-05.41.12:136][  2]LogRenderer: Reallocating scene render targets to support 1280x720 Format 10 NumSamples 1 (Frame:5).
[2019.06.04-05.41.17:541][299]LogRenderer: Reallocating scene render targets to support 1920x1020 Format 10 NumSamples 1 (Frame:304).
[2019.06.04-05.42.56:973][408]LogRenderer: Reallocating scene render targets to support 1280x720 Format 10 NumSamples 1 (Frame:6413).
[2019.06.04-05.43.02:904][773]LogSlate: FSceneViewport::OnFocusLost() reason 0
[2019.06.04-05.43.12:175][322]LogContentStreaming: Texture pool size now 400 MB
[2019.06.04-05.43.16:103][535]LogRenderer: Reallocating scene render targets to support 1920x1020 Format 10 NumSamples 1 (Frame:7544).
[2019.06.04-05.44.02:089][366]LogRenderer: Reallocating scene render targets to support 1280x720 Format 10 NumSamples 1 (Frame:10375).
[2019.06.04-05.44.33:317][255]LogPackageName: SearchForPackageOnDisk took   0.258s to resolve ThirdPersonExampleMap.umap.
[2019.06.04-05.44.33:318][256]LogGameMode: Display: Match State Changed from InProgress to LeavingMap
[2019.06.04-05.44.33:318][256]LogGameState: Match State Changed from InProgress to LeavingMap
[2019.06.04-05.44.33:561][256]LogPackageName: SearchForPackageOnDisk took   0.242s to resolve ThirdPersonExampleMap.umap.
[2019.06.04-05.44.33:561][256]LogNet: Browse: /Game/ThirdPersonBP/Maps/ThirdPersonExampleMap
[2019.06.04-05.44.33:561][256]LogLoad: LoadMap: /Game/ThirdPersonBP/Maps/ThirdPersonExampleMap
[2019.06.04-05.44.36:346][256]LogAIModule: Creating AISystem for world ThirdPersonExampleMap
[2019.06.04-05.44.36:346][256]LogLoad: Game class is 'BP_FPS_GameMode_C'
[2019.06.04-05.44.36:361][256]LogWorld: Bringing World /Game/ThirdPersonBP/Maps/ThirdPersonExampleMap.ThirdPersonExampleMap up for play (max tick rate 0) at 2019.06.04-08.44.36
[2019.06.04-05.44.36:362][256]LogWorld: Bringing up level for play took: 0.015059
[2019.06.04-05.44.36:374][256]LogLoad: Took 2.812479 seconds to LoadMap(/Game/ThirdPersonBP/Maps/ThirdPersonExampleMap)
[2019.06.04-05.44.39:211][407]LogBlueprintUserMessages: [Character_Super_C_0] Melee
[2019.06.04-05.44.42:616][615]LogBlueprintUserMessages: [Character_Super_C_0] Hello
[2019.06.04-05.44.43:784][687]LogBlueprintUserMessages: [Character_Super_C_0] walther99_shoot_Montage
[2019.06.04-05.44.43:785][687]LogSkinnedMeshComp: Warning: GetSocketByName(muzzleflash_socket): No SkeletalMesh for Component(CharacterMesh0) Actor(Character_Super_C_0)
[2019.06.04-05.44.43:786][687]LogBlueprintUserMessages: [Character_Super_C_0] 250.0
[2019.06.04-05.44.43:786][687]LogBlueprintUserMessages: [Character_Super_C_0] 250.0
[2019.06.04-05.44.46:702][808]LogBlueprintUserMessages: [Character_Super_C_0] Hello
[2019.06.04-05.44.48:300][907]LogBlueprintUserMessages: [Character_Super_C_0] anim_spas_fire0_Montage
[2019.06.04-05.44.48:300][907]LogSkinnedMeshComp: Warning: GetSocketByName(muzzleflash_socket): No SkeletalMesh for Component(CharacterMesh0) Actor(Character_Super_C_0)
[2019.06.04-05.44.48:300][907]LogBlueprintUserMessages: [Character_Super_C_0] 212.995453
[2019.06.04-05.44.48:300][907]LogSkinnedMeshComp: Warning: GetSocketByName(muzzleflash_socket): No SkeletalMesh for Component(CharacterMesh0) Actor(Character_Super_C_0)
[2019.06.04-05.44.48:300][907]LogBlueprintUserMessages: [Character_Super_C_0] 203.405579
[2019.06.04-05.44.48:301][907]LogSkinnedMeshComp: Warning: GetSocketByName(muzzleflash_socket): No SkeletalMesh for Component(CharacterMesh0) Actor(Character_Super_C_0)
[2019.06.04-05.44.48:301][907]LogBlueprintUserMessages: [Character_Super_C_0] 205.106705
[2019.06.04-05.44.48:301][907]LogSkinnedMeshComp: Warning: GetSocketByName(muzzleflash_socket): No SkeletalMesh for Component(CharacterMesh0) Actor(Character_Super_C_0)
[2019.06.04-05.44.48:301][907]LogBlueprintUserMessages: [Character_Super_C_0] 217.657425
[2019.06.04-05.44.48:301][907]LogSkinnedMeshComp: Warning: GetSocketByName(muzzleflash_socket): No SkeletalMesh for Component(CharacterMesh0) Actor(Character_Super_C_0)
[2019.06.04-05.44.48:301][907]LogBlueprintUserMessages: [Character_Super_C_0] 250.0
[2019.06.04-05.44.48:301][907]LogSkinnedMeshComp: Warning: GetSocketByName(muzzleflash_socket): No SkeletalMesh for Component(CharacterMesh0) Actor(Character_Super_C_0)
[2019.06.04-05.44.48:302][907]LogBlueprintUserMessages: [Character_Super_C_0] 211.20993
[2019.06.04-05.44.48:302][907]LogSkinnedMeshComp: Warning: GetSocketByName(muzzleflash_socket): No SkeletalMesh for Component(CharacterMesh0) Actor(Character_Super_C_0)
[2019.06.04-05.44.48:302][907]LogBlueprintUserMessages: [Character_Super_C_0] 50.0
[2019.06.04-05.44.48:302][907]LogSkinnedMeshComp: Warning: GetSocketByName(muzzleflash_socket): No SkeletalMesh for Component(CharacterMesh0) Actor(Character_Super_C_0)
[2019.06.04-05.44.48:302][907]LogBlueprintUserMessages: [Character_Super_C_0] 204.97139
[2019.06.04-05.44.48:302][907]LogSkinnedMeshComp: Warning: GetSocketByName(muzzleflash_socket): No SkeletalMesh for Component(CharacterMesh0) Actor(Character_Super_C_0)
[2019.06.04-05.44.48:303][907]LogBlueprintUserMessages: [Character_Super_C_0] 210.811432
[2019.06.04-05.44.48:303][907]LogSkinnedMeshComp: Warning: GetSocketByName(muzzleflash_socket): No SkeletalMesh for Component(CharacterMesh0) Actor(Character_Super_C_0)
[2019.06.04-05.44.48:303][907]LogBlueprintUserMessages: [Character_Super_C_0] 204.059586
[2019.06.04-05.44.48:303][907]LogSkinnedMeshComp: Warning: GetSocketByName(muzzleflash_socket): No SkeletalMesh for Component(CharacterMesh0) Actor(Character_Super_C_0)
[2019.06.04-05.44.48:303][907]LogBlueprintUserMessages: [Character_Super_C_0] 218.839798
[2019.06.04-05.44.48:303][907]LogSkinnedMeshComp: Warning: GetSocketByName(muzzleflash_socket): No SkeletalMesh for Component(CharacterMesh0) Actor(Character_Super_C_0)
[2019.06.04-05.44.48:303][907]LogBlueprintUserMessages: [Character_Super_C_0] 69.35289
[2019.06.04-05.44.48:303][907]LogSkinnedMeshComp: Warning: GetSocketByName(muzzleflash_socket): No SkeletalMesh for Component(CharacterMesh0) Actor(Character_Super_C_0)
[2019.06.04-05.44.48:304][907]LogBlueprintUserMessages: [Character_Super_C_0] 217.29834
[2019.06.04-05.44.48:304][907]LogSkinnedMeshComp: Warning: GetSocketByName(muzzleflash_socket): No SkeletalMesh for Component(CharacterMesh0) Actor(Character_Super_C_0)
[2019.06.04-05.44.48:304][907]LogBlueprintUserMessages: [Character_Super_C_0] 203.701889
[2019.06.04-05.44.48:304][907]LogSkinnedMeshComp: Warning: GetSocketByName(muzzleflash_socket): No SkeletalMesh for Component(CharacterMesh0) Actor(Character_Super_C_0)
[2019.06.04-05.44.48:304][907]LogBlueprintUserMessages: [Character_Super_C_0] 63.464249
[2019.06.04-05.44.51:879][126]LogBlueprintUserMessages: [Character_Super_C_0] 5
[2019.06.04-05.44.52:927][191]LogBlueprintUserMessages: [Character_Super_C_0] anim_spas_fire0_Montage
[2019.06.04-05.44.52:928][191]LogSkinnedMeshComp: Warning: GetSocketByName(muzzleflash_socket): No SkeletalMesh for Component(CharacterMesh0) Actor(Character_Super_C_0)
[2019.06.04-05.44.52:928][191]LogBlueprintUserMessages: [Character_Super_C_0] 134.282303
[2019.06.04-05.44.52:928][191]LogSkinnedMeshComp: Warning: GetSocketByName(muzzleflash_socket): No SkeletalMesh for Component(CharacterMesh0) Actor(Character_Super_C_0)
[2019.06.04-05.44.52:928][191]LogBlueprintUserMessages: [Character_Super_C_0] 250.0
[2019.06.04-05.44.52:929][191]LogSkinnedMeshComp: Warning: GetSocketByName(muzzleflash_socket): No SkeletalMesh for Component(CharacterMesh0) Actor(Character_Super_C_0)
[2019.06.04-05.44.52:929][191]LogBlueprintUserMessages: [Character_Super_C_0] 140.295837
[2019.06.04-05.44.52:929][191]LogSkinnedMeshComp: Warning: GetSocketByName(muzzleflash_socket): No SkeletalMesh for Component(CharacterMesh0) Actor(Character_Super_C_0)
[2019.06.04-05.44.52:929][191]LogBlueprintUserMessages: [Character_Super_C_0] 139.936859
[2019.06.04-05.44.52:929][191]LogSkinnedMeshComp: Warning: GetSocketByName(muzzleflash_socket): No SkeletalMesh for Component(CharacterMesh0) Actor(Character_Super_C_0)
[2019.06.04-05.44.52:929][191]LogBlueprintUserMessages: [Character_Super_C_0] 139.860077
[2019.06.04-05.44.52:929][191]LogSkinnedMeshComp: Warning: GetSocketByName(muzzleflash_socket): No SkeletalMesh for Component(CharacterMesh0) Actor(Character_Super_C_0)
[2019.06.04-05.44.52:929][191]LogBlueprintUserMessages: [Character_Super_C_0] 141.344482
[2019.06.04-05.44.52:930][191]LogSkinnedMeshComp: Warning: GetSocketByName(muzzleflash_socket): No SkeletalMesh for Component(CharacterMesh0) Actor(Character_Super_C_0)
[2019.06.04-05.44.52:930][191]LogBlueprintUserMessages: [Character_Super_C_0] 134.752548
[2019.06.04-05.44.52:930][191]LogSkinnedMeshComp: Warning: GetSocketByName(muzzleflash_socket): No SkeletalMesh for Component(CharacterMesh0) Actor(Character_Super_C_0)
[2019.06.04-05.44.52:930][191]LogBlueprintUserMessages: [Character_Super_C_0] 139.328247
[2019.06.04-05.44.52:930][191]LogSkinnedMeshComp: Warning: GetSocketByName(muzzleflash_socket): No SkeletalMesh for Component(CharacterMesh0) Actor(Character_Super_C_0)
[2019.06.04-05.44.52:930][191]LogBlueprintUserMessages: [Character_Super_C_0] 133.795715
[2019.06.04-05.44.52:930][191]LogSkinnedMeshComp: Warning: GetSocketByName(muzzleflash_socket): No SkeletalMesh for Component(CharacterMesh0) Actor(Character_Super_C_0)
[2019.06.04-05.44.52:930][191]LogBlueprintUserMessages: [Character_Super_C_0] 138.364807
[2019.06.04-05.44.52:931][191]LogSkinnedMeshComp: Warning: GetSocketByName(muzzleflash_socket): No SkeletalMesh for Component(CharacterMesh0) Actor(Character_Super_C_0)
[2019.06.04-05.44.52:931][191]LogBlueprintUserMessages: [Character_Super_C_0] 138.857315
[2019.06.04-05.44.52:931][191]LogSkinnedMeshComp: Warning: GetSocketByName(muzzleflash_socket): No SkeletalMesh for Component(CharacterMesh0) Actor(Character_Super_C_0)
[2019.06.04-05.44.52:931][191]LogBlueprintUserMessages: [Character_Super_C_0] 141.152435
[2019.06.04-05.44.52:931][191]LogSkinnedMeshComp: Warning: GetSocketByName(muzzleflash_socket): No SkeletalMesh for Component(CharacterMesh0) Actor(Character_Super_C_0)
[2019.06.04-05.44.52:931][191]LogBlueprintUserMessages: [Character_Super_C_0] 139.462952
[2019.06.04-05.44.52:931][191]LogSkinnedMeshComp: Warning: GetSocketByName(muzzleflash_socket): No SkeletalMesh for Component(CharacterMesh0) Actor(Character_Super_C_0)
[2019.06.04-05.44.52:931][191]LogBlueprintUserMessages: [Character_Super_C_0] 139.374298
[2019.06.04-05.44.52:932][191]LogSkinnedMeshComp: Warning: GetSocketByName(muzzleflash_socket): No SkeletalMesh for Component(CharacterMesh0) Actor(Character_Super_C_0)
[2019.06.04-05.44.52:932][191]LogBlueprintUserMessages: [Character_Super_C_0] 137.986237
[2019.06.04-05.45.01:972][747]LogBlueprintUserMessages: [Character_Super_C_0] anim_spas_fire0_Montage
[2019.06.04-05.45.01:973][747]LogSkinnedMeshComp: Warning: GetSocketByName(muzzleflash_socket): No SkeletalMesh for Component(CharacterMesh0) Actor(Character_Super_C_0)
[2019.06.04-05.45.01:973][747]LogBlueprintUserMessages: [Character_Super_C_0] 250.0
[2019.06.04-05.45.01:973][747]LogSkinnedMeshComp: Warning: GetSocketByName(muzzleflash_socket): No SkeletalMesh for Component(CharacterMesh0) Actor(Character_Super_C_0)
[2019.06.04-05.45.01:973][747]LogBlueprintUserMessages: [Character_Super_C_0] 250.0
[2019.06.04-05.45.01:973][747]LogSkinnedMeshComp: Warning: GetSocketByName(muzzleflash_socket): No SkeletalMesh for Component(CharacterMesh0) Actor(Character_Super_C_0)
[2019.06.04-05.45.01:973][747]LogBlueprintUserMessages: [Character_Super_C_0] 250.0
[2019.06.04-05.45.01:974][747]LogSkinnedMeshComp: Warning: GetSocketByName(muzzleflash_socket): No SkeletalMesh for Component(CharacterMesh0) Actor(Character_Super_C_0)
[2019.06.04-05.45.01:974][747]LogBlueprintUserMessages: [Character_Super_C_0] 250.0
[2019.06.04-05.45.01:974][747]LogSkinnedMeshComp: Warning: GetSocketByName(muzzleflash_socket): No SkeletalMesh for Component(CharacterMesh0) Actor(Character_Super_C_0)
[2019.06.04-05.45.01:974][747]LogBlueprintUserMessages: [Character_Super_C_0] 250.0
[2019.06.04-05.45.01:974][747]LogSkinnedMeshComp: Warning: GetSocketByName(muzzleflash_socket): No SkeletalMesh for Component(CharacterMesh0) Actor(Character_Super_C_0)
[2019.06.04-05.45.01:974][747]LogBlueprintUserMessages: [Character_Super_C_0] 250.0
[2019.06.04-05.45.01:974][747]LogBlueprintUserMessages: [Character_Super_C_0] 250.0
[2019.06.04-05.45.01:975][747]LogSkinnedMeshComp: Warning: GetSocketByName(muzzleflash_socket): No SkeletalMesh for Component(CharacterMesh0) Actor(Character_Super_C_0)
[2019.06.04-05.45.01:975][747]LogBlueprintUserMessages: [Character_Super_C_0] 250.0
[2019.06.04-05.45.01:975][747]LogSkinnedMeshComp: Warning: GetSocketByName(muzzleflash_socket): No SkeletalMesh for Component(CharacterMesh0) Actor(Character_Super_C_0)
[2019.06.04-05.45.01:975][747]LogBlueprintUserMessages: [Character_Super_C_0] 250.0
[2019.06.04-05.45.01:975][747]LogSkinnedMeshComp: Warning: GetSocketByName(muzzleflash_socket): No SkeletalMesh for Component(CharacterMesh0) Actor(Character_Super_C_0)
[2019.06.04-05.45.01:975][747]LogBlueprintUserMessages: [Character_Super_C_0] 250.0
[2019.06.04-05.45.01:975][747]LogSkinnedMeshComp: Warning: GetSocketByName(muzzleflash_socket): No SkeletalMesh for Component(CharacterMesh0) Actor(Character_Super_C_0)
[2019.06.04-05.45.01:975][747]LogBlueprintUserMessages: [Character_Super_C_0] 250.0
[2019.06.04-05.45.01:976][747]LogSkinnedMeshComp: Warning: GetSocketByName(muzzleflash_socket): No SkeletalMesh for Component(CharacterMesh0) Actor(Character_Super_C_0)
[2019.06.04-05.45.01:976][747]LogBlueprintUserMessages: [Character_Super_C_0] 250.0
[2019.06.04-05.45.01:976][747]LogBlueprintUserMessages: [Character_Super_C_0] 250.0
[2019.06.04-05.45.01:976][747]LogSkinnedMeshComp: Warning: GetSocketByName(muzzleflash_socket): No SkeletalMesh for Component(CharacterMesh0) Actor(Character_Super_C_0)
[2019.06.04-05.45.01:976][747]LogBlueprintUserMessages: [Character_Super_C_0] 250.0
[2019.06.04-05.45.01:976][747]LogSkinnedMeshComp: Warning: GetSocketByName(muzzleflash_socket): No SkeletalMesh for Component(CharacterMesh0) Actor(Character_Super_C_0)
[2019.06.04-05.45.01:977][747]LogBlueprintUserMessages: [Character_Super_C_0] 250.0
[2019.06.04-05.45.01:977][747]LogSkinnedMeshComp: Warning: GetSocketByName(muzzleflash_socket): No SkeletalMesh for Component(CharacterMesh0) Actor(Character_Super_C_0)
[2019.06.04-05.45.01:977][747]LogBlueprintUserMessages: [Character_Super_C_0] 250.0
[2019.06.04-05.45.01:977][747]LogSkinnedMeshComp: Warning: GetSocketByName(muzzleflash_socket): No SkeletalMesh for Component(CharacterMesh0) Actor(Character_Super_C_0)
[2019.06.04-05.45.01:977][747]LogBlueprintUserMessages: [Character_Super_C_0] 250.0
[2019.06.04-05.45.05:393][956]LogBlueprintUserMessages: [Character_Super_C_0] anim_spas_fire0_Montage
[2019.06.04-05.45.05:394][956]LogSkinnedMeshComp: Warning: GetSocketByName(muzzleflash_socket): No SkeletalMesh for Component(CharacterMesh0) Actor(Character_Super_C_0)
[2019.06.04-05.45.05:394][956]LogBlueprintUserMessages: [Character_Super_C_0] 50.0
[2019.06.04-05.45.05:394][956]LogSkinnedMeshComp: Warning: GetSocketByName(muzzleflash_socket): No SkeletalMesh for Component(CharacterMesh0) Actor(Character_Super_C_0)
[2019.06.04-05.45.05:394][956]LogBlueprintUserMessages: [Character_Super_C_0] 50.0
[2019.06.04-05.45.05:394][956]LogSkinnedMeshComp: Warning: GetSocketByName(muzzleflash_socket): No SkeletalMesh for Component(CharacterMesh0) Actor(Character_Super_C_0)
[2019.06.04-05.45.05:394][956]LogBlueprintUserMessages: [Character_Super_C_0] 86.619614
[2019.06.04-05.45.05:394][956]LogSkinnedMeshComp: Warning: GetSocketByName(muzzleflash_socket): No SkeletalMesh for Component(CharacterMesh0) Actor(Character_Super_C_0)
[2019.06.04-05.45.05:394][956]LogBlueprintUserMessages: [Character_Super_C_0] 50.0
[2019.06.04-05.45.05:395][956]LogSkinnedMeshComp: Warning: GetSocketByName(muzzleflash_socket): No SkeletalMesh for Component(CharacterMesh0) Actor(Character_Super_C_0)
[2019.06.04-05.45.05:395][956]LogBlueprintUserMessages: [Character_Super_C_0] 50.0
[2019.06.04-05.45.05:395][956]LogSkinnedMeshComp: Warning: GetSocketByName(muzzleflash_socket): No SkeletalMesh for Component(CharacterMesh0) Actor(Character_Super_C_0)
[2019.06.04-05.45.05:395][956]LogBlueprintUserMessages: [Character_Super_C_0] 50.0
[2019.06.04-05.45.05:395][956]LogSkinnedMeshComp: Warning: GetSocketByName(muzzleflash_socket): No SkeletalMesh for Component(CharacterMesh0) Actor(Character_Super_C_0)
[2019.06.04-05.45.05:395][956]LogBlueprintUserMessages: [Character_Super_C_0] 50.0
[2019.06.04-05.45.05:395][956]LogSkinnedMeshComp: Warning: GetSocketByName(muzzleflash_socket): No SkeletalMesh for Component(CharacterMesh0) Actor(Character_Super_C_0)
[2019.06.04-05.45.05:395][956]LogBlueprintUserMessages: [Character_Super_C_0] 50.0
[2019.06.04-05.45.05:396][956]LogSkinnedMeshComp: Warning: GetSocketByName(muzzleflash_socket): No SkeletalMesh for Component(CharacterMesh0) Actor(Character_Super_C_0)
[2019.06.04-05.45.05:396][956]LogBlueprintUserMessages: [Character_Super_C_0] 91.388306
[2019.06.04-05.45.05:396][956]LogSkinnedMeshComp: Warning: GetSocketByName(muzzleflash_socket): No SkeletalMesh for Component(CharacterMesh0) Actor(Character_Super_C_0)
[2019.06.04-05.45.05:396][956]LogBlueprintUserMessages: [Character_Super_C_0] 50.0
[2019.06.04-05.45.05:396][956]LogSkinnedMeshComp: Warning: GetSocketByName(muzzleflash_socket): No SkeletalMesh for Component(CharacterMesh0) Actor(Character_Super_C_0)
[2019.06.04-05.45.05:396][956]LogBlueprintUserMessages: [Character_Super_C_0] 50.0
[2019.06.04-05.45.05:396][956]LogSkinnedMeshComp: Warning: GetSocketByName(muzzleflash_socket): No SkeletalMesh for Component(CharacterMesh0) Actor(Character_Super_C_0)
[2019.06.04-05.45.05:396][956]LogBlueprintUserMessages: [Character_Super_C_0] 50.0
[2019.06.04-05.45.05:397][956]LogSkinnedMeshComp: Warning: GetSocketByName(muzzleflash_socket): No SkeletalMesh for Component(CharacterMesh0) Actor(Character_Super_C_0)
[2019.06.04-05.45.05:397][956]LogBlueprintUserMessages: [Character_Super_C_0] 82.578995
[2019.06.04-05.45.05:397][956]LogSkinnedMeshComp: Warning: GetSocketByName(muzzleflash_socket): No SkeletalMesh for Component(CharacterMesh0) Actor(Character_Super_C_0)
[2019.06.04-05.45.05:397][956]LogBlueprintUserMessages: [Character_Super_C_0] 50.0
[2019.06.04-05.45.05:397][956]LogSkinnedMeshComp: Warning: GetSocketByName(muzzleflash_socket): No SkeletalMesh for Component(CharacterMesh0) Actor(Character_Super_C_0)
[2019.06.04-05.45.05:397][956]LogBlueprintUserMessages: [Character_Super_C_0] 50.0
[2019.06.04-05.45.07:497][ 85]LogBlueprintUserMessages: [Character_Super_C_0] anim_spas_fire0_Montage
[2019.06.04-05.45.07:498][ 85]LogSkinnedMeshComp: Warning: GetSocketByName(muzzleflash_socket): No SkeletalMesh for Component(CharacterMesh0) Actor(Character_Super_C_0)
[2019.06.04-05.45.07:498][ 85]LogBlueprintUserMessages: [Character_Super_C_0] 50.0
[2019.06.04-05.45.07:498][ 85]LogSkinnedMeshComp: Warning: GetSocketByName(muzzleflash_socket): No SkeletalMesh for Component(CharacterMesh0) Actor(Character_Super_C_0)
[2019.06.04-05.45.07:498][ 85]LogBlueprintUserMessages: [Character_Super_C_0] 50.0
[2019.06.04-05.45.07:498][ 85]LogSkinnedMeshComp: Warning: GetSocketByName(muzzleflash_socket): No SkeletalMesh for Component(CharacterMesh0) Actor(Character_Super_C_0)
[2019.06.04-05.45.07:499][ 85]LogBlueprintUserMessages: [Character_Super_C_0] 164.380524
[2019.06.04-05.45.07:499][ 85]LogSkinnedMeshComp: Warning: GetSocketByName(muzzleflash_socket): No SkeletalMesh for Component(CharacterMesh0) Actor(Character_Super_C_0)
[2019.06.04-05.45.07:499][ 85]LogBlueprintUserMessages: [Character_Super_C_0] 50.0
[2019.06.04-05.45.07:499][ 85]LogSkinnedMeshComp: Warning: GetSocketByName(muzzleflash_socket): No SkeletalMesh for Component(CharacterMesh0) Actor(Character_Super_C_0)
[2019.06.04-05.45.07:499][ 85]LogBlueprintUserMessages: [Character_Super_C_0] 158.638199
[2019.06.04-05.45.07:499][ 85]LogSkinnedMeshComp: Warning: GetSocketByName(muzzleflash_socket): No SkeletalMesh for Component(CharacterMesh0) Actor(Character_Super_C_0)
[2019.06.04-05.45.07:499][ 85]LogSkinnedMeshComp: Warning: GetSocketByName(muzzleflash_socket): No SkeletalMesh for Component(CharacterMesh0) Actor(Character_Super_C_0)
[2019.06.04-05.45.07:499][ 85]LogBlueprintUserMessages: [Character_Super_C_0] 50.0
[2019.06.04-05.45.07:499][ 85]LogSkinnedMeshComp: Warning: GetSocketByName(muzzleflash_socket): No SkeletalMesh for Component(CharacterMesh0) Actor(Character_Super_C_0)
[2019.06.04-05.45.07:500][ 85]LogBlueprintUserMessages: [Character_Super_C_0] 152.254669
[2019.06.04-05.45.07:500][ 85]LogSkinnedMeshComp: Warning: GetSocketByName(muzzleflash_socket): No SkeletalMesh for Component(CharacterMesh0) Actor(Character_Super_C_0)
[2019.06.04-05.45.07:500][ 85]LogBlueprintUserMessages: [Character_Super_C_0] 50.0
[2019.06.04-05.45.07:500][ 85]LogSkinnedMeshComp: Warning: GetSocketByName(muzzleflash_socket): No SkeletalMesh for Component(CharacterMesh0) Actor(Character_Super_C_0)
[2019.06.04-05.45.07:500][ 85]LogBlueprintUserMessages: [Character_Super_C_0] 50.0
[2019.06.04-05.45.07:500][ 85]LogSkinnedMeshComp: Warning: GetSocketByName(muzzleflash_socket): No SkeletalMesh for Component(CharacterMesh0) Actor(Character_Super_C_0)
[2019.06.04-05.45.07:500][ 85]LogBlueprintUserMessages: [Character_Super_C_0] 50.0
[2019.06.04-05.45.07:500][ 85]LogSkinnedMeshComp: Warning: GetSocketByName(muzzleflash_socket): No SkeletalMesh for Component(CharacterMesh0) Actor(Character_Super_C_0)
[2019.06.04-05.45.07:500][ 85]LogBlueprintUserMessages: [Character_Super_C_0] 50.0
[2019.06.04-05.45.07:501][ 85]LogSkinnedMeshComp: Warning: GetSocketByName(muzzleflash_socket): No SkeletalMesh for Component(CharacterMesh0) Actor(Character_Super_C_0)
[2019.06.04-05.45.07:501][ 85]LogBlueprintUserMessages: [Character_Super_C_0] 50.0
[2019.06.04-05.45.07:501][ 85]LogSkinnedMeshComp: Warning: GetSocketByName(muzzleflash_socket): No SkeletalMesh for Component(CharacterMesh0) Actor(Character_Super_C_0)
[2019.06.04-05.45.07:501][ 85]LogBlueprintUserMessages: [Character_Super_C_0] 164.915604
[2019.06.04-05.45.07:501][ 85]LogSkinnedMeshComp: Warning: GetSocketByName(muzzleflash_socket): No SkeletalMesh for Component(CharacterMesh0) Actor(Character_Super_C_0)
[2019.06.04-05.45.07:501][ 85]LogBlueprintUserMessages: [Character_Super_C_0] 50.0
[2019.06.04-05.45.10:901][295]LogBlueprintUserMessages: [Character_Super_C_0] walther99_shoot_Montage
[2019.06.04-05.45.10:901][295]LogSkinnedMeshComp: Warning: GetSocketByName(muzzleflash_socket): No SkeletalMesh for Component(CharacterMesh0) Actor(Character_Super_C_0)
[2019.06.04-05.45.10:902][295]LogBlueprintUserMessages: [Character_Super_C_0] 250.0
[2019.06.04-05.45.10:902][295]LogBlueprintUserMessages: [Character_Super_C_0] 250.0
[2019.06.04-05.45.11:101][307]LogBlueprintUserMessages: [Character_Super_C_0] walther99_shoot_Montage
[2019.06.04-05.45.11:102][307]LogSkinnedMeshComp: Warning: GetSocketByName(muzzleflash_socket): No SkeletalMesh for Component(CharacterMesh0) Actor(Character_Super_C_0)
[2019.06.04-05.45.11:102][307]LogBlueprintUserMessages: [Character_Super_C_0] 250.0
[2019.06.04-05.45.11:102][307]LogBlueprintUserMessages: [Character_Super_C_0] 250.0
[2019.06.04-05.45.11:328][321]LogBlueprintUserMessages: [Character_Super_C_0] walther99_shoot_Montage
[2019.06.04-05.45.11:328][321]LogSkinnedMeshComp: Warning: GetSocketByName(muzzleflash_socket): No SkeletalMesh for Component(CharacterMesh0) Actor(Character_Super_C_0)
[2019.06.04-05.45.11:328][321]LogBlueprintUserMessages: [Character_Super_C_0] 250.0
[2019.06.04-05.45.11:329][321]LogBlueprintUserMessages: [Character_Super_C_0] 250.0
[2019.06.04-05.45.11:522][333]LogBlueprintUserMessages: [Character_Super_C_0] walther99_shoot_Montage
[2019.06.04-05.45.11:523][333]LogSkinnedMeshComp: Warning: GetSocketByName(muzzleflash_socket): No SkeletalMesh for Component(CharacterMesh0) Actor(Character_Super_C_0)
[2019.06.04-05.45.11:523][333]LogBlueprintUserMessages: [Character_Super_C_0] 250.0
[2019.06.04-05.45.11:523][333]LogBlueprintUserMessages: [Character_Super_C_0] 102.031052
[2019.06.04-05.45.11:716][345]LogBlueprintUserMessages: [Character_Super_C_0] walther99_shoot_Montage
[2019.06.04-05.45.11:716][345]LogSkinnedMeshComp: Warning: GetSocketByName(muzzleflash_socket): No SkeletalMesh for Component(CharacterMesh0) Actor(Character_Super_C_0)
[2019.06.04-05.45.11:716][345]LogBlueprintUserMessages: [Character_Super_C_0] 250.0
[2019.06.04-05.45.11:716][345]LogBlueprintUserMessages: [Character_Super_C_0] 85.619431
[2019.06.04-05.45.11:893][356]LogBlueprintUserMessages: [Character_Super_C_0] walther99_shoot_Montage
[2019.06.04-05.45.11:894][356]LogSkinnedMeshComp: Warning: GetSocketByName(muzzleflash_socket): No SkeletalMesh for Component(CharacterMesh0) Actor(Character_Super_C_0)
[2019.06.04-05.45.11:894][356]LogBlueprintUserMessages: [Character_Super_C_0] 250.0
[2019.06.04-05.45.11:894][356]LogBlueprintUserMessages: [Character_Super_C_0] 71.740356
[2019.06.04-05.45.12:087][368]LogBlueprintUserMessages: [Character_Super_C_0] walther99_shoot_Montage
[2019.06.04-05.45.12:087][368]LogSkinnedMeshComp: Warning: GetSocketByName(muzzleflash_socket): No SkeletalMesh for Component(CharacterMesh0) Actor(Character_Super_C_0)
[2019.06.04-05.45.12:088][368]LogBlueprintUserMessages: [Character_Super_C_0] 250.0
[2019.06.04-05.45.12:088][368]LogBlueprintUserMessages: [Character_Super_C_0] 57.132996
[2019.06.04-05.45.14:831][535]LogBlueprintUserMessages: [Character_Super_C_0] 8
[2019.06.04-05.45.14:848][536]LogBlueprintUserMessages: [Character_Super_C_0] walther99_shoot_Montage
[2019.06.04-05.45.14:848][536]LogSkinnedMeshComp: Warning: GetSocketByName(muzzleflash_socket): No SkeletalMesh for Component(CharacterMesh0) Actor(Character_Super_C_0)
[2019.06.04-05.45.14:848][536]LogBlueprintUserMessages: [Character_Super_C_0] 62.487259
[2019.06.04-05.45.15:186][557]LogBlueprintUserMessages: [Character_Super_C_0] walther99_shoot_Montage
[2019.06.04-05.45.15:186][557]LogSkinnedMeshComp: Warning: GetSocketByName(muzzleflash_socket): No SkeletalMesh for Component(CharacterMesh0) Actor(Character_Super_C_0)
[2019.06.04-05.45.15:186][557]LogBlueprintUserMessages: [Character_Super_C_0] 83.702667
[2019.06.04-05.45.15:613][581]LogBlueprintUserMessages: [Character_Super_C_0] walther99_shoot_Montage
[2019.06.04-05.45.15:614][581]LogSkinnedMeshComp: Warning: GetSocketByName(muzzleflash_socket): No SkeletalMesh for Component(CharacterMesh0) Actor(Character_Super_C_0)
[2019.06.04-05.45.15:614][581]LogBlueprintUserMessages: [Character_Super_C_0] 108.795822
[2019.06.04-05.45.15:839][595]LogBlueprintUserMessages: [Character_Super_C_0] walther99_shoot_Montage
[2019.06.04-05.45.15:840][595]LogSkinnedMeshComp: Warning: GetSocketByName(muzzleflash_socket): No SkeletalMesh for Component(CharacterMesh0) Actor(Character_Super_C_0)
[2019.06.04-05.45.15:840][595]LogBlueprintUserMessages: [Character_Super_C_0] 107.760574
[2019.06.04-05.45.16:049][608]LogBlueprintUserMessages: [Character_Super_C_0] walther99_shoot_Montage
[2019.06.04-05.45.16:050][608]LogSkinnedMeshComp: Warning: GetSocketByName(muzzleflash_socket): No SkeletalMesh for Component(CharacterMesh0) Actor(Character_Super_C_0)
[2019.06.04-05.45.16:050][608]LogBlueprintUserMessages: [Character_Super_C_0] 108.010376
[2019.06.04-05.45.16:259][621]LogBlueprintUserMessages: [Character_Super_C_0] walther99_shoot_Montage
[2019.06.04-05.45.16:259][621]LogSkinnedMeshComp: Warning: GetSocketByName(muzzleflash_socket): No SkeletalMesh for Component(CharacterMesh0) Actor(Character_Super_C_0)
[2019.06.04-05.45.16:260][621]LogBlueprintUserMessages: [Character_Super_C_0] 108.481277
[2019.06.04-05.45.16:743][651]LogBlueprintUserMessages: [Character_Super_C_0] walther99_shoot_Montage
[2019.06.04-05.45.16:744][651]LogSkinnedMeshComp: Warning: GetSocketByName(muzzleflash_socket): No SkeletalMesh for Component(CharacterMesh0) Actor(Character_Super_C_0)
[2019.06.04-05.45.16:744][651]LogBlueprintUserMessages: [Character_Super_C_0] 99.656143
[2019.06.04-05.45.17:469][696]LogBlueprintUserMessages: [Character_Super_C_0] walther99_shoot_Montage
[2019.06.04-05.45.17:470][696]LogSkinnedMeshComp: Warning: GetSocketByName(muzzleflash_socket): No SkeletalMesh for Component(CharacterMesh0) Actor(Character_Super_C_0)
[2019.06.04-05.45.17:470][696]LogBlueprintUserMessages: [Character_Super_C_0] 50.0
[2019.06.04-05.45.20:190][864]LogBlueprintUserMessages: [Character_Super_C_0] 8
[2019.06.04-05.45.20:335][873]LogBlueprintUserMessages: [Character_Super_C_0] walther99_shoot_Montage
[2019.06.04-05.45.20:335][873]LogSkinnedMeshComp: Warning: GetSocketByName(muzzleflash_socket): No SkeletalMesh for Component(CharacterMesh0) Actor(Character_Super_C_0)
[2019.06.04-05.45.20:336][873]LogBlueprintUserMessages: [Character_Super_C_0] 50.0
[2019.06.04-05.45.20:754][899]LogBlueprintUserMessages: [Character_Super_C_0] walther99_shoot_Montage
[2019.06.04-05.45.20:755][899]LogSkinnedMeshComp: Warning: GetSocketByName(muzzleflash_socket): No SkeletalMesh for Component(CharacterMesh0) Actor(Character_Super_C_0)
[2019.06.04-05.45.20:755][899]LogBlueprintUserMessages: [Character_Super_C_0] 50.0
[2019.06.04-05.45.21:047][917]LogBlueprintUserMessages: [Character_Super_C_0] walther99_shoot_Montage
[2019.06.04-05.45.21:048][917]LogSkinnedMeshComp: Warning: GetSocketByName(muzzleflash_socket): No SkeletalMesh for Component(CharacterMesh0) Actor(Character_Super_C_0)
[2019.06.04-05.45.21:048][917]LogBlueprintUserMessages: [Character_Super_C_0] 50.0
[2019.06.04-05.45.22:049][979]LogBlueprintUserMessages: [Character_Super_C_0] walther99_shoot_Montage
[2019.06.04-05.45.22:050][979]LogSkinnedMeshComp: Warning: GetSocketByName(muzzleflash_socket): No SkeletalMesh for Component(CharacterMesh0) Actor(Character_Super_C_0)
[2019.06.04-05.45.22:050][979]LogBlueprintUserMessages: [Character_Super_C_0] 50.0
[2019.06.04-05.45.22:420][  2]LogBlueprintUserMessages: [Character_Super_C_0] walther99_shoot_Montage
[2019.06.04-05.45.22:421][  2]LogSkinnedMeshComp: Warning: GetSocketByName(muzzleflash_socket): No SkeletalMesh for Component(CharacterMesh0) Actor(Character_Super_C_0)
[2019.06.04-05.45.22:421][  2]LogBlueprintUserMessages: [Character_Super_C_0] 50.0
[2019.06.04-05.45.22:694][ 19]LogBlueprintUserMessages: [Character_Super_C_0] walther99_shoot_Montage
[2019.06.04-05.45.22:695][ 19]LogSkinnedMeshComp: Warning: GetSocketByName(muzzleflash_socket): No SkeletalMesh for Component(CharacterMesh0) Actor(Character_Super_C_0)
[2019.06.04-05.45.22:695][ 19]LogBlueprintUserMessages: [Character_Super_C_0] 50.0
[2019.06.04-05.45.23:049][ 41]LogBlueprintUserMessages: [Character_Super_C_0] walther99_shoot_Montage
[2019.06.04-05.45.23:050][ 41]LogSkinnedMeshComp: Warning: GetSocketByName(muzzleflash_socket): No SkeletalMesh for Component(CharacterMesh0) Actor(Character_Super_C_0)
[2019.06.04-05.45.23:050][ 41]LogBlueprintUserMessages: [Character_Super_C_0] 50.0
[2019.06.04-05.45.23:469][ 67]LogBlueprintUserMessages: [Character_Super_C_0] walther99_shoot_Montage
[2019.06.04-05.45.23:469][ 67]LogSkinnedMeshComp: Warning: GetSocketByName(muzzleflash_socket): No SkeletalMesh for Component(CharacterMesh0) Actor(Character_Super_C_0)
[2019.06.04-05.45.23:469][ 67]LogBlueprintUserMessages: [Character_Super_C_0] 50.0
[2019.06.04-05.45.26:212][237]LogBlueprintUserMessages: [Character_Super_C_0] 8
[2019.06.04-05.45.31:535][567]LogBlueprintUserMessages: [Character_Super_C_0] walther99_shoot_Montage
[2019.06.04-05.45.31:536][567]LogSkinnedMeshComp: Warning: GetSocketByName(muzzleflash_socket): No SkeletalMesh for Component(CharacterMesh0) Actor(Character_Super_C_0)
[2019.06.04-05.45.31:536][567]LogBlueprintUserMessages: [Character_Super_C_0] 50.0
[2019.06.04-05.45.31:762][581]LogBlueprintUserMessages: [Character_Super_C_0] walther99_shoot_Montage
[2019.06.04-05.45.31:762][581]LogSkinnedMeshComp: Warning: GetSocketByName(muzzleflash_socket): No SkeletalMesh for Component(CharacterMesh0) Actor(Character_Super_C_0)
[2019.06.04-05.45.31:762][581]LogBlueprintUserMessages: [Character_Super_C_0] 50.0
[2019.06.04-05.45.31:939][592]LogBlueprintUserMessages: [Character_Super_C_0] walther99_shoot_Montage
[2019.06.04-05.45.31:940][592]LogSkinnedMeshComp: Warning: GetSocketByName(muzzleflash_socket): No SkeletalMesh for Component(CharacterMesh0) Actor(Character_Super_C_0)
[2019.06.04-05.45.31:940][592]LogBlueprintUserMessages: [Character_Super_C_0] 50.0
[2019.06.04-05.45.32:133][604]LogBlueprintUserMessages: [Character_Super_C_0] walther99_shoot_Montage
[2019.06.04-05.45.32:133][604]LogSkinnedMeshComp: Warning: GetSocketByName(muzzleflash_socket): No SkeletalMesh for Component(CharacterMesh0) Actor(Character_Super_C_0)
[2019.06.04-05.45.32:133][604]LogBlueprintUserMessages: [Character_Super_C_0] 50.0
[2019.06.04-05.45.32:310][615]LogBlueprintUserMessages: [Character_Super_C_0] walther99_shoot_Montage
[2019.06.04-05.45.32:311][615]LogSkinnedMeshComp: Warning: GetSocketByName(muzzleflash_socket): No SkeletalMesh for Component(CharacterMesh0) Actor(Character_Super_C_0)
[2019.06.04-05.45.32:311][615]LogBlueprintUserMessages: [Character_Super_C_0] 50.0
[2019.06.04-05.45.32:634][635]LogBlueprintUserMessages: [Character_Super_C_0] walther99_shoot_Montage
[2019.06.04-05.45.32:635][635]LogSkinnedMeshComp: Warning: GetSocketByName(muzzleflash_socket): No SkeletalMesh for Component(CharacterMesh0) Actor(Character_Super_C_0)
[2019.06.04-05.45.32:635][635]LogBlueprintUserMessages: [Character_Super_C_0] 50.0
[2019.06.04-05.45.32:844][648]LogBlueprintUserMessages: [Character_Super_C_0] walther99_shoot_Montage
[2019.06.04-05.45.32:844][648]LogSkinnedMeshComp: Warning: GetSocketByName(muzzleflash_socket): No SkeletalMesh for Component(CharacterMesh0) Actor(Character_Super_C_0)
[2019.06.04-05.45.32:844][648]LogBlueprintUserMessages: [Character_Super_C_0] 50.0
[2019.06.04-05.45.33:232][672]LogBlueprintUserMessages: [Character_Super_C_0] walther99_shoot_Montage
[2019.06.04-05.45.33:233][672]LogSkinnedMeshComp: Warning: GetSocketByName(muzzleflash_socket): No SkeletalMesh for Component(CharacterMesh0) Actor(Character_Super_C_0)
[2019.06.04-05.45.33:233][672]LogBlueprintUserMessages: [Character_Super_C_0] 50.0
[2019.06.04-05.45.35:969][841]LogBlueprintUserMessages: [Character_Super_C_0] 8
[2019.06.04-05.45.36:195][855]LogBlueprintUserMessages: [Character_Super_C_0] walther99_shoot_Montage
[2019.06.04-05.45.36:195][855]LogSkinnedMeshComp: Warning: GetSocketByName(muzzleflash_socket): No SkeletalMesh for Component(CharacterMesh0) Actor(Character_Super_C_0)
[2019.06.04-05.45.36:195][855]LogBlueprintUserMessages: [Character_Super_C_0] 50.0
[2019.06.04-05.45.36:406][868]LogBlueprintUserMessages: [Character_Super_C_0] walther99_shoot_Montage
[2019.06.04-05.45.36:407][868]LogSkinnedMeshComp: Warning: GetSocketByName(muzzleflash_socket): No SkeletalMesh for Component(CharacterMesh0) Actor(Character_Super_C_0)
[2019.06.04-05.45.36:407][868]LogBlueprintUserMessages: [Character_Super_C_0] 50.0
[2019.06.04-05.45.36:632][882]LogBlueprintUserMessages: [Character_Super_C_0] walther99_shoot_Montage
[2019.06.04-05.45.36:633][882]LogSkinnedMeshComp: Warning: GetSocketByName(muzzleflash_socket): No SkeletalMesh for Component(CharacterMesh0) Actor(Character_Super_C_0)
[2019.06.04-05.45.36:633][882]LogBlueprintUserMessages: [Character_Super_C_0] 50.0
[2019.06.04-05.45.36:987][904]LogBlueprintUserMessages: [Character_Super_C_0] walther99_shoot_Montage
[2019.06.04-05.45.36:988][904]LogSkinnedMeshComp: Warning: GetSocketByName(muzzleflash_socket): No SkeletalMesh for Component(CharacterMesh0) Actor(Character_Super_C_0)
[2019.06.04-05.45.36:988][904]LogBlueprintUserMessages: [Character_Super_C_0] 50.0
[2019.06.04-05.45.37:358][927]LogBlueprintUserMessages: [Character_Super_C_0] walther99_shoot_Montage
[2019.06.04-05.45.37:359][927]LogSkinnedMeshComp: Warning: GetSocketByName(muzzleflash_socket): No SkeletalMesh for Component(CharacterMesh0) Actor(Character_Super_C_0)
[2019.06.04-05.45.37:359][927]LogBlueprintUserMessages: [Character_Super_C_0] 250.0
[2019.06.04-05.45.39:020][ 30]LogBlueprintUserMessages: [Character_Super_C_0] walther99_shoot_Montage
[2019.06.04-05.45.39:021][ 30]LogSkinnedMeshComp: Warning: GetSocketByName(muzzleflash_socket): No SkeletalMesh for Component(CharacterMesh0) Actor(Character_Super_C_0)
[2019.06.04-05.45.39:021][ 30]LogBlueprintUserMessages: [Character_Super_C_0] 50.0
[2019.06.04-05.45.39:456][ 57]LogBlueprintUserMessages: [Character_Super_C_0] walther99_shoot_Montage
[2019.06.04-05.45.39:456][ 57]LogSkinnedMeshComp: Warning: GetSocketByName(muzzleflash_socket): No SkeletalMesh for Component(CharacterMesh0) Actor(Character_Super_C_0)
[2019.06.04-05.45.39:456][ 57]LogBlueprintUserMessages: [Character_Super_C_0] 250.0
[2019.06.04-05.45.39:457][ 57]LogBlueprintUserMessages: [Character_Super_C_0] 50.0
[2019.06.04-05.45.43:424][303]LogBlueprintUserMessages: [Character_Super_C_0] walther99_shoot_Montage
[2019.06.04-05.45.43:425][303]LogSkinnedMeshComp: Warning: GetSocketByName(muzzleflash_socket): No SkeletalMesh for Component(CharacterMesh0) Actor(Character_Super_C_0)
[2019.06.04-05.45.43:425][303]LogBlueprintUserMessages: [Character_Super_C_0] 195.61116
[2019.06.04-05.45.53:878][951]LogSlate: FSceneViewport::OnFocusLost() reason 0
[2019.06.04-05.45.55:265][ 21]LogPackageName: SearchForPackageOnDisk took   0.256s to resolve MainMenu.umap.
[2019.06.04-05.45.55:508][ 22]LogPackageName: SearchForPackageOnDisk took   0.242s to resolve MainMenu.umap.
[2019.06.04-05.45.55:508][ 22]LogNet: Browse: /Game/Levels/MainMenu
[2019.06.04-05.45.55:509][ 22]LogLoad: LoadMap: /Game/Levels/MainMenu
[2019.06.04-05.45.55:789][ 22]LogAIModule: Creating AISystem for world MainMenu
[2019.06.04-05.45.55:790][ 22]LogLoad: Game class is 'GameMode'
[2019.06.04-05.45.55:794][ 22]LogWorld: Bringing World /Game/Levels/MainMenu.MainMenu up for play (max tick rate 0) at 2019.06.04-08.45.55
[2019.06.04-05.45.55:794][ 22]LogWorld: Bringing up level for play took: 0.003337
[2019.06.04-05.45.55:795][ 22]LogGameMode: FindPlayerStart: PATHS NOT DEFINED or NO PLAYERSTART with positive rating
[2019.06.04-05.45.55:796][ 22]LogGameMode: Display: Match State Changed from EnteringMap to WaitingToStart
[2019.06.04-05.45.55:796][ 22]LogGameState: Match State Changed from EnteringMap to WaitingToStart
[2019.06.04-05.45.55:796][ 22]LogGameMode: Display: Match State Changed from WaitingToStart to InProgress
[2019.06.04-05.45.55:799][ 22]LogGameState: Match State Changed from WaitingToStart to InProgress
[2019.06.04-05.45.55:799][ 22]LogLoad: Took 0.290708 seconds to LoadMap(/Game/Levels/MainMenu)
[2019.06.04-05.45.55:800][ 22]LogAudio: Warning: Detected orphaned looping sound 'menu_theme_2'.
[2019.06.04-05.50.47:042][ 50]LogInit: XAudio2 using 'Наушники (Устройство с поддержкой High Definition Audio)' : 2 channels at 44.1 kHz using 16 bits per sample (channel mask 0x3)
[2019.06.04-05.51.02:711][ 17]LogAudio: Warning: Current Audio Device with ID {0.0.0.00000000}.{a305d66f-0691-4d12-88ed-f39ee72c061d} was removed. Shutting down audio device.
[2019.06.04-05.51.02:711][ 17]LogInit: XAudio2 using 'Динамики (Устройство с поддержкой High Definition Audio)' : 2 channels at 44.1 kHz using 16 bits per sample (channel mask 0x3)
[2019.06.04-05.51.09:908][460]LogInit: XAudio2 using 'Наушники (Устройство с поддержкой High Definition Audio)' : 2 channels at 44.1 kHz using 16 bits per sample (channel mask 0x3)
[2019.06.04-05.51.12:870][640]LogAudio: Warning: Current Audio Device with ID {0.0.0.00000000}.{a305d66f-0691-4d12-88ed-f39ee72c061d} was removed. Shutting down audio device.
[2019.06.04-05.51.12:870][640]LogInit: XAudio2 using 'Динамики (Устройство с поддержкой High Definition Audio)' : 2 channels at 44.1 kHz using 16 bits per sample (channel mask 0x3)
[2019.06.04-05.51.28:732][526]LogSlate: FSceneViewport::OnFocusLost() reason 0
[2019.06.04-05.51.28:878][535]Closing by request
[2019.06.04-05.51.28:878][535]LogWindows: FPlatformMisc::RequestExit(0)
[2019.06.04-05.51.29:464][536]LogSlate: Window 'Norilsk_Weapons (64-bit Development PCD3D_SM5) ' being destroyed
[2019.06.04-05.51.29:854][536]LogExit: Preparing to exit.
[2019.06.04-05.51.29:854][536]LogMoviePlayer: Shutting down movie player
[2019.06.04-05.51.30:940][536]LogSlate: Updating window title bar state: overlay mode, drag disabled, window buttons hidden, title bar hidden
[2019.06.04-05.51.30:953][536]LogExit: Game engine shut down
[2019.06.04-05.51.31:391][536]LogExit: Object subsystem successfully closed.
[2019.06.04-05.51.31:405][536]LogShaderCompilers: Display: Shaders left to compile 0
[2019.06.04-05.51.31:409][536]LogD3D11RHI: Shutdown
[2019.06.04-05.51.31:409][536]LogD3D11RHI: CleanupD3DDevice
[2019.06.04-05.51.31:410][536]LogD3D11RHI: ~FD3D11DynamicRHI
[2019.06.04-05.51.31:422][536]LogModuleManager: Shutting down and abandoning module SequenceRecorderSections (376)
[2019.06.04-05.51.31:422][536]LogModuleManager: Shutting down and abandoning module SequenceRecorder (374)
[2019.06.04-05.51.31:422][536]LogModuleManager: Shutting down and abandoning module AutomationController (372)
[2019.06.04-05.51.31:422][536]LogModuleManager: Shutting down and abandoning module AutomationWorker (370)
[2019.06.04-05.51.31:422][536]LogModuleManager: Shutting down and abandoning module Voice (368)
[2019.06.04-05.51.31:422][536]LogModuleManager: Shutting down and abandoning module AIModule (366)
[2019.06.04-05.51.31:423][536]LogModuleManager: Shutting down and abandoning module GameplayDebugger (365)
[2019.06.04-05.51.31:423][536]LogModuleManager: Shutting down and abandoning module AITestSuite (363)
[2019.06.04-05.51.31:423][536]LogModuleManager: Shutting down and abandoning module NavigationSystem (361)
[2019.06.04-05.51.31:423][536]LogModuleManager: Shutting down and abandoning module WmfMediaFactory (358)
[2019.06.04-05.51.31:423][536]LogModuleManager: Shutting down and abandoning module OpenExrWrapper (356)
[2019.06.04-05.51.31:423][536]LogModuleManager: Shutting down and abandoning module ImgMediaFactory (354)
[2019.06.04-05.51.31:423][536]LogModuleManager: Shutting down and abandoning module AvfMediaFactory (352)
[2019.06.04-05.51.31:423][536]LogModuleManager: Shutting down and abandoning module MagicLeapCameraPreviewFactory (350)
[2019.06.04-05.51.31:423][536]LogModuleManager: Shutting down and abandoning module MagicLeapMediaFactory (348)
[2019.06.04-05.51.31:423][536]LogModuleManager: Shutting down and abandoning module CharacterAI (346)
[2019.06.04-05.51.31:423][536]LogModuleManager: Shutting down and abandoning module SessionServices (344)
[2019.06.04-05.51.31:423][536]LogModuleManager: Shutting down and abandoning module MovieSceneCapture (342)
[2019.06.04-05.51.31:423][536]LogModuleManager: Shutting down and abandoning module MovieSceneTracks (340)
[2019.06.04-05.51.31:423][536]LogModuleManager: Shutting down and abandoning module MovieScene (338)
[2019.06.04-05.51.31:423][536]LogModuleManager: Shutting down and abandoning module StreamingPauseRendering (336)
[2019.06.04-05.51.31:423][536]LogModuleManager: Shutting down and abandoning module PortalServices (334)
[2019.06.04-05.51.31:423][536]LogModuleManager: Shutting down and abandoning module PortalRpc (332)
[2019.06.04-05.51.31:423][536]LogModuleManager: Shutting down and abandoning module MessagingRpc (330)
[2019.06.04-05.51.31:423][536]LogModuleManager: Shutting down and abandoning module ProfilerService (328)
[2019.06.04-05.51.31:609][536]LogModuleManager: Shutting down and abandoning module TaskGraph (326)
[2019.06.04-05.51.31:609][536]LogModuleManager: Shutting down and abandoning module SteamVRController (324)
[2019.06.04-05.51.31:609][536]LogModuleManager: Shutting down and abandoning module ProceduralMeshComponent (322)
[2019.06.04-05.51.31:609][536]LogModuleManager: Shutting down and abandoning module OculusInput (320)
[2019.06.04-05.51.31:609][536]LogModuleManager: Shutting down and abandoning module MobilePatchingUtils (318)
[2019.06.04-05.51.31:609][536]LogModuleManager: Shutting down and abandoning module EditableMesh (316)
[2019.06.04-05.51.31:609][536]LogModuleManager: Shutting down and abandoning module CustomMeshComponent (314)
[2019.06.04-05.51.31:609][536]LogModuleManager: Shutting down and abandoning module CableComponent (312)
[2019.06.04-05.51.31:609][536]LogModuleManager: Shutting down and abandoning module AudioCapture (310)
[2019.06.04-05.51.31:610][536]LogModuleManager: Shutting down and abandoning module ArchVisCharacter (308)
[2019.06.04-05.51.31:610][536]LogModuleManager: Shutting down and abandoning module AndroidPermission (306)
[2019.06.04-05.51.31:610][536]LogModuleManager: Shutting down and abandoning module NUTUnrealEngine4 (304)
[2019.06.04-05.51.31:610][536]LogModuleManager: Shutting down and abandoning module NetcodeUnitTest (302)
[2019.06.04-05.51.31:610][536]LogModuleManager: Shutting down and abandoning module MediaCompositing (300)
[2019.06.04-05.51.31:610][536]LogModuleManager: Shutting down and abandoning module LinearTimecode (298)
[2019.06.04-05.51.31:610][536]LogModuleManager: Shutting down and abandoning module ImgMedia (296)
[2019.06.04-05.51.31:614][536]LogModuleManager: Shutting down and abandoning module HTML5Networking (294)
[2019.06.04-05.51.31:614][536]LogModuleManager: Shutting down and abandoning module GeometryCacheTracks (292)
[2019.06.04-05.51.31:614][536]LogModuleManager: Shutting down and abandoning module GeometryCacheSequencer (291)
[2019.06.04-05.51.31:614][536]LogModuleManager: Shutting down and abandoning module GeometryCache (288)
[2019.06.04-05.51.31:614][536]LogModuleManager: Shutting down and abandoning module GeometryCacheEd (287)
[2019.06.04-05.51.31:614][536]LogModuleManager: Shutting down and abandoning module BackChannel (284)
[2019.06.04-05.51.31:614][536]LogModuleManager: Shutting down and abandoning module AppleVision (282)
[2019.06.04-05.51.31:614][536]LogModuleManager: Shutting down and abandoning module AppleImageUtils (280)
[2019.06.04-05.51.31:614][536]LogModuleManager: Shutting down and abandoning module DatasmithContent (278)
[2019.06.04-05.51.31:615][536]LogModuleManager: Shutting down and abandoning module CryptoKeysOpenSSL (276)
[2019.06.04-05.51.31:615][536]LogModuleManager: Shutting down and abandoning module CryptoKeys (274)
[2019.06.04-05.51.31:615][536]LogModuleManager: Shutting down and abandoning module VisualStudioSourceCodeAccess (272)
[2019.06.04-05.51.31:615][536]LogModuleManager: Shutting down and abandoning module HotReload (271)
[2019.06.04-05.51.31:615][536]LogModuleManager: Shutting down and abandoning module DirectoryWatcher (270)
[2019.06.04-05.51.31:615][536]LogModuleManager: Shutting down and abandoning module VisualStudioCodeSourceCodeAccess (266)
[2019.06.04-05.51.31:615][536]LogModuleManager: Shutting down and abandoning module UObjectPlugin (264)
[2019.06.04-05.51.31:615][536]LogModuleManager: Shutting down and abandoning module SubversionSourceControl (262)
[2019.06.04-05.51.31:615][536]LogModuleManager: Shutting down and abandoning module PerforceSourceControl (260)
[2019.06.04-05.51.31:616][536]LogModuleManager: Shutting down and abandoning module SourceControl (259)
[2019.06.04-05.51.31:616][536]LogModuleManager: Shutting down and abandoning module CLionSourceCodeAccess (256)
[2019.06.04-05.51.31:616][536]LogModuleManager: Shutting down and abandoning module RuntimePhysXCooking (254)
[2019.06.04-05.51.31:616][536]LogModuleManager: Shutting down and abandoning module PhysXVehiclesEditor (252)
[2019.06.04-05.51.31:616][536]LogModuleManager: Shutting down and abandoning module PhysXVehicles (250)
[2019.06.04-05.51.31:616][536]LogModuleManager: Shutting down and abandoning module LocationServicesBPLibrary (248)
[2019.06.04-05.51.31:616][536]LogModuleManager: Shutting down and abandoning module ImmediatePhysicsEditor (246)
[2019.06.04-05.51.31:616][536]LogModuleManager: Shutting down and abandoning module ImmediatePhysics (244)
[2019.06.04-05.51.31:616][536]LogModuleManager: Shutting down and abandoning module ActorSequence (242)
[2019.06.04-05.51.31:616][536]LogModuleManager: Shutting down and abandoning module UdpMessaging (240)
[2019.06.04-05.51.31:716][536]LogModuleManager: Shutting down and abandoning module TcpMessaging (238)
[2019.06.04-05.51.31:885][536]LogModuleManager: Shutting down and abandoning module MagicLeapAudio (236)
[2019.06.04-05.51.31:885][536]LogModuleManager: Shutting down and abandoning module GameplayTagsEditor (234)
[2019.06.04-05.51.31:886][536]LogModuleManager: Shutting down and abandoning module FacialAnimation (232)
[2019.06.04-05.51.31:886][536]LogModuleManager: Shutting down and abandoning module DataValidation (230)
[2019.06.04-05.51.31:886][536]LogModuleManager: Shutting down and abandoning module AssetManagerEditor (228)
[2019.06.04-05.51.31:886][536]LogModuleManager: Shutting down and abandoning module TreeMap (227)
[2019.06.04-05.51.31:886][536]LogModuleManager: Shutting down and abandoning module LightPropagationVolumeRuntime (224)
[2019.06.04-05.51.31:886][536]LogModuleManager: Shutting down and abandoning module AISupportModule (222)
[2019.06.04-05.51.31:886][536]LogModuleManager: Shutting down and abandoning module Paper2D (220)
[2019.06.04-05.51.31:886][536]LogModuleManager: Shutting down and abandoning module PIEPreviewDeviceProfileSelector (218)
[2019.06.04-05.51.31:886][536]LogModuleManager: Shutting down and abandoning module WindowsMoviePlayer (216)
[2019.06.04-05.51.31:886][536]LogModuleManager: Shutting down and abandoning module WmfMedia (214)
[2019.06.04-05.51.31:886][536]LogModuleManager: Shutting down and abandoning module Media (213)
[2019.06.04-05.51.31:891][536]LogModuleManager: Shutting down and abandoning module PacketHandler (210)
[2019.06.04-05.51.31:891][536]LogModuleManager: Shutting down and abandoning module ClothingSystemEditor (208)
[2019.06.04-05.51.31:891][536]LogModuleManager: Shutting down and abandoning module ClothingSystemRuntime (206)
[2019.06.04-05.51.31:891][536]LogModuleManager: Shutting down and abandoning module MediaAssets (204)
[2019.06.04-05.51.31:891][536]LogModuleManager: Shutting down and abandoning module Overlay (202)
[2019.06.04-05.51.31:891][536]LogModuleManager: Shutting down and abandoning module OverlayEditor (201)
[2019.06.04-05.51.31:891][536]LogModuleManager: Shutting down and abandoning module VREditor (198)
[2019.06.04-05.51.31:891][536]LogModuleManager: Shutting down and abandoning module StringTableEditor (196)
[2019.06.04-05.51.31:891][536]LogModuleManager: Shutting down and abandoning module GameplayTasksEditor (194)
[2019.06.04-05.51.31:891][536]LogModuleManager: Shutting down and abandoning module BehaviorTreeEditor (192)
[2019.06.04-05.51.31:891][536]LogModuleManager: Shutting down and abandoning module FunctionalTesting (190)
[2019.06.04-05.51.31:891][536]LogModuleManager: Shutting down and abandoning module CollisionAnalyzer (188)
[2019.06.04-05.51.31:892][536]LogModuleManager: Shutting down and abandoning module WorkspaceMenuStructure (187)
[2019.06.04-05.51.31:892][536]LogModuleManager: Shutting down and abandoning module UMG (184)
[2019.06.04-05.51.31:892][536]LogModuleManager: Shutting down and abandoning module UMGEditor (183)
[2019.06.04-05.51.31:892][536]LogModuleManager: Shutting down and abandoning module Sequencer (182)
[2019.06.04-05.51.31:892][536]LogModuleManager: Shutting down and abandoning module MessageLog (179)
[2019.06.04-05.51.31:892][536]LogModuleManager: Shutting down and abandoning module SlateReflector (174)
[2019.06.04-05.51.31:892][536]LogModuleManager: Shutting down and abandoning module Slate (172)
[2019.06.04-05.51.31:892][536]LogModuleManager: Shutting down and abandoning module EditorStyle (170)
[2019.06.04-05.51.31:894][536]LogModuleManager: Shutting down and abandoning module MRMesh (168)
[2019.06.04-05.51.31:894][536]LogModuleManager: Shutting down and abandoning module Messaging (166)
[2019.06.04-05.51.31:894][536]LogModuleManager: Shutting down and abandoning module SourceCodeAccess (164)
[2019.06.04-05.51.31:894][536]LogModuleManager: Shutting down and abandoning module HeadMountedDisplay (162)
[2019.06.04-05.51.31:894][536]LogModuleManager: Shutting down and abandoning module XAudio2 (160)
[2019.06.04-05.51.31:894][536]LogModuleManager: Shutting down and abandoning module Networking (158)
[2019.06.04-05.51.31:894][536]LogModuleManager: Shutting down and abandoning module Core (156)
[2019.06.04-05.51.31:894][536]LogModuleManager: Shutting down and abandoning module LevelSequence (154)
[2019.06.04-05.51.31:894][536]LogModuleManager: Shutting down and abandoning module KismetCompiler (152)
[2019.06.04-05.51.31:894][536]LogModuleManager: Shutting down and abandoning module MeshUtilities (150)
[2019.06.04-05.51.31:894][536]LogModuleManager: Shutting down and abandoning module MeshMergeUtilities (149)
[2019.06.04-05.51.31:894][536]LogModuleManager: Shutting down and abandoning module MeshReductionInterface (148)
[2019.06.04-05.51.31:894][536]LogModuleManager: Shutting down and abandoning module SimplygonSwarm (147)
[2019.06.04-05.51.31:894][536]LogModuleManager: Shutting down and abandoning module ProxyLODMeshReduction (145)
[2019.06.04-05.51.31:894][536]LogModuleManager: Shutting down and abandoning module SimplygonMeshReduction (143)
[2019.06.04-05.51.31:894][536]LogModuleManager: Shutting down and abandoning module QuadricMeshReduction (141)
[2019.06.04-05.51.31:894][536]LogModuleManager: Shutting down and abandoning module MaterialBaking (137)
[2019.06.04-05.51.31:895][536]LogModuleManager: Shutting down and abandoning module DerivedDataCache (132)
[2019.06.04-05.51.31:976][536]LogDerivedDataCache: Shutdown
[2019.06.04-05.51.31:976][536]LogModuleManager: Shutting down and abandoning module XGEController (130)
[2019.06.04-05.51.31:976][536]LogModuleManager: Shutting down and abandoning module TargetPlatform (128)
[2019.06.04-05.51.31:976][536]LogModuleManager: Shutting down and abandoning module VulkanShaderFormat (127)
[2019.06.04-05.51.31:976][536]LogModuleManager: Shutting down and abandoning module ShaderFormatVectorVM (125)
[2019.06.04-05.51.31:976][536]LogModuleManager: Shutting down and abandoning module ShaderFormatOpenGL (123)
[2019.06.04-05.51.31:976][536]LogModuleManager: Shutting down and abandoning module ShaderFormatD3D (121)
[2019.06.04-05.51.31:976][536]LogModuleManager: Shutting down and abandoning module MetalShaderFormat (119)
[2019.06.04-05.51.31:977][536]LogModuleManager: Shutting down and abandoning module TextureFormatUncompressed (117)
[2019.06.04-05.51.31:977][536]LogModuleManager: Shutting down and abandoning module TextureFormatPVR (115)
[2019.06.04-05.51.31:977][536]LogModuleManager: Shutting down and abandoning module TextureFormatDXT (113)
[2019.06.04-05.51.31:977][536]LogModuleManager: Shutting down and abandoning module TextureFormatIntelISPCTexComp (111)
[2019.06.04-05.51.31:977][536]LogModuleManager: Shutting down and abandoning module TextureFormatASTC (109)
[2019.06.04-05.51.31:977][536]LogModuleManager: Shutting down and abandoning module ImageWrapper (108)
[2019.06.04-05.51.31:977][536]LogModuleManager: Shutting down and abandoning module TextureFormatAndroid (105)
[2019.06.04-05.51.31:977][536]LogModuleManager: Shutting down and abandoning module AudioFormatOpus (103)
[2019.06.04-05.51.31:977][536]LogModuleManager: Shutting down and abandoning module AudioFormatOgg (101)
[2019.06.04-05.51.31:977][536]LogModuleManager: Shutting down and abandoning module AudioFormatADPCM (99)
[2019.06.04-05.51.31:977][536]LogModuleManager: Shutting down and abandoning module WindowsTargetPlatform (97)
[2019.06.04-05.51.31:977][536]LogModuleManager: Shutting down and abandoning module WindowsServerTargetPlatform (95)
[2019.06.04-05.51.31:977][536]LogModuleManager: Shutting down and abandoning module WindowsNoEditorTargetPlatform (93)
[2019.06.04-05.51.31:977][536]LogModuleManager: Shutting down and abandoning module WindowsClientTargetPlatform (91)
[2019.06.04-05.51.31:977][536]LogModuleManager: Shutting down and abandoning module InputCore (88)
[2019.06.04-05.51.31:977][536]LogModuleManager: Shutting down and abandoning module Settings (86)
[2019.06.04-05.51.31:977][536]LogModuleManager: Shutting down and abandoning module PhysXCooking (84)
[2019.06.04-05.51.31:977][536]LogModuleManager: Shutting down and abandoning module SteamVR (82)
[2019.06.04-05.51.31:977][536]LogModuleManager: Shutting down and abandoning module OculusHMD (80)
[2019.06.04-05.51.31:977][536]LogModuleManager: Shutting down and abandoning module ExampleDeviceProfileSelector (78)
[2019.06.04-05.51.31:977][536]LogModuleManager: Shutting down and abandoning module LauncherChunkInstaller (76)
[2019.06.04-05.51.31:977][536]LogModuleManager: Shutting down and abandoning module OnlineBlueprintSupport (74)
[2019.06.04-05.51.31:977][536]LogModuleManager: Shutting down and abandoning module OnlineSubsystem (70)
[2019.06.04-05.51.31:978][536]LogModuleManager: Shutting down and abandoning module XMPP (65)
[2019.06.04-05.51.31:978][536]LogModuleManager: Shutting down and abandoning module WebSockets (64)
[2019.06.04-05.51.31:992][536]LogModuleManager: Shutting down and abandoning module HTTP (61)
[2019.06.04-05.51.32:021][536]LogModuleManager: Shutting down and abandoning module SSL (60)
[2019.06.04-05.51.32:022][536]LogModuleManager: Shutting down and abandoning module MagicLeapEmulator (56)
[2019.06.04-05.51.32:022][536]LogModuleManager: Shutting down and abandoning module MagicLeapPrivileges (54)
[2019.06.04-05.51.32:022][536]LogModuleManager: Shutting down and abandoning module MagicLeapIdentity (52)
[2019.06.04-05.51.32:022][536]LogModuleManager: Shutting down and abandoning module MagicLeapHelperVulkan (50)
[2019.06.04-05.51.32:022][536]LogModuleManager: Shutting down and abandoning module MagicLeapHelperOpenGL (48)
[2019.06.04-05.51.32:022][536]LogModuleManager: Shutting down and abandoning module MagicLeapSecureStorage (46)
[2019.06.04-05.51.32:022][536]LogModuleManager: Shutting down and abandoning module MagicLeapGestures (44)
[2019.06.04-05.51.32:022][536]LogModuleManager: Shutting down and abandoning module MagicLeapEyeTracker (42)
[2019.06.04-05.51.32:022][536]LogModuleManager: Shutting down and abandoning module MagicLeapController (40)
[2019.06.04-05.51.32:022][536]LogSlate: Slate User Destroyed.  User Index 0, Is Virtual User: 0
[2019.06.04-05.51.32:022][536]LogModuleManager: Shutting down and abandoning module MagicLeap (38)
[2019.06.04-05.51.32:023][536]LogModuleManager: Shutting down and abandoning module AnimationModifiers (36)
[2019.06.04-05.51.32:023][536]LogModuleManager: Shutting down and abandoning module PropertyEditor (35)
[2019.06.04-05.51.32:023][536]LogModuleManager: Shutting down and abandoning module AudioEditor (32)
[2019.06.04-05.51.32:023][536]LogModuleManager: Shutting down and abandoning module TextureCompressor (30)
[2019.06.04-05.51.32:023][536]LogModuleManager: Shutting down and abandoning module ShaderCore (28)
[2019.06.04-05.51.32:023][536]LogModuleManager: Shutting down and abandoning module Landscape (26)
[2019.06.04-05.51.32:023][536]LogModuleManager: Shutting down and abandoning module SlateRHIRenderer (24)
[2019.06.04-05.51.32:023][536]LogModuleManager: Shutting down and abandoning module OpenGLDrv (22)
[2019.06.04-05.51.32:023][536]LogModuleManager: Shutting down and abandoning module D3D11RHI (20)
[2019.06.04-05.51.32:023][536]LogModuleManager: Shutting down and abandoning module AnimGraphRuntime (18)
[2019.06.04-05.51.32:023][536]LogModuleManager: Shutting down and abandoning module Renderer (16)
[2019.06.04-05.51.32:023][536]LogModuleManager: Shutting down and abandoning module Engine (14)
[2019.06.04-05.51.32:023][536]LogModuleManager: Shutting down and abandoning module CoreUObject (12)
[2019.06.04-05.51.32:023][536]LogModuleManager: Shutting down and abandoning module NetworkFile (10)
[2019.06.04-05.51.32:024][536]LogModuleManager: Shutting down and abandoning module CookedIterativeFile (8)
[2019.06.04-05.51.32:024][536]LogModuleManager: Shutting down and abandoning module StreamingFile (6)
[2019.06.04-05.51.32:024][536]LogModuleManager: Shutting down and abandoning module SandboxFile (4)
[2019.06.04-05.51.32:024][536]LogModuleManager: Shutting down and abandoning module PakFile (2)
[2019.06.04-05.51.32:025][536]LogExit: Exiting.
[2019.06.04-05.51.32:029][536]Log file closed, 06/04/19 08:51:32
