Log file open, 05/06/19 02:38:08
LogWindows: Failed to load 'aqProf.dll' (GetLastError=126)
LogWindows: File 'aqProf.dll' does not exist
LogWindows: Failed to load 'VSPerf140.dll' (GetLastError=126)
LogWindows: File 'VSPerf140.dll' does not exist
LogWindows: Failed to load 'VtuneApi.dll' (GetLastError=126)
LogWindows: File 'VtuneApi.dll' does not exist
LogWindows: Failed to load 'VtuneApi32e.dll' (GetLastError=126)
LogWindows: File 'VtuneApi32e.dll' does not exist
LogInit: Display: Running engine for game: ThirdPersonShooter
LogPlatformFile: Not using cached read wrapper
LogTaskGraph: Started task graph with 5 named threads and 8 total threads with 3 sets of task threads.
LogStats: Stats thread started at 0.300774
LogD3D11RHI: Loaded GFSDK_Aftermath_Lib.x64.dll
LogICUInternationalization: Display: ICU TimeZone Detection - Raw Offset: +2:00, Platform Override: ''
LogPluginManager: Mounting plugin Paper2D
LogPluginManager: Mounting plugin AISupport
LogPluginManager: Mounting plugin LightPropagationVolume
LogPluginManager: Mounting plugin CLionSourceCodeAccess
LogPluginManager: Mounting plugin CodeLiteSourceCodeAccess
LogPluginManager: Mounting plugin GitSourceControl
LogPluginManager: Mounting plugin KDevelopSourceCodeAccess
LogPluginManager: Mounting plugin NullSourceCodeAccess
LogPluginManager: Mounting plugin PerforceSourceControl
LogPluginManager: Mounting plugin SubversionSourceControl
LogPluginManager: Mounting plugin UObjectPlugin
LogPluginManager: Mounting plugin VisualStudioCodeSourceCodeAccess
LogPluginManager: Mounting plugin VisualStudioSourceCodeAccess
LogPluginManager: Mounting plugin XCodeSourceCodeAccess
LogPluginManager: Mounting plugin AssetManagerEditor
LogPluginManager: Mounting plugin CryptoKeys
LogPluginManager: Mounting plugin DataValidation
LogPluginManager: Mounting plugin FacialAnimation
LogPluginManager: Mounting plugin GameplayTagsEditor
LogPluginManager: Mounting plugin MacGraphicsSwitching
LogPluginManager: Mounting plugin MeshEditor
LogPluginManager: Mounting plugin MobileLauncherProfileWizard
LogPluginManager: Mounting plugin PluginBrowser
LogPluginManager: Mounting plugin SpeedTreeImporter
LogPluginManager: Mounting plugin DatasmithContent
LogPluginManager: Mounting plugin AlembicImporter
LogPluginManager: Mounting plugin AppleImageUtils
LogPluginManager: Mounting plugin AppleVision
LogPluginManager: Mounting plugin BackChannel
LogPluginManager: Mounting plugin CharacterAI
LogPluginManager: Mounting plugin GeometryCache
LogPluginManager: Mounting plugin HTML5Networking
LogPluginManager: Mounting plugin ProxyLODPlugin
LogPluginManager: Mounting plugin MagicLeap
LogPluginManager: Mounting plugin MagicLeapEmulator
LogPluginManager: Mounting plugin MagicLeapMedia
LogPluginManager: Mounting plugin AndroidMedia
LogPluginManager: Mounting plugin AvfMedia
LogPluginManager: Mounting plugin ImgMedia
LogPluginManager: Mounting plugin LinearTimecode
LogPluginManager: Mounting plugin MediaCompositing
LogPluginManager: Mounting plugin MediaPlayerEditor
LogPluginManager: Mounting plugin WmfMedia
LogPluginManager: Mounting plugin TcpMessaging
LogPluginManager: Mounting plugin UdpMessaging
LogPluginManager: Mounting plugin ActorSequence
LogPluginManager: Mounting plugin LevelSequenceEditor
LogPluginManager: Mounting plugin MatineeToLevelSequence
LogPluginManager: Mounting plugin NetcodeUnitTest
LogPluginManager: Mounting plugin NUTUnrealEngine4
LogPluginManager: Mounting plugin OnlineSubsystemGooglePlay
LogPluginManager: Mounting plugin OnlineSubsystemIOS
LogPluginManager: Mounting plugin OnlineSubsystem
LogPluginManager: Mounting plugin OnlineSubsystemNull
LogPluginManager: Mounting plugin OnlineSubsystemUtils
LogPluginManager: Mounting plugin LauncherChunkInstaller
LogPluginManager: Mounting plugin AndroidDeviceProfileSelector
LogPluginManager: Mounting plugin AndroidMoviePlayer
LogPluginManager: Mounting plugin AndroidPermission
LogPluginManager: Mounting plugin AppleMoviePlayer
LogPluginManager: Mounting plugin ArchVisCharacter
LogPluginManager: Mounting plugin AudioCapture
LogPluginManager: Mounting plugin CableComponent
LogPluginManager: Mounting plugin CustomMeshComponent
LogPluginManager: Mounting plugin EditableMesh
LogPluginManager: Mounting plugin ExampleDeviceProfileSelector
LogPluginManager: Mounting plugin GoogleCloudMessaging
LogPluginManager: Mounting plugin ImmediatePhysics
LogPluginManager: Mounting plugin IOSDeviceProfileSelector
LogPluginManager: Mounting plugin LinuxDeviceProfileSelector
LogPluginManager: Mounting plugin LocationServicesBPLibrary
LogPluginManager: Mounting plugin MobilePatchingUtils
LogPluginManager: Mounting plugin OculusVR
LogPluginManager: Plugin shader directory ../../../Engine/Plugins/Runtime/Oculus/OculusVR/Shaders found
LogPluginManager: Mapping shader source directory ../../../Engine/Plugins/Runtime/Oculus/OculusVR/Shaders to virtual directory /Plugin/OculusVR
LogPluginManager: Mounting plugin PhysXVehicles
LogPluginManager: Mounting plugin ProceduralMeshComponent
LogPluginManager: Mounting plugin RuntimePhysXCooking
LogPluginManager: Mounting plugin SteamVR
LogPluginManager: Mounting plugin WindowsMoviePlayer
LogStreaming: Display: Took  0.159s to configure plugins.
LogInit: Using libcurl 7.55.1-DEV
LogInit:  - built for x86_64-pc-win32
LogInit:  - supports SSL with OpenSSL/1.0.2h
LogInit:  - supports HTTP deflate (compression) using libz 1.2.8
LogInit:  - other features:
LogInit:      CURL_VERSION_SSL
LogInit:      CURL_VERSION_LIBZ
LogInit:      CURL_VERSION_IPV6
LogInit:      CURL_VERSION_ASYNCHDNS
LogInit:      CURL_VERSION_LARGEFILE
LogInit:      CURL_VERSION_IDN
LogInit:  CurlRequestOptions (configurable via config and command line):
LogInit:  - bVerifyPeer = false  - Libcurl will NOT verify peer certificate
LogInit:  - bUseHttpProxy = false  - Libcurl will NOT use HTTP proxy
LogInit:  - bDontReuseConnections = false  - Libcurl will reuse connections
LogInit:  - CertBundlePath = nullptr  - Libcurl will use whatever was configured at build time.
LogInit:  - MaxHostConnections = 16  - Libcurl will limit the number of connections to a host
LogInit:  - LocalHostAddr = Default
LogInit:  - BufferSize = 65536
LogInit: WinSock: version 1.1 (2.2), MaxSocks=32767, MaxUdp=65467
LogInit: Build: ++UE4+Release-4.20-CL-4369336
LogInit: Engine Version: 4.20.3-4369336+++UE4+Release-4.20
LogInit: Compatible Engine Version: 4.20.0-4212847+++UE4+Release-4.20
LogInit: Net CL: 4212847
LogInit: OS: Windows 7 (Service Pack 1), CPU: Pentium(R) Dual-Core  CPU      E5300  @ 2.60GHz, GPU: NVIDIA GeForce GTX 560 Ti
LogInit: Compiled (64-bit): Sep 17 2018 12:26:19
LogInit: Compiled with Visual C++: 19.13.26129.00
LogInit: Build Configuration: Development
LogInit: Branch Name: ++UE4+Release-4.20
LogInit: Command Line:  /Game/ThirdPersonBP/Maps/ThirdPersonExampleMap -game -PIEVIACONSOLE -ResX=1280 -ResY=720  -Multiprocess -messaging -SessionName="Play in Standalone Game" -windowed 
LogInit: Base Directory: H:/Workbench/Epic Games/UE_4.20/Engine/Binaries/Win64/
LogInit: Installed Engine Build: 1
LogDevObjectVersion: Number of dev versions registered: 20
LogDevObjectVersion:   Dev-Blueprints (B0D832E4-1F89-4F0D-ACCF-7EB736FD4AA2): 10
LogDevObjectVersion:   Dev-Build (E1C64328-A22C-4D53-A36C-8E866417BD8C): 0
LogDevObjectVersion:   Dev-Core (375EC13C-06E4-48FB-B500-84F0262A717E): 2
LogDevObjectVersion:   Dev-Editor (E4B068ED-F494-42E9-A231-DA0B2E46BB41): 24
LogDevObjectVersion:   Dev-Framework (CFFC743F-43B0-4480-9391-14DF171D2073): 34
LogDevObjectVersion:   Dev-Mobile (B02B49B5-BB20-44E9-A304-32B752E40360): 2
LogDevObjectVersion:   Dev-Networking (A4E4105C-59A1-49B5-A7C5-40C4547EDFEE): 0
LogDevObjectVersion:   Dev-Online (39C831C9-5AE6-47DC-9A44-9C173E1C8E7C): 0
LogDevObjectVersion:   Dev-Physics (78F01B33-EBEA-4F98-B9B4-84EACCB95AA2): 0
LogDevObjectVersion:   Dev-Platform (6631380F-2D4D-43E0-8009-CF276956A95A): 0
LogDevObjectVersion:   Dev-Rendering (12F88B9F-8875-4AFC-A67C-D90C383ABD29): 26
LogDevObjectVersion:   Dev-Sequencer (7B5AE74C-D270-4C10-A958-57980B212A5A): 9
LogDevObjectVersion:   Dev-VR (D7296918-1DD6-4BDD-9DE2-64A83CC13884): 2
LogDevObjectVersion:   Dev-LoadTimes (C2A15278-BFE7-4AFE-6C17-90FF531DF755): 1
LogDevObjectVersion:   Private-Geometry (6EACA3D4-40EC-4CC1-B786-8BED09428FC5): 3
LogDevObjectVersion:   Dev-AnimPhys (29E575DD-E0A3-4627-9D10-D276232CDCEA): 17
LogDevObjectVersion:   Dev-ReflectionCapture (6B266CEC-1EC7-4B8F-A30B-E4D90942FC07): 1
LogDevObjectVersion:   Dev-Automation (0DF73D61-A23F-47EA-B727-89E90C41499A): 1
LogDevObjectVersion:   FortniteMain (601D1886-AC64-4F84-AA16-D3DE0DEAC7D6): 12
LogDevObjectVersion:   Dev-Enterprise (9DFFBCD6-494F-0158-E221-12823C92A888): 1
LogStreaming: Display: Took  0.002s to delete old logs.
LogInit: Presizing for max 8388607 objects, including 0 objects not considered by GC, pre-allocating 0 bytes for permanent pool.
LogInit: Object subsystem initialized
[2019.05.05-23.38.08:807][  0]LogInit: Selected Device Profile: [Windows]
[2019.05.05-23.38.08:807][  0]LogInit: Applying CVar settings loaded from the selected device profile: [Windows]
[2019.05.05-23.38.08:814][  0]LogHAL: Display: Platform has ~ 8 GB [8589139968 / 8589934592 / 8], which maps to Default [LargestMinGB=32, LargerMinGB=12, DefaultMinGB=8, SmallerMinGB=6, SmallestMinGB=0)
[2019.05.05-23.38.08:814][  0]LogInit: Setting Device Profile CVar: [[r.Vulkan.UseRealUBs:1]]
[2019.05.05-23.38.08:814][  0]LogInit: Going up to parent DeviceProfile []
[2019.05.05-23.38.08:815][  0]LogInit: Computer: ELBER-ПК
[2019.05.05-23.38.08:815][  0]LogInit: User: Elber
[2019.05.05-23.38.08:815][  0]LogInit: CPU Page size=4096, Cores=2
[2019.05.05-23.38.08:815][  0]LogInit: High frequency timer resolution =2.539082 MHz
[2019.05.05-23.38.08:816][  0]LogMemory: Memory total: Physical=8.0GB (8GB approx)
[2019.05.05-23.38.08:816][  0]LogMemory: Platform Memory Stats for Windows
[2019.05.05-23.38.08:816][  0]LogMemory: Process Physical Memory: 100.52 MB used, 100.52 MB peak
[2019.05.05-23.38.08:816][  0]LogMemory: Process Virtual Memory: 96.11 MB used, 96.11 MB peak
[2019.05.05-23.38.08:816][  0]LogMemory: Physical Memory: 6153.03 MB used,  2038.21 MB free, 8191.24 MB total
[2019.05.05-23.38.08:816][  0]LogMemory: Virtual Memory: 471.46 MB used,  2038.21 MB free, 8388608.00 MB total
[2019.05.05-23.38.08:858][  0]LogInit: Using OS detected language (uk-UA).
[2019.05.05-23.38.08:858][  0]LogInit: Using OS detected locale (uk-UA).
[2019.05.05-23.38.08:859][  0]LogTextLocalizationManager: No localization for 'uk-UA' exists, so 'en' will be used for the language.
[2019.05.05-23.38.08:860][  0]LogTextLocalizationManager: No localization for 'uk-UA' exists, so 'en' will be used for the locale.
[2019.05.05-23.38.09:667][  0]LogStreaming: Display: Took  0.810s to InitEngineTextLocalization.
[2019.05.05-23.38.09:726][  0]LogSlate: New Slate User Created.  User Index 0, Is Virtual User: 0
[2019.05.05-23.38.09:726][  0]LogSlate: Slate User Registered.  User Index 0, Is Virtual User: 0
[2019.05.05-23.38.09:741][  0]LogHMD: Failed to initialize OpenVR with code 110
[2019.05.05-23.38.09:741][  0]LogD3D11RHI: D3D11 adapters:
[2019.05.05-23.38.09:801][  0]LogD3D11RHI:    0. 'NVIDIA GeForce GTX 560 Ti' (Feature Level 11_0)
[2019.05.05-23.38.09:802][  0]LogD3D11RHI:       969/0/3071 MB DedicatedVideo/DedicatedSystem/SharedSystem, Outputs:1, VendorId:0x10de
[2019.05.05-23.38.09:802][  0]LogD3D11RHI: Chosen D3D11 Adapter: 0
[2019.05.05-23.38.09:829][  0]LogD3D11RHI: Creating new Direct3DDevice
[2019.05.05-23.38.09:829][  0]LogD3D11RHI:     GPU DeviceId: 0x1200 (for the marketing name, search the web for "GPU Device Id")
[2019.05.05-23.38.09:829][  0]LogWindows: EnumDisplayDevices:
[2019.05.05-23.38.09:829][  0]LogWindows:    0. 'NVIDIA GeForce GTX 560 Ti' (P:1 D:1)
[2019.05.05-23.38.09:830][  0]LogWindows:    1. 'NVIDIA GeForce GTX 560 Ti' (P:0 D:0)
[2019.05.05-23.38.09:830][  0]LogWindows:    2. 'RDPDD Chained DD' (P:0 D:0)
[2019.05.05-23.38.09:830][  0]LogWindows:    3. 'RDP Encoder Mirror Driver' (P:0 D:0)
[2019.05.05-23.38.09:831][  0]LogWindows:    4. 'RDP Reflector Display Driver' (P:0 D:0)
[2019.05.05-23.38.09:831][  0]LogWindows: DebugString: GetVideoDriverDetailsInvalid PrimaryIsNotTheChoosenAdapter GetVideoDriverDetailsInvalid PrimaryIsNotTheChoosenAdapter GetVideoDriverDetailsInvalid PrimaryIsNotTheChoosenAdapter FoundDriverCount:2 
[2019.05.05-23.38.09:831][  0]LogD3D11RHI:     Adapter Name: NVIDIA GeForce GTX 560 Ti
[2019.05.05-23.38.09:831][  0]LogD3D11RHI:   Driver Version: 391.35 (internal:23.21.13.9135, unified:391.35)
[2019.05.05-23.38.09:831][  0]LogD3D11RHI:      Driver Date: 3-23-2018
[2019.05.05-23.38.09:831][  0]LogRHI: Texture pool is 678 MB (70% of 969 MB)
[2019.05.05-23.38.09:855][  0]LogD3D11RHI: Display: Timestamp queries are currently disabled on this hardware due to instability. Realtime GPU stats will not be available. You can override this behaviour by setting r.NVIDIATimestampWorkaround to 0
[2019.05.05-23.38.09:857][  0]LogD3D11RHI: Async texture creation enabled
[2019.05.05-23.38.09:878][  0]LogD3D11RHI: GPU Timing Frequency: 1000.000000 (Debug: 2 2)
[2019.05.05-23.38.09:882][  0]LogShaderCompilers: Guid format shader working directory is -18 characters bigger than the processId version (../../../../../UE4_Projects/ThirdPersonShooter/Intermediate/Shaders/WorkingDirectory/1084/).
[2019.05.05-23.38.09:882][  0]LogShaderCompilers: Cleaned the shader compiler working directory 'C:/Windows/Temp/UnrealShaderWorkingDir/0703A7584D0CBACE156E8CB2E80B8555/'.
[2019.05.05-23.38.11:501][  0]LogTemp: Display: Loaded TP WindowsClientTargetPlatform
[2019.05.05-23.38.11:531][  0]LogTemp: Display: Loaded TP WindowsNoEditorTargetPlatform
[2019.05.05-23.38.11:560][  0]LogTemp: Display: Loaded TP WindowsServerTargetPlatform
[2019.05.05-23.38.11:590][  0]LogTemp: Display: Loaded TP WindowsTargetPlatform
[2019.05.05-23.38.11:590][  0]LogTargetPlatformManager: Display: Building Assets For Windows
[2019.05.05-23.38.11:698][  0]LogXGEController: Cannot use XGE Controller as Incredibuild is not installed on this machine.
[2019.05.05-23.38.11:698][  0]LogShaderCompilers: Cannot use XGE Shader Compiler as Incredibuild is not installed on this machine.
[2019.05.05-23.38.11:698][  0]LogShaderCompilers: Display: Using Local Shader Compiler.
[2019.05.05-23.38.13:676][  0]LogDerivedDataCache: Display: Max Cache Size: 512 MB
[2019.05.05-23.38.13:840][  0]LogDerivedDataCache: Loaded boot cache 0.16s 69MB C:/Users/Elber/AppData/Local/UnrealEngine/4.20/DerivedDataCache/Boot.ddc.
[2019.05.05-23.38.13:841][  0]LogDerivedDataCache: Display: Loaded Boot cache: C:/Users/Elber/AppData/Local/UnrealEngine/4.20/DerivedDataCache/Boot.ddc
[2019.05.05-23.38.13:841][  0]LogDerivedDataCache: FDerivedDataBackendGraph:  Pak pak cache file ../../../../../UE4_Projects/ThirdPersonShooter/DerivedDataCache/DDC.ddp not found, will not use a pak cache.
[2019.05.05-23.38.13:841][  0]LogDerivedDataCache: Unable to find inner node Pak for hierarchical cache Hierarchy.
[2019.05.05-23.38.13:841][  0]LogDerivedDataCache: FDerivedDataBackendGraph:  CompressedPak pak cache file ../../../../../UE4_Projects/ThirdPersonShooter/DerivedDataCache/Compressed.ddp not found, will not use a pak cache.
[2019.05.05-23.38.13:841][  0]LogDerivedDataCache: Unable to find inner node CompressedPak for hierarchical cache Hierarchy.
[2019.05.05-23.38.13:863][  0]LogDerivedDataCache: Display: Pak cache opened for reading ../../../Engine/DerivedDataCache/Compressed.ddp.
[2019.05.05-23.38.13:875][  0]LogDerivedDataCache: Using Local data cache path C:/Users/Elber/AppData/Local/UnrealEngine/Common/DerivedDataCache: Writable
[2019.05.05-23.38.13:875][  0]LogDerivedDataCache: Shared data cache path not found in *engine.ini, will not use an Shared cache.
[2019.05.05-23.38.13:875][  0]LogDerivedDataCache: Unable to find inner node Shared for hierarchical cache Hierarchy.
[2019.05.05-23.38.13:921][  0]LogMaterial: Verifying Global Shaders for PCD3D_SM5
[2019.05.05-23.38.13:941][  0]LogSlate: Using FreeType 2.6.0
[2019.05.05-23.38.13:942][  0]LogSlate: SlateFontServices - WITH_FREETYPE: 1, WITH_HARFBUZZ: 1
[2019.05.05-23.38.14:025][  0]LogInit: Using OS detected language (uk-UA).
[2019.05.05-23.38.14:025][  0]LogInit: Using OS detected locale (uk-UA).
[2019.05.05-23.38.14:025][  0]LogTextLocalizationManager: No localization for 'uk-UA' exists, so 'en' will be used for the language.
[2019.05.05-23.38.14:025][  0]LogTextLocalizationManager: No localization for 'uk-UA' exists, so 'en' will be used for the locale.
[2019.05.05-23.38.14:031][  0]LogStreaming: Display: Took  0.006s to InitGameTextLocalization.
[2019.05.05-23.38.14:046][  0]LogAssetRegistry: FAssetRegistry took 0.0098 seconds to start up
[2019.05.05-23.38.14:555][  0]LogPackageLocalizationCache: Processed 11 localized package path(s) for 1 prioritized culture(s) in 0.047725 seconds
[2019.05.05-23.38.14:772][  0]LogInit: Selected Device Profile: [Windows]
[2019.05.05-23.38.15:001][  0]LogSimplygon: Simplygon DLL not present - disabling.
[2019.05.05-23.38.15:006][  0]LogMeshReduction: Using SimplygonSwarm for distributed automatic mesh merging
[2019.05.05-23.38.15:006][  0]LogMeshReduction: Using ProxyLODMeshReduction for automatic mesh merging
[2019.05.05-23.38.15:006][  0]LogMeshReduction: Using QuadricMeshReduction for automatic static mesh reduction
[2019.05.05-23.38.15:006][  0]LogMeshReduction: No automatic skeletal mesh reduction module available
[2019.05.05-23.38.15:033][  0]LogNetVersion: ThirdPersonShooter 1.0.0, NetCL: 4212847, EngineNetVer: 5, GameNetVer: 0 (Checksum: 66249339)
[2019.05.05-23.38.15:924][  0]LogMoviePlayer: Initializing movie player
[2019.05.05-23.38.16:201][  0]LogTcpMessaging: Initializing TcpMessaging bridge
[2019.05.05-23.38.16:213][  0]LogUdpMessaging: Initializing bridge on interface 0.0.0.0:0 to multicast group 230.0.0.1:6666.
[2019.05.05-23.38.16:312][  0]SourceControl: Source control is disabled
[2019.05.05-23.38.16:313][  0]SourceControl: Source control is disabled
[2019.05.05-23.38.16:314][  0]SourceControl: Source control is disabled
[2019.05.05-23.38.16:451][  0]LogAndroidPermission: UAndroidPermissionCallbackProxy::GetInstance
[2019.05.05-23.38.16:546][  0]LogOcInput: OculusInput pre-init called
[2019.05.05-23.38.16:565][  0]LogUObjectArray: 42168 objects as part of root set at end of initial load.
[2019.05.05-23.38.16:565][  0]LogUObjectAllocator: 7432352 out of 0 bytes used by permanent object pool.
[2019.05.05-23.38.16:565][  0]LogUObjectArray: CloseDisregardForGC: 0/0 objects in disregard for GC pool
[2019.05.05-23.38.16:652][  0]LogEngine: Initializing Engine...
[2019.05.05-23.38.16:653][  0]LogHMD: Failed to initialize OpenVR with code 110
[2019.05.05-23.38.16:666][  0]LogStats: UGameplayTagsManager::ConstructGameplayTagTree: ImportINI prefixes -  0.000 s
[2019.05.05-23.38.16:666][  0]LogStats: UGameplayTagsManager::ConstructGameplayTagTree: Construct from data asset -  0.000 s
[2019.05.05-23.38.16:666][  0]LogStats: UGameplayTagsManager::ConstructGameplayTagTree: ImportINI -  0.000 s
[2019.05.05-23.38.16:666][  0]LogStats: UGameplayTagsManager::ConstructGameplayTagTree: GameplayTagTreeChangedEvent.Broadcast -  0.000 s
[2019.05.05-23.38.17:082][  0]LogInit: Initializing FReadOnlyCVARCache
[2019.05.05-23.38.17:100][  0]LogInit: XAudio2 using 'Динамики (Устройство с поддержкой High Definition Audio)' : 2 channels at 44.1 kHz using 16 bits per sample (channel mask 0x3)
[2019.05.05-23.38.17:112][  0]LogInit: FAudioDevice initialized.
[2019.05.05-23.38.17:112][  0]LogNetVersion: Set ProjectVersion to 1.0.0.0. Version Checksum will be recalculated on next use.
[2019.05.05-23.38.17:122][  0]LogInit: Texture streaming: Enabled
[2019.05.05-23.38.17:533][  0]LogLinker: Warning: Can't find file '/Game/Blueprints/Bp_Instance'
[2019.05.05-23.38.17:533][  0]LogUObjectGlobals: Warning: Failed to load '/Game/Blueprints/Bp_Instance': Can't find file '/Game/Blueprints/Bp_Instance'
[2019.05.05-23.38.17:534][  0]LogLinker: Warning: Can't find file '/Game/Blueprints/Bp_Instance'
[2019.05.05-23.38.17:534][  0]LogUObjectGlobals: Warning: Failed to load '/Game/Blueprints/Bp_Instance': Can't find file '/Game/Blueprints/Bp_Instance'
[2019.05.05-23.38.17:534][  0]LogUObjectGlobals: Warning: Failed to find object 'Class /Game/Blueprints/Bp_Instance.Bp_Instance_C'
[2019.05.05-23.38.17:534][  0]LogEngine: Error: Unable to load GameInstance Class '/Game/Blueprints/Bp_Instance.Bp_Instance_C'. Falling back to generic UGameInstance.
[2019.05.05-23.38.17:567][  0]LogSlate: Updating window title bar state: overlay mode, drag disabled, window buttons hidden, title bar hidden
[2019.05.05-23.38.17:568][  0]LogInit: Display: Game Engine Initialized.
[2019.05.05-23.38.17:568][  0]LogGameplayTags: Display: UGameplayTagsManager::DoneAddingNativeTags. DelegateIsBound: 0
[2019.05.05-23.38.17:568][  0]LogStats: UGameplayTagsManager::ConstructGameplayTagTree: ImportINI prefixes -  0.000 s
[2019.05.05-23.38.17:568][  0]LogStats: UGameplayTagsManager::ConstructGameplayTagTree: Construct from data asset -  0.000 s
[2019.05.05-23.38.17:568][  0]LogStats: UGameplayTagsManager::ConstructGameplayTagTree: ImportINI -  0.000 s
[2019.05.05-23.38.17:568][  0]LogStats: UGameplayTagsManager::ConstructGameplayTagTree: GameplayTagTreeChangedEvent.Broadcast -  0.000 s
[2019.05.05-23.38.17:595][  0]LogInit: Display: Starting Game.
[2019.05.05-23.38.17:595][  0]LogNet: Browse: /Game/ThirdPersonBP/Maps/ThirdPersonExampleMap?Name=Player
[2019.05.05-23.38.17:595][  0]LogLoad: LoadMap: /Game/ThirdPersonBP/Maps/ThirdPersonExampleMap?Name=Player
[2019.05.05-23.38.18:170][  0]LogLinker: Warning: Can't find file '/Game/ParagonMurdock/Characters/Heroes/Murdock/Meshes/Murdock'
[2019.05.05-23.38.18:170][  0]LogUObjectGlobals: Warning: Failed to load '/Game/ParagonMurdock/Characters/Heroes/Murdock/Meshes/Murdock': Can't find file '/Game/ParagonMurdock/Characters/Heroes/Murdock/Meshes/Murdock'
[2019.05.05-23.38.18:170][  0]LogLinker: Warning: Can't find file for asset '/Game/ParagonMurdock/Characters/Heroes/Murdock/Meshes/Murdock' while loading NULL.
[2019.05.05-23.38.18:170][  0]LogUObjectGlobals: Warning: Failed to load '/Game/ParagonMurdock/Characters/Heroes/Murdock/Meshes/Murdock': Can't find file for asset '/Game/ParagonMurdock/Characters/Heroes/Murdock/Meshes/Murdock' while loading NULL.
[2019.05.05-23.38.18:736][  0]LogLinker: Warning: Can't find file '/Game/ParagonMurdock/Characters/Heroes/Murdock/Meshes/Murdock'
[2019.05.05-23.38.18:737][  0]LoadErrors: Failed to load /Game/ParagonMurdock/Characters/Heroes/Murdock/Meshes/Murdock.Murdock Referenced by SkeletalMeshComponent0
[2019.05.05-23.38.18:737][  0]LogUObjectGlobals: Warning: Failed to load '/Game/ParagonMurdock/Characters/Heroes/Murdock/Meshes/Murdock': Can't find file '/Game/ParagonMurdock/Characters/Heroes/Murdock/Meshes/Murdock'
[2019.05.05-23.38.18:737][  0]LogLinker: Warning: Can't find file for asset '/Game/ParagonMurdock/Characters/Heroes/Murdock/Meshes/Murdock' while loading NULL.
[2019.05.05-23.38.18:737][  0]LoadErrors: Failed to load /Game/ParagonMurdock/Characters/Heroes/Murdock/Meshes/Murdock.Murdock Referenced by SkeletalMeshComponent0
[2019.05.05-23.38.18:737][  0]LogUObjectGlobals: Warning: Failed to load '/Game/ParagonMurdock/Characters/Heroes/Murdock/Meshes/Murdock': Can't find file for asset '/Game/ParagonMurdock/Characters/Heroes/Murdock/Meshes/Murdock' while loading NULL.
[2019.05.05-23.38.18:889][  0]LogLinker: Warning: Can't find file '/Game/models/Characters_Exo/New/Textures/alpha_gloves'
[2019.05.05-23.38.18:889][  0]LoadErrors: Failed to load /Game/models/Characters_Exo/New/Textures/alpha_gloves.alpha_gloves Referenced by MaterialExpressionTextureSample_0
[2019.05.05-23.38.18:889][  0]LogUObjectGlobals: Warning: Failed to load '/Game/models/Characters_Exo/New/Textures/alpha_gloves': Can't find file '/Game/models/Characters_Exo/New/Textures/alpha_gloves'
[2019.05.05-23.38.18:889][  0]LogLinker: Warning: Can't find file for asset '/Game/models/Characters_Exo/New/Textures/alpha_gloves' while loading NULL.
[2019.05.05-23.38.18:890][  0]LoadErrors: Failed to load /Game/models/Characters_Exo/New/Textures/alpha_gloves.alpha_gloves Referenced by MaterialExpressionTextureSample_0
[2019.05.05-23.38.18:890][  0]LogUObjectGlobals: Warning: Failed to load '/Game/models/Characters_Exo/New/Textures/alpha_gloves': Can't find file for asset '/Game/models/Characters_Exo/New/Textures/alpha_gloves' while loading NULL.
[2019.05.05-23.38.18:890][  0]LogLinker: Warning: Can't find file '/Game/models/Characters_Exo/New/Textures/alpha_head_base'
[2019.05.05-23.38.18:890][  0]LoadErrors: Failed to load /Game/models/Characters_Exo/New/Textures/alpha_head_base.alpha_head_base Referenced by MaterialExpressionTextureSample_0
[2019.05.05-23.38.18:890][  0]LogUObjectGlobals: Warning: Failed to load '/Game/models/Characters_Exo/New/Textures/alpha_head_base': Can't find file '/Game/models/Characters_Exo/New/Textures/alpha_head_base'
[2019.05.05-23.38.18:890][  0]LogLinker: Warning: Can't find file for asset '/Game/models/Characters_Exo/New/Textures/alpha_head_base' while loading NULL.
[2019.05.05-23.38.18:890][  0]LoadErrors: Failed to load /Game/models/Characters_Exo/New/Textures/alpha_head_base.alpha_head_base Referenced by MaterialExpressionTextureSample_0
[2019.05.05-23.38.18:890][  0]LogUObjectGlobals: Warning: Failed to load '/Game/models/Characters_Exo/New/Textures/alpha_head_base': Can't find file for asset '/Game/models/Characters_Exo/New/Textures/alpha_head_base' while loading NULL.
[2019.05.05-23.38.18:891][  0]LogLinker: Warning: Can't find file '/Game/models/Characters_Exo/New/Textures/alpha_head_base_gloss'
[2019.05.05-23.38.18:891][  0]LoadErrors: Failed to load /Game/models/Characters_Exo/New/Textures/alpha_head_base_gloss.alpha_head_base_gloss Referenced by MaterialExpressionTextureSample_1
[2019.05.05-23.38.18:891][  0]LogUObjectGlobals: Warning: Failed to load '/Game/models/Characters_Exo/New/Textures/alpha_head_base_gloss': Can't find file '/Game/models/Characters_Exo/New/Textures/alpha_head_base_gloss'
[2019.05.05-23.38.18:891][  0]LogLinker: Warning: Can't find file for asset '/Game/models/Characters_Exo/New/Textures/alpha_head_base_gloss' while loading NULL.
[2019.05.05-23.38.18:891][  0]LoadErrors: Failed to load /Game/models/Characters_Exo/New/Textures/alpha_head_base_gloss.alpha_head_base_gloss Referenced by MaterialExpressionTextureSample_1
[2019.05.05-23.38.18:891][  0]LogUObjectGlobals: Warning: Failed to load '/Game/models/Characters_Exo/New/Textures/alpha_head_base_gloss': Can't find file for asset '/Game/models/Characters_Exo/New/Textures/alpha_head_base_gloss' while loading NULL.
[2019.05.05-23.38.18:891][  0]LogLinker: Warning: Can't find file '/Game/models/Characters_Exo/New/Textures/alpha_head_base_norm'
[2019.05.05-23.38.18:891][  0]LoadErrors: Failed to load /Game/models/Characters_Exo/New/Textures/alpha_head_base_norm.alpha_head_base_norm Referenced by MaterialExpressionTextureSample_2
[2019.05.05-23.38.18:892][  0]LogUObjectGlobals: Warning: Failed to load '/Game/models/Characters_Exo/New/Textures/alpha_head_base_norm': Can't find file '/Game/models/Characters_Exo/New/Textures/alpha_head_base_norm'
[2019.05.05-23.38.18:892][  0]LogLinker: Warning: Can't find file for asset '/Game/models/Characters_Exo/New/Textures/alpha_head_base_norm' while loading NULL.
[2019.05.05-23.38.18:892][  0]LoadErrors: Failed to load /Game/models/Characters_Exo/New/Textures/alpha_head_base_norm.alpha_head_base_norm Referenced by MaterialExpressionTextureSample_2
[2019.05.05-23.38.18:892][  0]LogUObjectGlobals: Warning: Failed to load '/Game/models/Characters_Exo/New/Textures/alpha_head_base_norm': Can't find file for asset '/Game/models/Characters_Exo/New/Textures/alpha_head_base_norm' while loading NULL.
[2019.05.05-23.38.18:892][  0]LogLinker: Warning: Can't find file '/Game/models/Characters_Exo/New/Textures/alpha_head_base_rough'
[2019.05.05-23.38.18:892][  0]LoadErrors: Failed to load /Game/models/Characters_Exo/New/Textures/alpha_head_base_rough.alpha_head_base_rough Referenced by MaterialExpressionTextureSample_3
[2019.05.05-23.38.18:892][  0]LogUObjectGlobals: Warning: Failed to load '/Game/models/Characters_Exo/New/Textures/alpha_head_base_rough': Can't find file '/Game/models/Characters_Exo/New/Textures/alpha_head_base_rough'
[2019.05.05-23.38.18:893][  0]LogLinker: Warning: Can't find file for asset '/Game/models/Characters_Exo/New/Textures/alpha_head_base_rough' while loading NULL.
[2019.05.05-23.38.18:893][  0]LoadErrors: Failed to load /Game/models/Characters_Exo/New/Textures/alpha_head_base_rough.alpha_head_base_rough Referenced by MaterialExpressionTextureSample_3
[2019.05.05-23.38.18:893][  0]LogUObjectGlobals: Warning: Failed to load '/Game/models/Characters_Exo/New/Textures/alpha_head_base_rough': Can't find file for asset '/Game/models/Characters_Exo/New/Textures/alpha_head_base_rough' while loading NULL.
[2019.05.05-23.38.18:893][  0]LogLinker: Warning: Can't find file '/Game/models/Characters_Exo/New/Textures/alpha_gorka_pants'
[2019.05.05-23.38.18:893][  0]LoadErrors: Failed to load /Game/models/Characters_Exo/New/Textures/alpha_gorka_pants.alpha_gorka_pants Referenced by MaterialExpressionTextureSample_0
[2019.05.05-23.38.18:893][  0]LogUObjectGlobals: Warning: Failed to load '/Game/models/Characters_Exo/New/Textures/alpha_gorka_pants': Can't find file '/Game/models/Characters_Exo/New/Textures/alpha_gorka_pants'
[2019.05.05-23.38.18:893][  0]LogLinker: Warning: Can't find file for asset '/Game/models/Characters_Exo/New/Textures/alpha_gorka_pants' while loading NULL.
[2019.05.05-23.38.18:894][  0]LoadErrors: Failed to load /Game/models/Characters_Exo/New/Textures/alpha_gorka_pants.alpha_gorka_pants Referenced by MaterialExpressionTextureSample_0
[2019.05.05-23.38.18:894][  0]LogUObjectGlobals: Warning: Failed to load '/Game/models/Characters_Exo/New/Textures/alpha_gorka_pants': Can't find file for asset '/Game/models/Characters_Exo/New/Textures/alpha_gorka_pants' while loading NULL.
[2019.05.05-23.38.18:894][  0]LogLinker: Warning: Can't find file '/Game/models/Characters_Exo/New/Textures/alpha_gorka_pants_rough'
[2019.05.05-23.38.18:894][  0]LoadErrors: Failed to load /Game/models/Characters_Exo/New/Textures/alpha_gorka_pants_rough.alpha_gorka_pants_rough Referenced by MaterialExpressionTextureSample_1
[2019.05.05-23.38.18:894][  0]LogUObjectGlobals: Warning: Failed to load '/Game/models/Characters_Exo/New/Textures/alpha_gorka_pants_rough': Can't find file '/Game/models/Characters_Exo/New/Textures/alpha_gorka_pants_rough'
[2019.05.05-23.38.18:894][  0]LogLinker: Warning: Can't find file for asset '/Game/models/Characters_Exo/New/Textures/alpha_gorka_pants_rough' while loading NULL.
[2019.05.05-23.38.18:894][  0]LoadErrors: Failed to load /Game/models/Characters_Exo/New/Textures/alpha_gorka_pants_rough.alpha_gorka_pants_rough Referenced by MaterialExpressionTextureSample_1
[2019.05.05-23.38.18:894][  0]LogUObjectGlobals: Warning: Failed to load '/Game/models/Characters_Exo/New/Textures/alpha_gorka_pants_rough': Can't find file for asset '/Game/models/Characters_Exo/New/Textures/alpha_gorka_pants_rough' while loading NULL.
[2019.05.05-23.38.18:895][  0]LogLinker: Warning: Can't find file '/Game/models/Characters_Exo/New/Textures/alpha_gorka_pants_gloss'
[2019.05.05-23.38.18:895][  0]LoadErrors: Failed to load /Game/models/Characters_Exo/New/Textures/alpha_gorka_pants_gloss.alpha_gorka_pants_gloss Referenced by MaterialExpressionTextureSample_2
[2019.05.05-23.38.18:895][  0]LogUObjectGlobals: Warning: Failed to load '/Game/models/Characters_Exo/New/Textures/alpha_gorka_pants_gloss': Can't find file '/Game/models/Characters_Exo/New/Textures/alpha_gorka_pants_gloss'
[2019.05.05-23.38.18:895][  0]LogLinker: Warning: Can't find file for asset '/Game/models/Characters_Exo/New/Textures/alpha_gorka_pants_gloss' while loading NULL.
[2019.05.05-23.38.18:895][  0]LoadErrors: Failed to load /Game/models/Characters_Exo/New/Textures/alpha_gorka_pants_gloss.alpha_gorka_pants_gloss Referenced by MaterialExpressionTextureSample_2
[2019.05.05-23.38.18:895][  0]LogUObjectGlobals: Warning: Failed to load '/Game/models/Characters_Exo/New/Textures/alpha_gorka_pants_gloss': Can't find file for asset '/Game/models/Characters_Exo/New/Textures/alpha_gorka_pants_gloss' while loading NULL.
[2019.05.05-23.38.18:895][  0]LogLinker: Warning: Can't find file '/Game/models/Characters_Exo/New/Textures/alpha_gorka_pants_norm'
[2019.05.05-23.38.18:895][  0]LoadErrors: Failed to load /Game/models/Characters_Exo/New/Textures/alpha_gorka_pants_norm.alpha_gorka_pants_norm Referenced by MaterialExpressionTextureSample_3
[2019.05.05-23.38.18:895][  0]LogUObjectGlobals: Warning: Failed to load '/Game/models/Characters_Exo/New/Textures/alpha_gorka_pants_norm': Can't find file '/Game/models/Characters_Exo/New/Textures/alpha_gorka_pants_norm'
[2019.05.05-23.38.18:896][  0]LogLinker: Warning: Can't find file for asset '/Game/models/Characters_Exo/New/Textures/alpha_gorka_pants_norm' while loading NULL.
[2019.05.05-23.38.18:896][  0]LoadErrors: Failed to load /Game/models/Characters_Exo/New/Textures/alpha_gorka_pants_norm.alpha_gorka_pants_norm Referenced by MaterialExpressionTextureSample_3
[2019.05.05-23.38.18:896][  0]LogUObjectGlobals: Warning: Failed to load '/Game/models/Characters_Exo/New/Textures/alpha_gorka_pants_norm': Can't find file for asset '/Game/models/Characters_Exo/New/Textures/alpha_gorka_pants_norm' while loading NULL.
[2019.05.05-23.38.18:896][  0]LogLinker: Warning: Can't find file '/Game/models/Characters_Exo/New/Textures/alpha_gear'
[2019.05.05-23.38.18:896][  0]LoadErrors: Failed to load /Game/models/Characters_Exo/New/Textures/alpha_gear.alpha_gear Referenced by MaterialExpressionTextureSample_0
[2019.05.05-23.38.18:896][  0]LogUObjectGlobals: Warning: Failed to load '/Game/models/Characters_Exo/New/Textures/alpha_gear': Can't find file '/Game/models/Characters_Exo/New/Textures/alpha_gear'
[2019.05.05-23.38.18:897][  0]LogLinker: Warning: Can't find file for asset '/Game/models/Characters_Exo/New/Textures/alpha_gear' while loading NULL.
[2019.05.05-23.38.18:897][  0]LoadErrors: Failed to load /Game/models/Characters_Exo/New/Textures/alpha_gear.alpha_gear Referenced by MaterialExpressionTextureSample_0
[2019.05.05-23.38.18:897][  0]LogUObjectGlobals: Warning: Failed to load '/Game/models/Characters_Exo/New/Textures/alpha_gear': Can't find file for asset '/Game/models/Characters_Exo/New/Textures/alpha_gear' while loading NULL.
[2019.05.05-23.38.18:897][  0]LogLinker: Warning: Can't find file '/Game/models/Characters_Exo/New/Textures/alpha_boots'
[2019.05.05-23.38.18:897][  0]LoadErrors: Failed to load /Game/models/Characters_Exo/New/Textures/alpha_boots.alpha_boots Referenced by MaterialExpressionTextureSample_0
[2019.05.05-23.38.18:897][  0]LogUObjectGlobals: Warning: Failed to load '/Game/models/Characters_Exo/New/Textures/alpha_boots': Can't find file '/Game/models/Characters_Exo/New/Textures/alpha_boots'
[2019.05.05-23.38.18:897][  0]LogLinker: Warning: Can't find file for asset '/Game/models/Characters_Exo/New/Textures/alpha_boots' while loading NULL.
[2019.05.05-23.38.18:897][  0]LoadErrors: Failed to load /Game/models/Characters_Exo/New/Textures/alpha_boots.alpha_boots Referenced by MaterialExpressionTextureSample_0
[2019.05.05-23.38.18:897][  0]LogUObjectGlobals: Warning: Failed to load '/Game/models/Characters_Exo/New/Textures/alpha_boots': Can't find file for asset '/Game/models/Characters_Exo/New/Textures/alpha_boots' while loading NULL.
[2019.05.05-23.38.18:898][  0]LogLinker: Warning: Can't find file '/Game/models/Characters_Exo/New/Textures/alpha_boots_gloss'
[2019.05.05-23.38.18:898][  0]LoadErrors: Failed to load /Game/models/Characters_Exo/New/Textures/alpha_boots_gloss.alpha_boots_gloss Referenced by MaterialExpressionTextureSample_1
[2019.05.05-23.38.18:898][  0]LogUObjectGlobals: Warning: Failed to load '/Game/models/Characters_Exo/New/Textures/alpha_boots_gloss': Can't find file '/Game/models/Characters_Exo/New/Textures/alpha_boots_gloss'
[2019.05.05-23.38.18:898][  0]LogLinker: Warning: Can't find file for asset '/Game/models/Characters_Exo/New/Textures/alpha_boots_gloss' while loading NULL.
[2019.05.05-23.38.18:898][  0]LoadErrors: Failed to load /Game/models/Characters_Exo/New/Textures/alpha_boots_gloss.alpha_boots_gloss Referenced by MaterialExpressionTextureSample_1
[2019.05.05-23.38.18:898][  0]LogUObjectGlobals: Warning: Failed to load '/Game/models/Characters_Exo/New/Textures/alpha_boots_gloss': Can't find file for asset '/Game/models/Characters_Exo/New/Textures/alpha_boots_gloss' while loading NULL.
[2019.05.05-23.38.18:898][  0]LogLinker: Warning: Can't find file '/Game/models/Characters_Exo/New/Textures/alpha_boots_rough'
[2019.05.05-23.38.18:898][  0]LoadErrors: Failed to load /Game/models/Characters_Exo/New/Textures/alpha_boots_rough.alpha_boots_rough Referenced by MaterialExpressionTextureSample_2
[2019.05.05-23.38.18:899][  0]LogUObjectGlobals: Warning: Failed to load '/Game/models/Characters_Exo/New/Textures/alpha_boots_rough': Can't find file '/Game/models/Characters_Exo/New/Textures/alpha_boots_rough'
[2019.05.05-23.38.18:899][  0]LogLinker: Warning: Can't find file for asset '/Game/models/Characters_Exo/New/Textures/alpha_boots_rough' while loading NULL.
[2019.05.05-23.38.18:899][  0]LoadErrors: Failed to load /Game/models/Characters_Exo/New/Textures/alpha_boots_rough.alpha_boots_rough Referenced by MaterialExpressionTextureSample_2
[2019.05.05-23.38.18:899][  0]LogUObjectGlobals: Warning: Failed to load '/Game/models/Characters_Exo/New/Textures/alpha_boots_rough': Can't find file for asset '/Game/models/Characters_Exo/New/Textures/alpha_boots_rough' while loading NULL.
[2019.05.05-23.38.18:899][  0]LogLinker: Warning: Can't find file '/Game/models/Characters_Exo/New/Textures/alpha_boots_norm'
[2019.05.05-23.38.18:899][  0]LoadErrors: Failed to load /Game/models/Characters_Exo/New/Textures/alpha_boots_norm.alpha_boots_norm Referenced by MaterialExpressionTextureSample_3
[2019.05.05-23.38.18:899][  0]LogUObjectGlobals: Warning: Failed to load '/Game/models/Characters_Exo/New/Textures/alpha_boots_norm': Can't find file '/Game/models/Characters_Exo/New/Textures/alpha_boots_norm'
[2019.05.05-23.38.18:899][  0]LogLinker: Warning: Can't find file for asset '/Game/models/Characters_Exo/New/Textures/alpha_boots_norm' while loading NULL.
[2019.05.05-23.38.18:899][  0]LoadErrors: Failed to load /Game/models/Characters_Exo/New/Textures/alpha_boots_norm.alpha_boots_norm Referenced by MaterialExpressionTextureSample_3
[2019.05.05-23.38.18:900][  0]LogUObjectGlobals: Warning: Failed to load '/Game/models/Characters_Exo/New/Textures/alpha_boots_norm': Can't find file for asset '/Game/models/Characters_Exo/New/Textures/alpha_boots_norm' while loading NULL.
[2019.05.05-23.38.18:940][  0]LogLinker: Warning: Can't find file '/Game/models/Characters_Exo/New/Textures/alpha_gorka_jacket'
[2019.05.05-23.38.18:940][  0]LoadErrors: Failed to load /Game/models/Characters_Exo/New/Textures/alpha_gorka_jacket.alpha_gorka_jacket Referenced by MaterialExpressionTextureSample_0
[2019.05.05-23.38.18:940][  0]LogUObjectGlobals: Warning: Failed to load '/Game/models/Characters_Exo/New/Textures/alpha_gorka_jacket': Can't find file '/Game/models/Characters_Exo/New/Textures/alpha_gorka_jacket'
[2019.05.05-23.38.18:940][  0]LogLinker: Warning: Can't find file for asset '/Game/models/Characters_Exo/New/Textures/alpha_gorka_jacket' while loading NULL.
[2019.05.05-23.38.18:940][  0]LoadErrors: Failed to load /Game/models/Characters_Exo/New/Textures/alpha_gorka_jacket.alpha_gorka_jacket Referenced by MaterialExpressionTextureSample_0
[2019.05.05-23.38.18:940][  0]LogUObjectGlobals: Warning: Failed to load '/Game/models/Characters_Exo/New/Textures/alpha_gorka_jacket': Can't find file for asset '/Game/models/Characters_Exo/New/Textures/alpha_gorka_jacket' while loading NULL.
[2019.05.05-23.38.18:941][  0]LogLinker: Warning: Can't find file '/Game/models/Characters_Exo/New/Textures/alpha_gorka_jacket_gloss'
[2019.05.05-23.38.18:941][  0]LoadErrors: Failed to load /Game/models/Characters_Exo/New/Textures/alpha_gorka_jacket_gloss.alpha_gorka_jacket_gloss Referenced by MaterialExpressionTextureSample_1
[2019.05.05-23.38.18:941][  0]LogUObjectGlobals: Warning: Failed to load '/Game/models/Characters_Exo/New/Textures/alpha_gorka_jacket_gloss': Can't find file '/Game/models/Characters_Exo/New/Textures/alpha_gorka_jacket_gloss'
[2019.05.05-23.38.18:941][  0]LogLinker: Warning: Can't find file for asset '/Game/models/Characters_Exo/New/Textures/alpha_gorka_jacket_gloss' while loading NULL.
[2019.05.05-23.38.18:941][  0]LoadErrors: Failed to load /Game/models/Characters_Exo/New/Textures/alpha_gorka_jacket_gloss.alpha_gorka_jacket_gloss Referenced by MaterialExpressionTextureSample_1
[2019.05.05-23.38.18:941][  0]LogUObjectGlobals: Warning: Failed to load '/Game/models/Characters_Exo/New/Textures/alpha_gorka_jacket_gloss': Can't find file for asset '/Game/models/Characters_Exo/New/Textures/alpha_gorka_jacket_gloss' while loading NULL.
[2019.05.05-23.38.18:941][  0]LogLinker: Warning: Can't find file '/Game/models/Characters_Exo/New/Textures/alpha_gorka_jacket_norm'
[2019.05.05-23.38.18:941][  0]LoadErrors: Failed to load /Game/models/Characters_Exo/New/Textures/alpha_gorka_jacket_norm.alpha_gorka_jacket_norm Referenced by MaterialExpressionTextureSample_2
[2019.05.05-23.38.18:941][  0]LogUObjectGlobals: Warning: Failed to load '/Game/models/Characters_Exo/New/Textures/alpha_gorka_jacket_norm': Can't find file '/Game/models/Characters_Exo/New/Textures/alpha_gorka_jacket_norm'
[2019.05.05-23.38.18:942][  0]LogLinker: Warning: Can't find file for asset '/Game/models/Characters_Exo/New/Textures/alpha_gorka_jacket_norm' while loading NULL.
[2019.05.05-23.38.18:942][  0]LoadErrors: Failed to load /Game/models/Characters_Exo/New/Textures/alpha_gorka_jacket_norm.alpha_gorka_jacket_norm Referenced by MaterialExpressionTextureSample_2
[2019.05.05-23.38.18:942][  0]LogUObjectGlobals: Warning: Failed to load '/Game/models/Characters_Exo/New/Textures/alpha_gorka_jacket_norm': Can't find file for asset '/Game/models/Characters_Exo/New/Textures/alpha_gorka_jacket_norm' while loading NULL.
[2019.05.05-23.38.18:942][  0]LogLinker: Warning: Can't find file '/Game/models/Characters_Exo/New/Textures/alpha_gorka_jacket_rough'
[2019.05.05-23.38.18:942][  0]LoadErrors: Failed to load /Game/models/Characters_Exo/New/Textures/alpha_gorka_jacket_rough.alpha_gorka_jacket_rough Referenced by MaterialExpressionTextureSample_3
[2019.05.05-23.38.18:942][  0]LogUObjectGlobals: Warning: Failed to load '/Game/models/Characters_Exo/New/Textures/alpha_gorka_jacket_rough': Can't find file '/Game/models/Characters_Exo/New/Textures/alpha_gorka_jacket_rough'
[2019.05.05-23.38.18:942][  0]LogLinker: Warning: Can't find file for asset '/Game/models/Characters_Exo/New/Textures/alpha_gorka_jacket_rough' while loading NULL.
[2019.05.05-23.38.18:942][  0]LoadErrors: Failed to load /Game/models/Characters_Exo/New/Textures/alpha_gorka_jacket_rough.alpha_gorka_jacket_rough Referenced by MaterialExpressionTextureSample_3
[2019.05.05-23.38.18:943][  0]LogUObjectGlobals: Warning: Failed to load '/Game/models/Characters_Exo/New/Textures/alpha_gorka_jacket_rough': Can't find file for asset '/Game/models/Characters_Exo/New/Textures/alpha_gorka_jacket_rough' while loading NULL.
[2019.05.05-23.38.18:943][  0]LogLinker: Warning: Can't find file '/Game/models/Characters_Exo/New/Textures/alpha_vest'
[2019.05.05-23.38.18:943][  0]LoadErrors: Failed to load /Game/models/Characters_Exo/New/Textures/alpha_vest.alpha_vest Referenced by MaterialExpressionTextureSample_0
[2019.05.05-23.38.18:943][  0]LogUObjectGlobals: Warning: Failed to load '/Game/models/Characters_Exo/New/Textures/alpha_vest': Can't find file '/Game/models/Characters_Exo/New/Textures/alpha_vest'
[2019.05.05-23.38.18:943][  0]LogLinker: Warning: Can't find file for asset '/Game/models/Characters_Exo/New/Textures/alpha_vest' while loading NULL.
[2019.05.05-23.38.18:944][  0]LoadErrors: Failed to load /Game/models/Characters_Exo/New/Textures/alpha_vest.alpha_vest Referenced by MaterialExpressionTextureSample_0
[2019.05.05-23.38.18:944][  0]LogUObjectGlobals: Warning: Failed to load '/Game/models/Characters_Exo/New/Textures/alpha_vest': Can't find file for asset '/Game/models/Characters_Exo/New/Textures/alpha_vest' while loading NULL.
[2019.05.05-23.38.18:944][  0]LogLinker: Warning: Can't find file '/Game/models/Characters_Exo/New/Textures/alpha_vest_gloss'
[2019.05.05-23.38.18:944][  0]LoadErrors: Failed to load /Game/models/Characters_Exo/New/Textures/alpha_vest_gloss.alpha_vest_gloss Referenced by MaterialExpressionTextureSample_1
[2019.05.05-23.38.18:944][  0]LogUObjectGlobals: Warning: Failed to load '/Game/models/Characters_Exo/New/Textures/alpha_vest_gloss': Can't find file '/Game/models/Characters_Exo/New/Textures/alpha_vest_gloss'
[2019.05.05-23.38.18:944][  0]LogLinker: Warning: Can't find file for asset '/Game/models/Characters_Exo/New/Textures/alpha_vest_gloss' while loading NULL.
[2019.05.05-23.38.18:944][  0]LoadErrors: Failed to load /Game/models/Characters_Exo/New/Textures/alpha_vest_gloss.alpha_vest_gloss Referenced by MaterialExpressionTextureSample_1
[2019.05.05-23.38.18:944][  0]LogUObjectGlobals: Warning: Failed to load '/Game/models/Characters_Exo/New/Textures/alpha_vest_gloss': Can't find file for asset '/Game/models/Characters_Exo/New/Textures/alpha_vest_gloss' while loading NULL.
[2019.05.05-23.38.18:945][  0]LogLinker: Warning: Can't find file '/Game/models/Characters_Exo/New/Textures/alpha_vest_norm'
[2019.05.05-23.38.18:945][  0]LoadErrors: Failed to load /Game/models/Characters_Exo/New/Textures/alpha_vest_norm.alpha_vest_norm Referenced by MaterialExpressionTextureSample_2
[2019.05.05-23.38.18:945][  0]LogUObjectGlobals: Warning: Failed to load '/Game/models/Characters_Exo/New/Textures/alpha_vest_norm': Can't find file '/Game/models/Characters_Exo/New/Textures/alpha_vest_norm'
[2019.05.05-23.38.18:945][  0]LogLinker: Warning: Can't find file for asset '/Game/models/Characters_Exo/New/Textures/alpha_vest_norm' while loading NULL.
[2019.05.05-23.38.18:945][  0]LoadErrors: Failed to load /Game/models/Characters_Exo/New/Textures/alpha_vest_norm.alpha_vest_norm Referenced by MaterialExpressionTextureSample_2
[2019.05.05-23.38.18:945][  0]LogUObjectGlobals: Warning: Failed to load '/Game/models/Characters_Exo/New/Textures/alpha_vest_norm': Can't find file for asset '/Game/models/Characters_Exo/New/Textures/alpha_vest_norm' while loading NULL.
[2019.05.05-23.38.18:945][  0]LogLinker: Warning: Can't find file '/Game/models/Characters_Exo/New/Textures/alpha_vest_rough'
[2019.05.05-23.38.18:946][  0]LoadErrors: Failed to load /Game/models/Characters_Exo/New/Textures/alpha_vest_rough.alpha_vest_rough Referenced by MaterialExpressionTextureSample_3
[2019.05.05-23.38.18:946][  0]LogUObjectGlobals: Warning: Failed to load '/Game/models/Characters_Exo/New/Textures/alpha_vest_rough': Can't find file '/Game/models/Characters_Exo/New/Textures/alpha_vest_rough'
[2019.05.05-23.38.18:946][  0]LogLinker: Warning: Can't find file for asset '/Game/models/Characters_Exo/New/Textures/alpha_vest_rough' while loading NULL.
[2019.05.05-23.38.18:946][  0]LoadErrors: Failed to load /Game/models/Characters_Exo/New/Textures/alpha_vest_rough.alpha_vest_rough Referenced by MaterialExpressionTextureSample_3
[2019.05.05-23.38.18:946][  0]LogUObjectGlobals: Warning: Failed to load '/Game/models/Characters_Exo/New/Textures/alpha_vest_rough': Can't find file for asset '/Game/models/Characters_Exo/New/Textures/alpha_vest_rough' while loading NULL.
[2019.05.05-23.38.18:946][  0]LogLinker: Warning: Can't find file '/Game/models/Characters_Exo/New/Textures/alpha_vest_pockets'
[2019.05.05-23.38.18:946][  0]LoadErrors: Failed to load /Game/models/Characters_Exo/New/Textures/alpha_vest_pockets.alpha_vest_pockets Referenced by MaterialExpressionTextureSample_0
[2019.05.05-23.38.18:946][  0]LogUObjectGlobals: Warning: Failed to load '/Game/models/Characters_Exo/New/Textures/alpha_vest_pockets': Can't find file '/Game/models/Characters_Exo/New/Textures/alpha_vest_pockets'
[2019.05.05-23.38.18:947][  0]LogLinker: Warning: Can't find file for asset '/Game/models/Characters_Exo/New/Textures/alpha_vest_pockets' while loading NULL.
[2019.05.05-23.38.18:947][  0]LoadErrors: Failed to load /Game/models/Characters_Exo/New/Textures/alpha_vest_pockets.alpha_vest_pockets Referenced by MaterialExpressionTextureSample_0
[2019.05.05-23.38.18:947][  0]LogUObjectGlobals: Warning: Failed to load '/Game/models/Characters_Exo/New/Textures/alpha_vest_pockets': Can't find file for asset '/Game/models/Characters_Exo/New/Textures/alpha_vest_pockets' while loading NULL.
[2019.05.05-23.38.18:947][  0]LogLinker: Warning: Can't find file '/Game/models/Characters_Exo/New/Textures/alpha_vest_pockets_gloss'
[2019.05.05-23.38.18:947][  0]LoadErrors: Failed to load /Game/models/Characters_Exo/New/Textures/alpha_vest_pockets_gloss.alpha_vest_pockets_gloss Referenced by MaterialExpressionTextureSample_1
[2019.05.05-23.38.18:947][  0]LogUObjectGlobals: Warning: Failed to load '/Game/models/Characters_Exo/New/Textures/alpha_vest_pockets_gloss': Can't find file '/Game/models/Characters_Exo/New/Textures/alpha_vest_pockets_gloss'
[2019.05.05-23.38.18:947][  0]LogLinker: Warning: Can't find file for asset '/Game/models/Characters_Exo/New/Textures/alpha_vest_pockets_gloss' while loading NULL.
[2019.05.05-23.38.18:947][  0]LoadErrors: Failed to load /Game/models/Characters_Exo/New/Textures/alpha_vest_pockets_gloss.alpha_vest_pockets_gloss Referenced by MaterialExpressionTextureSample_1
[2019.05.05-23.38.18:947][  0]LogUObjectGlobals: Warning: Failed to load '/Game/models/Characters_Exo/New/Textures/alpha_vest_pockets_gloss': Can't find file for asset '/Game/models/Characters_Exo/New/Textures/alpha_vest_pockets_gloss' while loading NULL.
[2019.05.05-23.38.18:948][  0]LogLinker: Warning: Can't find file '/Game/models/Characters_Exo/New/Textures/alpha_vest_pockets_norm'
[2019.05.05-23.38.18:948][  0]LoadErrors: Failed to load /Game/models/Characters_Exo/New/Textures/alpha_vest_pockets_norm.alpha_vest_pockets_norm Referenced by MaterialExpressionTextureSample_2
[2019.05.05-23.38.18:948][  0]LogUObjectGlobals: Warning: Failed to load '/Game/models/Characters_Exo/New/Textures/alpha_vest_pockets_norm': Can't find file '/Game/models/Characters_Exo/New/Textures/alpha_vest_pockets_norm'
[2019.05.05-23.38.18:948][  0]LogLinker: Warning: Can't find file for asset '/Game/models/Characters_Exo/New/Textures/alpha_vest_pockets_norm' while loading NULL.
[2019.05.05-23.38.18:948][  0]LoadErrors: Failed to load /Game/models/Characters_Exo/New/Textures/alpha_vest_pockets_norm.alpha_vest_pockets_norm Referenced by MaterialExpressionTextureSample_2
[2019.05.05-23.38.18:948][  0]LogUObjectGlobals: Warning: Failed to load '/Game/models/Characters_Exo/New/Textures/alpha_vest_pockets_norm': Can't find file for asset '/Game/models/Characters_Exo/New/Textures/alpha_vest_pockets_norm' while loading NULL.
[2019.05.05-23.38.18:948][  0]LogLinker: Warning: Can't find file '/Game/models/Characters_Exo/New/Textures/alpha_vest_pockets_rough'
[2019.05.05-23.38.18:948][  0]LoadErrors: Failed to load /Game/models/Characters_Exo/New/Textures/alpha_vest_pockets_rough.alpha_vest_pockets_rough Referenced by MaterialExpressionTextureSample_3
[2019.05.05-23.38.18:949][  0]LogUObjectGlobals: Warning: Failed to load '/Game/models/Characters_Exo/New/Textures/alpha_vest_pockets_rough': Can't find file '/Game/models/Characters_Exo/New/Textures/alpha_vest_pockets_rough'
[2019.05.05-23.38.18:949][  0]LogLinker: Warning: Can't find file for asset '/Game/models/Characters_Exo/New/Textures/alpha_vest_pockets_rough' while loading NULL.
[2019.05.05-23.38.18:949][  0]LoadErrors: Failed to load /Game/models/Characters_Exo/New/Textures/alpha_vest_pockets_rough.alpha_vest_pockets_rough Referenced by MaterialExpressionTextureSample_3
[2019.05.05-23.38.18:949][  0]LogUObjectGlobals: Warning: Failed to load '/Game/models/Characters_Exo/New/Textures/alpha_vest_pockets_rough': Can't find file for asset '/Game/models/Characters_Exo/New/Textures/alpha_vest_pockets_rough' while loading NULL.
[2019.05.05-23.38.18:949][  0]LogLinker: Warning: Can't find file '/Game/models/Characters_Exo/New/Textures/alpha_mask'
[2019.05.05-23.38.18:949][  0]LoadErrors: Failed to load /Game/models/Characters_Exo/New/Textures/alpha_mask.alpha_mask Referenced by MaterialExpressionTextureSample_0
[2019.05.05-23.38.18:949][  0]LogUObjectGlobals: Warning: Failed to load '/Game/models/Characters_Exo/New/Textures/alpha_mask': Can't find file '/Game/models/Characters_Exo/New/Textures/alpha_mask'
[2019.05.05-23.38.18:950][  0]LogLinker: Warning: Can't find file for asset '/Game/models/Characters_Exo/New/Textures/alpha_mask' while loading NULL.
[2019.05.05-23.38.18:950][  0]LoadErrors: Failed to load /Game/models/Characters_Exo/New/Textures/alpha_mask.alpha_mask Referenced by MaterialExpressionTextureSample_0
[2019.05.05-23.38.18:950][  0]LogUObjectGlobals: Warning: Failed to load '/Game/models/Characters_Exo/New/Textures/alpha_mask': Can't find file for asset '/Game/models/Characters_Exo/New/Textures/alpha_mask' while loading NULL.
[2019.05.05-23.38.18:950][  0]LogLinker: Warning: Can't find file '/Game/models/Characters_Exo/New/Textures/alpha_mask_gloss'
[2019.05.05-23.38.18:950][  0]LoadErrors: Failed to load /Game/models/Characters_Exo/New/Textures/alpha_mask_gloss.alpha_mask_gloss Referenced by MaterialExpressionTextureSample_1
[2019.05.05-23.38.18:950][  0]LogUObjectGlobals: Warning: Failed to load '/Game/models/Characters_Exo/New/Textures/alpha_mask_gloss': Can't find file '/Game/models/Characters_Exo/New/Textures/alpha_mask_gloss'
[2019.05.05-23.38.18:950][  0]LogLinker: Warning: Can't find file for asset '/Game/models/Characters_Exo/New/Textures/alpha_mask_gloss' while loading NULL.
[2019.05.05-23.38.18:950][  0]LoadErrors: Failed to load /Game/models/Characters_Exo/New/Textures/alpha_mask_gloss.alpha_mask_gloss Referenced by MaterialExpressionTextureSample_1
[2019.05.05-23.38.18:950][  0]LogUObjectGlobals: Warning: Failed to load '/Game/models/Characters_Exo/New/Textures/alpha_mask_gloss': Can't find file for asset '/Game/models/Characters_Exo/New/Textures/alpha_mask_gloss' while loading NULL.
[2019.05.05-23.38.18:951][  0]LogLinker: Warning: Can't find file '/Game/models/Characters_Exo/New/Textures/alpha_mask_norm'
[2019.05.05-23.38.18:951][  0]LoadErrors: Failed to load /Game/models/Characters_Exo/New/Textures/alpha_mask_norm.alpha_mask_norm Referenced by MaterialExpressionTextureSample_2
[2019.05.05-23.38.18:951][  0]LogUObjectGlobals: Warning: Failed to load '/Game/models/Characters_Exo/New/Textures/alpha_mask_norm': Can't find file '/Game/models/Characters_Exo/New/Textures/alpha_mask_norm'
[2019.05.05-23.38.18:951][  0]LogLinker: Warning: Can't find file for asset '/Game/models/Characters_Exo/New/Textures/alpha_mask_norm' while loading NULL.
[2019.05.05-23.38.18:951][  0]LoadErrors: Failed to load /Game/models/Characters_Exo/New/Textures/alpha_mask_norm.alpha_mask_norm Referenced by MaterialExpressionTextureSample_2
[2019.05.05-23.38.18:951][  0]LogUObjectGlobals: Warning: Failed to load '/Game/models/Characters_Exo/New/Textures/alpha_mask_norm': Can't find file for asset '/Game/models/Characters_Exo/New/Textures/alpha_mask_norm' while loading NULL.
[2019.05.05-23.38.18:951][  0]LogLinker: Warning: Can't find file '/Game/models/Characters_Exo/New/Textures/alpha_mask_rough'
[2019.05.05-23.38.18:951][  0]LoadErrors: Failed to load /Game/models/Characters_Exo/New/Textures/alpha_mask_rough.alpha_mask_rough Referenced by MaterialExpressionTextureSample_3
[2019.05.05-23.38.18:951][  0]LogUObjectGlobals: Warning: Failed to load '/Game/models/Characters_Exo/New/Textures/alpha_mask_rough': Can't find file '/Game/models/Characters_Exo/New/Textures/alpha_mask_rough'
[2019.05.05-23.38.18:952][  0]LogLinker: Warning: Can't find file for asset '/Game/models/Characters_Exo/New/Textures/alpha_mask_rough' while loading NULL.
[2019.05.05-23.38.18:952][  0]LoadErrors: Failed to load /Game/models/Characters_Exo/New/Textures/alpha_mask_rough.alpha_mask_rough Referenced by MaterialExpressionTextureSample_3
[2019.05.05-23.38.18:952][  0]LogUObjectGlobals: Warning: Failed to load '/Game/models/Characters_Exo/New/Textures/alpha_mask_rough': Can't find file for asset '/Game/models/Characters_Exo/New/Textures/alpha_mask_rough' while loading NULL.
[2019.05.05-23.38.18:964][  0]LogLinker: Warning: Can't find file '/Game/models/Characters_Exo/New/Textures/alpha_helmet_part'
[2019.05.05-23.38.18:964][  0]LoadErrors: Failed to load /Game/models/Characters_Exo/New/Textures/alpha_helmet_part.alpha_helmet_part Referenced by MaterialExpressionTextureSample_0
[2019.05.05-23.38.18:964][  0]LogUObjectGlobals: Warning: Failed to load '/Game/models/Characters_Exo/New/Textures/alpha_helmet_part': Can't find file '/Game/models/Characters_Exo/New/Textures/alpha_helmet_part'
[2019.05.05-23.38.18:964][  0]LogLinker: Warning: Can't find file for asset '/Game/models/Characters_Exo/New/Textures/alpha_helmet_part' while loading NULL.
[2019.05.05-23.38.18:965][  0]LoadErrors: Failed to load /Game/models/Characters_Exo/New/Textures/alpha_helmet_part.alpha_helmet_part Referenced by MaterialExpressionTextureSample_0
[2019.05.05-23.38.18:965][  0]LogUObjectGlobals: Warning: Failed to load '/Game/models/Characters_Exo/New/Textures/alpha_helmet_part': Can't find file for asset '/Game/models/Characters_Exo/New/Textures/alpha_helmet_part' while loading NULL.
[2019.05.05-23.38.18:965][  0]LogLinker: Warning: Can't find file '/Game/models/Characters_Exo/New/Textures/alpha_helmet_part_gloss'
[2019.05.05-23.38.18:965][  0]LoadErrors: Failed to load /Game/models/Characters_Exo/New/Textures/alpha_helmet_part_gloss.alpha_helmet_part_gloss Referenced by MaterialExpressionTextureSample_1
[2019.05.05-23.38.18:965][  0]LogUObjectGlobals: Warning: Failed to load '/Game/models/Characters_Exo/New/Textures/alpha_helmet_part_gloss': Can't find file '/Game/models/Characters_Exo/New/Textures/alpha_helmet_part_gloss'
[2019.05.05-23.38.18:965][  0]LogLinker: Warning: Can't find file for asset '/Game/models/Characters_Exo/New/Textures/alpha_helmet_part_gloss' while loading NULL.
[2019.05.05-23.38.18:965][  0]LoadErrors: Failed to load /Game/models/Characters_Exo/New/Textures/alpha_helmet_part_gloss.alpha_helmet_part_gloss Referenced by MaterialExpressionTextureSample_1
[2019.05.05-23.38.18:965][  0]LogUObjectGlobals: Warning: Failed to load '/Game/models/Characters_Exo/New/Textures/alpha_helmet_part_gloss': Can't find file for asset '/Game/models/Characters_Exo/New/Textures/alpha_helmet_part_gloss' while loading NULL.
[2019.05.05-23.38.18:966][  0]LogLinker: Warning: Can't find file '/Game/models/Characters_Exo/New/Textures/alpha_helmet_part_rough'
[2019.05.05-23.38.18:966][  0]LoadErrors: Failed to load /Game/models/Characters_Exo/New/Textures/alpha_helmet_part_rough.alpha_helmet_part_rough Referenced by MaterialExpressionTextureSample_2
[2019.05.05-23.38.18:966][  0]LogUObjectGlobals: Warning: Failed to load '/Game/models/Characters_Exo/New/Textures/alpha_helmet_part_rough': Can't find file '/Game/models/Characters_Exo/New/Textures/alpha_helmet_part_rough'
[2019.05.05-23.38.18:966][  0]LogLinker: Warning: Can't find file for asset '/Game/models/Characters_Exo/New/Textures/alpha_helmet_part_rough' while loading NULL.
[2019.05.05-23.38.18:966][  0]LoadErrors: Failed to load /Game/models/Characters_Exo/New/Textures/alpha_helmet_part_rough.alpha_helmet_part_rough Referenced by MaterialExpressionTextureSample_2
[2019.05.05-23.38.18:966][  0]LogUObjectGlobals: Warning: Failed to load '/Game/models/Characters_Exo/New/Textures/alpha_helmet_part_rough': Can't find file for asset '/Game/models/Characters_Exo/New/Textures/alpha_helmet_part_rough' while loading NULL.
[2019.05.05-23.38.18:966][  0]LogLinker: Warning: Can't find file '/Game/models/Characters_Exo/New/Textures/alpha_helmet_part_norm'
[2019.05.05-23.38.18:966][  0]LoadErrors: Failed to load /Game/models/Characters_Exo/New/Textures/alpha_helmet_part_norm.alpha_helmet_part_norm Referenced by MaterialExpressionTextureSample_3
[2019.05.05-23.38.18:966][  0]LogUObjectGlobals: Warning: Failed to load '/Game/models/Characters_Exo/New/Textures/alpha_helmet_part_norm': Can't find file '/Game/models/Characters_Exo/New/Textures/alpha_helmet_part_norm'
[2019.05.05-23.38.18:967][  0]LogLinker: Warning: Can't find file for asset '/Game/models/Characters_Exo/New/Textures/alpha_helmet_part_norm' while loading NULL.
[2019.05.05-23.38.18:967][  0]LoadErrors: Failed to load /Game/models/Characters_Exo/New/Textures/alpha_helmet_part_norm.alpha_helmet_part_norm Referenced by MaterialExpressionTextureSample_3
[2019.05.05-23.38.18:967][  0]LogUObjectGlobals: Warning: Failed to load '/Game/models/Characters_Exo/New/Textures/alpha_helmet_part_norm': Can't find file for asset '/Game/models/Characters_Exo/New/Textures/alpha_helmet_part_norm' while loading NULL.
[2019.05.05-23.38.18:967][  0]LogLinker: Warning: Can't find file '/Game/models/Characters_Exo/New/Textures/alpha_helmet'
[2019.05.05-23.38.18:967][  0]LoadErrors: Failed to load /Game/models/Characters_Exo/New/Textures/alpha_helmet.alpha_helmet Referenced by MaterialExpressionTextureSample_0
[2019.05.05-23.38.18:967][  0]LogUObjectGlobals: Warning: Failed to load '/Game/models/Characters_Exo/New/Textures/alpha_helmet': Can't find file '/Game/models/Characters_Exo/New/Textures/alpha_helmet'
[2019.05.05-23.38.18:967][  0]LogLinker: Warning: Can't find file for asset '/Game/models/Characters_Exo/New/Textures/alpha_helmet' while loading NULL.
[2019.05.05-23.38.18:967][  0]LoadErrors: Failed to load /Game/models/Characters_Exo/New/Textures/alpha_helmet.alpha_helmet Referenced by MaterialExpressionTextureSample_0
[2019.05.05-23.38.18:968][  0]LogUObjectGlobals: Warning: Failed to load '/Game/models/Characters_Exo/New/Textures/alpha_helmet': Can't find file for asset '/Game/models/Characters_Exo/New/Textures/alpha_helmet' while loading NULL.
[2019.05.05-23.38.18:968][  0]LogLinker: Warning: Can't find file '/Game/models/Characters_Exo/New/Textures/alpha_helmet_gloss'
[2019.05.05-23.38.18:968][  0]LoadErrors: Failed to load /Game/models/Characters_Exo/New/Textures/alpha_helmet_gloss.alpha_helmet_gloss Referenced by MaterialExpressionTextureSample_1
[2019.05.05-23.38.18:968][  0]LogUObjectGlobals: Warning: Failed to load '/Game/models/Characters_Exo/New/Textures/alpha_helmet_gloss': Can't find file '/Game/models/Characters_Exo/New/Textures/alpha_helmet_gloss'
[2019.05.05-23.38.18:968][  0]LogLinker: Warning: Can't find file for asset '/Game/models/Characters_Exo/New/Textures/alpha_helmet_gloss' while loading NULL.
[2019.05.05-23.38.18:968][  0]LoadErrors: Failed to load /Game/models/Characters_Exo/New/Textures/alpha_helmet_gloss.alpha_helmet_gloss Referenced by MaterialExpressionTextureSample_1
[2019.05.05-23.38.18:968][  0]LogUObjectGlobals: Warning: Failed to load '/Game/models/Characters_Exo/New/Textures/alpha_helmet_gloss': Can't find file for asset '/Game/models/Characters_Exo/New/Textures/alpha_helmet_gloss' while loading NULL.
[2019.05.05-23.38.18:969][  0]LogLinker: Warning: Can't find file '/Game/models/Characters_Exo/New/Textures/alpha_helmet_rough'
[2019.05.05-23.38.18:969][  0]LoadErrors: Failed to load /Game/models/Characters_Exo/New/Textures/alpha_helmet_rough.alpha_helmet_rough Referenced by MaterialExpressionTextureSample_2
[2019.05.05-23.38.18:969][  0]LogUObjectGlobals: Warning: Failed to load '/Game/models/Characters_Exo/New/Textures/alpha_helmet_rough': Can't find file '/Game/models/Characters_Exo/New/Textures/alpha_helmet_rough'
[2019.05.05-23.38.18:969][  0]LogLinker: Warning: Can't find file for asset '/Game/models/Characters_Exo/New/Textures/alpha_helmet_rough' while loading NULL.
[2019.05.05-23.38.18:969][  0]LoadErrors: Failed to load /Game/models/Characters_Exo/New/Textures/alpha_helmet_rough.alpha_helmet_rough Referenced by MaterialExpressionTextureSample_2
[2019.05.05-23.38.18:969][  0]LogUObjectGlobals: Warning: Failed to load '/Game/models/Characters_Exo/New/Textures/alpha_helmet_rough': Can't find file for asset '/Game/models/Characters_Exo/New/Textures/alpha_helmet_rough' while loading NULL.
[2019.05.05-23.38.18:969][  0]LogLinker: Warning: Can't find file '/Game/models/Characters_Exo/New/Textures/alpha_helmet_norm'
[2019.05.05-23.38.18:969][  0]LoadErrors: Failed to load /Game/models/Characters_Exo/New/Textures/alpha_helmet_norm.alpha_helmet_norm Referenced by MaterialExpressionTextureSample_3
[2019.05.05-23.38.18:969][  0]LogUObjectGlobals: Warning: Failed to load '/Game/models/Characters_Exo/New/Textures/alpha_helmet_norm': Can't find file '/Game/models/Characters_Exo/New/Textures/alpha_helmet_norm'
[2019.05.05-23.38.18:970][  0]LogLinker: Warning: Can't find file for asset '/Game/models/Characters_Exo/New/Textures/alpha_helmet_norm' while loading NULL.
[2019.05.05-23.38.18:970][  0]LoadErrors: Failed to load /Game/models/Characters_Exo/New/Textures/alpha_helmet_norm.alpha_helmet_norm Referenced by MaterialExpressionTextureSample_3
[2019.05.05-23.38.18:970][  0]LogUObjectGlobals: Warning: Failed to load '/Game/models/Characters_Exo/New/Textures/alpha_helmet_norm': Can't find file for asset '/Game/models/Characters_Exo/New/Textures/alpha_helmet_norm' while loading NULL.
[2019.05.05-23.38.19:024][  0]LogAnimationCompression: Building Anim DDC data for AnimSequence /Game/models/Character_Alpha/Animations/norm_jump_idle.norm_jump_idle
[2019.05.05-23.38.19:024][  0]LogAnimationCompression: Recompressing (AnimSequence /Game/models/Character_Alpha/Animations/norm_jump_idle.norm_jump_idle) using current/default (AnimCompress_BitwiseCompressOnly_0) bFirstRecompressUsingCurrentOrDefault(1) bTryAlternateCompressor(0) IsCompressedDataValid(0)
[2019.05.05-23.38.19:025][  0]LogAnimationCompression: Building Anim DDC data for AnimSequence /Game/models/Character_Alpha/Animations/norm_jump_end.norm_jump_end
[2019.05.05-23.38.19:025][  0]LogAnimationCompression: Recompressing (AnimSequence /Game/models/Character_Alpha/Animations/norm_jump_end.norm_jump_end) using current/default (AnimCompress_BitwiseCompressOnly_0) bFirstRecompressUsingCurrentOrDefault(1) bTryAlternateCompressor(0) IsCompressedDataValid(0)
[2019.05.05-23.38.19:125][  0]LogAnimationCompression: Building Anim DDC data for AnimSequence /Game/models/Character_Alpha/Animations/anim_norm_torso_0_idle_0.anim_norm_torso_0_idle_0
[2019.05.05-23.38.19:126][  0]LogAnimationCompression: Recompressing (AnimSequence /Game/models/Character_Alpha/Animations/anim_norm_torso_0_idle_0.anim_norm_torso_0_idle_0) using current/default (AnimCompress_BitwiseCompressOnly_0) bFirstRecompressUsingCurrentOrDefault(1) bTryAlternateCompressor(0) IsCompressedDataValid(0)
[2019.05.05-23.38.19:242][  0]LogMaterial: Display: Missing cached shader map for material Material__17, compiling. 
[2019.05.05-23.38.19:243][  0]LogMaterial: Warning: H:\Workbench\UE4_Projects\ThirdPersonShooter\Content\models\Character_Alpha\Materials\Material__17.uasset: Failed to compile Material for platform PCD3D_SM5, Default Material will be used in game.
[2019.05.05-23.38.19:243][  0]LogMaterial: 	(Node TextureSample) Texture Sample> Missing input texture
[2019.05.05-23.38.19:245][  0]LogMaterial: Display: Missing cached shader map for material Material__16, compiling. 
[2019.05.05-23.38.19:246][  0]LogMaterial: Warning: H:\Workbench\UE4_Projects\ThirdPersonShooter\Content\models\Character_Alpha\Materials\Material__16.uasset: Failed to compile Material for platform PCD3D_SM5, Default Material will be used in game.
[2019.05.05-23.38.19:246][  0]LogMaterial: 	(Node TextureSample) Texture Sample> Missing input texture
[2019.05.05-23.38.19:249][  0]LogMaterial: Display: Missing cached shader map for material Material__15, compiling. 
[2019.05.05-23.38.19:249][  0]LogMaterial: Warning: H:\Workbench\UE4_Projects\ThirdPersonShooter\Content\models\Character_Alpha\Materials\Material__15.uasset: Failed to compile Material for platform PCD3D_SM5, Default Material will be used in game.
[2019.05.05-23.38.19:249][  0]LogMaterial: 	(Node TextureSample) Texture Sample> Missing input texture
[2019.05.05-23.38.19:252][  0]LogMaterial: Display: Missing cached shader map for material Material__14, compiling. 
[2019.05.05-23.38.19:253][  0]LogMaterial: Warning: H:\Workbench\UE4_Projects\ThirdPersonShooter\Content\models\Character_Alpha\Materials\Material__14.uasset: Failed to compile Material for platform PCD3D_SM5, Default Material will be used in game.
[2019.05.05-23.38.19:253][  0]LogMaterial: 	(Node TextureSample) Texture Sample> Missing input texture
[2019.05.05-23.38.19:255][  0]LogMaterial: Display: Missing cached shader map for material Material__13, compiling. 
[2019.05.05-23.38.19:256][  0]LogMaterial: Warning: H:\Workbench\UE4_Projects\ThirdPersonShooter\Content\models\Character_Alpha\Materials\Material__13.uasset: Failed to compile Material for platform PCD3D_SM5, Default Material will be used in game.
[2019.05.05-23.38.19:256][  0]LogMaterial: 	(Node TextureSample) Texture Sample> Missing input texture
[2019.05.05-23.38.19:290][  0]LogAnimationCompression: Building Anim DDC data for AnimSequence /Game/models/Character_Alpha/Animations/Aim/aim_Down.aim_Down
[2019.05.05-23.38.19:291][  0]LogAnimationCompression: Recompressing (AnimSequence /Game/models/Character_Alpha/Animations/Aim/aim_Down.aim_Down) using current/default (AnimCompress_BitwiseCompressOnly_0) bFirstRecompressUsingCurrentOrDefault(1) bTryAlternateCompressor(0) IsCompressedDataValid(0)
[2019.05.05-23.38.19:293][  0]LogAnimationCompression: Building Anim DDC data for AnimSequence /Game/models/Character_Alpha/Animations/Aim/Aim_C.Aim_C
[2019.05.05-23.38.19:294][  0]LogAnimationCompression: Recompressing (AnimSequence /Game/models/Character_Alpha/Animations/Aim/Aim_C.Aim_C) using current/default (AnimCompress_BitwiseCompressOnly_1) bFirstRecompressUsingCurrentOrDefault(1) bTryAlternateCompressor(0) IsCompressedDataValid(0)
[2019.05.05-23.38.19:336][  0]LogAnimationCompression: Building Anim DDC data for AnimSequence /Game/models/Character_Alpha/Animations/norm_escape_right_fwd.norm_escape_right_fwd
[2019.05.05-23.38.19:336][  0]LogAnimationCompression: Recompressing (AnimSequence /Game/models/Character_Alpha/Animations/norm_escape_right_fwd.norm_escape_right_fwd) using current/default (AnimCompress_BitwiseCompressOnly_0) bFirstRecompressUsingCurrentOrDefault(1) bTryAlternateCompressor(0) IsCompressedDataValid(0)
[2019.05.05-23.38.19:344][  0]LogAnimationCompression: Building Anim DDC data for AnimSequence /Game/models/Character_Alpha/Animations/norm_escape_left.norm_escape_left
[2019.05.05-23.38.19:344][  0]LogAnimationCompression: Recompressing (AnimSequence /Game/models/Character_Alpha/Animations/norm_escape_left.norm_escape_left) using current/default (AnimCompress_BitwiseCompressOnly_0) bFirstRecompressUsingCurrentOrDefault(1) bTryAlternateCompressor(0) IsCompressedDataValid(0)
[2019.05.05-23.38.19:345][  0]LogAnimationCompression: Building Anim DDC data for AnimSequence /Game/models/Character_Alpha/Animations/norm_escape_fwd.norm_escape_fwd
[2019.05.05-23.38.19:345][  0]LogAnimationCompression: Recompressing (AnimSequence /Game/models/Character_Alpha/Animations/norm_escape_fwd.norm_escape_fwd) using current/default (AnimCompress_BitwiseCompressOnly_0) bFirstRecompressUsingCurrentOrDefault(1) bTryAlternateCompressor(0) IsCompressedDataValid(0)
[2019.05.05-23.38.19:346][  0]LogAnimationCompression: Building Anim DDC data for AnimSequence /Game/models/Character_Alpha/Animations/norm_run_right_0.norm_run_right_0
[2019.05.05-23.38.19:346][  0]LogAnimationCompression: Recompressing (AnimSequence /Game/models/Character_Alpha/Animations/norm_run_right_0.norm_run_right_0) using current/default (AnimCompress_BitwiseCompressOnly_0) bFirstRecompressUsingCurrentOrDefault(1) bTryAlternateCompressor(0) IsCompressedDataValid(0)
[2019.05.05-23.38.19:347][  0]LogAnimationCompression: Building Anim DDC data for AnimSequence /Game/models/Character_Alpha/Animations/norm_run_left_0.norm_run_left_0
[2019.05.05-23.38.19:347][  0]LogAnimationCompression: Recompressing (AnimSequence /Game/models/Character_Alpha/Animations/norm_run_left_0.norm_run_left_0) using current/default (AnimCompress_BitwiseCompressOnly_0) bFirstRecompressUsingCurrentOrDefault(1) bTryAlternateCompressor(0) IsCompressedDataValid(0)
[2019.05.05-23.38.19:348][  0]LogAnimationCompression: Building Anim DDC data for AnimSequence /Game/models/Character_Alpha/Animations/norm_run_fwd_0.norm_run_fwd_0
[2019.05.05-23.38.19:348][  0]LogAnimationCompression: Recompressing (AnimSequence /Game/models/Character_Alpha/Animations/norm_run_fwd_0.norm_run_fwd_0) using current/default (AnimCompress_BitwiseCompressOnly_0) bFirstRecompressUsingCurrentOrDefault(1) bTryAlternateCompressor(0) IsCompressedDataValid(0)
[2019.05.05-23.38.19:349][  0]LogAnimationCompression: Building Anim DDC data for AnimSequence /Game/models/Character_Alpha/Animations/norm_run_bwd_0.norm_run_bwd_0
[2019.05.05-23.38.19:350][  0]LogAnimationCompression: Recompressing (AnimSequence /Game/models/Character_Alpha/Animations/norm_run_bwd_0.norm_run_bwd_0) using current/default (AnimCompress_BitwiseCompressOnly_0) bFirstRecompressUsingCurrentOrDefault(1) bTryAlternateCompressor(0) IsCompressedDataValid(0)
[2019.05.05-23.38.19:351][  0]LogAnimationCompression: Building Anim DDC data for AnimSequence /Game/models/Character_Alpha/Animations/norm_run_fwd_left_0.norm_run_fwd_left_0
[2019.05.05-23.38.19:351][  0]LogAnimationCompression: Recompressing (AnimSequence /Game/models/Character_Alpha/Animations/norm_run_fwd_left_0.norm_run_fwd_left_0) using current/default (AnimCompress_BitwiseCompressOnly_0) bFirstRecompressUsingCurrentOrDefault(1) bTryAlternateCompressor(0) IsCompressedDataValid(0)
[2019.05.05-23.38.19:352][  0]LogAnimationCompression: Building Anim DDC data for AnimSequence /Game/models/Character_Alpha/Animations/norm_run_bwd_left_0.norm_run_bwd_left_0
[2019.05.05-23.38.19:352][  0]LogAnimationCompression: Recompressing (AnimSequence /Game/models/Character_Alpha/Animations/norm_run_bwd_left_0.norm_run_bwd_left_0) using current/default (AnimCompress_BitwiseCompressOnly_0) bFirstRecompressUsingCurrentOrDefault(1) bTryAlternateCompressor(0) IsCompressedDataValid(0)
[2019.05.05-23.38.19:353][  0]LogAnimationCompression: Building Anim DDC data for AnimSequence /Game/models/Character_Alpha/Animations/norm_run_fwd_right_0.norm_run_fwd_right_0
[2019.05.05-23.38.19:353][  0]LogAnimationCompression: Recompressing (AnimSequence /Game/models/Character_Alpha/Animations/norm_run_fwd_right_0.norm_run_fwd_right_0) using current/default (AnimCompress_BitwiseCompressOnly_0) bFirstRecompressUsingCurrentOrDefault(1) bTryAlternateCompressor(0) IsCompressedDataValid(0)
[2019.05.05-23.38.19:376][  0]LogAnimationCompression: Building Anim DDC data for AnimSequence /Game/models/Character_Alpha/Animations/norm_run_bwd_right_0.norm_run_bwd_right_0
[2019.05.05-23.38.19:377][  0]LogAnimationCompression: Recompressing (AnimSequence /Game/models/Character_Alpha/Animations/norm_run_bwd_right_0.norm_run_bwd_right_0) using current/default (AnimCompress_BitwiseCompressOnly_0) bFirstRecompressUsingCurrentOrDefault(1) bTryAlternateCompressor(0) IsCompressedDataValid(0)
[2019.05.05-23.38.19:378][  0]LogAnimationCompression: Building Anim DDC data for AnimSequence /Game/models/Character_Alpha/Animations/norm_walk_right_0.norm_walk_right_0
[2019.05.05-23.38.19:378][  0]LogAnimationCompression: Recompressing (AnimSequence /Game/models/Character_Alpha/Animations/norm_walk_right_0.norm_walk_right_0) using current/default (AnimCompress_BitwiseCompressOnly_1) bFirstRecompressUsingCurrentOrDefault(1) bTryAlternateCompressor(0) IsCompressedDataValid(0)
[2019.05.05-23.38.19:379][  0]LogAnimationCompression: Building Anim DDC data for AnimSequence /Game/models/Character_Alpha/Animations/norm_walk_left_0.norm_walk_left_0
[2019.05.05-23.38.19:379][  0]LogAnimationCompression: Recompressing (AnimSequence /Game/models/Character_Alpha/Animations/norm_walk_left_0.norm_walk_left_0) using current/default (AnimCompress_BitwiseCompressOnly_1) bFirstRecompressUsingCurrentOrDefault(1) bTryAlternateCompressor(0) IsCompressedDataValid(0)
[2019.05.05-23.38.19:380][  0]LogAnimationCompression: Building Anim DDC data for AnimSequence /Game/models/Character_Alpha/Animations/norm_walk_fwd_0.norm_walk_fwd_0
[2019.05.05-23.38.19:380][  0]LogAnimationCompression: Recompressing (AnimSequence /Game/models/Character_Alpha/Animations/norm_walk_fwd_0.norm_walk_fwd_0) using current/default (AnimCompress_BitwiseCompressOnly_0) bFirstRecompressUsingCurrentOrDefault(1) bTryAlternateCompressor(0) IsCompressedDataValid(0)
[2019.05.05-23.38.19:381][  0]LogAnimationCompression: Building Anim DDC data for AnimSequence /Game/models/Character_Alpha/Animations/norm_walk_bwd_0.norm_walk_bwd_0
[2019.05.05-23.38.19:381][  0]LogAnimationCompression: Recompressing (AnimSequence /Game/models/Character_Alpha/Animations/norm_walk_bwd_0.norm_walk_bwd_0) using current/default (AnimCompress_BitwiseCompressOnly_0) bFirstRecompressUsingCurrentOrDefault(1) bTryAlternateCompressor(0) IsCompressedDataValid(0)
[2019.05.05-23.38.19:401][  0]LogAnimationCompression: Building Anim DDC data for AnimSequence /Game/models/Character_Alpha/Animations/Aim/aim_Up.aim_Up
[2019.05.05-23.38.19:402][  0]LogAnimationCompression: Recompressing (AnimSequence /Game/models/Character_Alpha/Animations/Aim/aim_Up.aim_Up) using current/default (AnimCompress_BitwiseCompressOnly_0) bFirstRecompressUsingCurrentOrDefault(1) bTryAlternateCompressor(0) IsCompressedDataValid(0)
[2019.05.05-23.38.19:417][  0]LogMaterial: Display: Missing cached shader map for material Material__12, compiling. 
[2019.05.05-23.38.19:418][  0]LogMaterial: Warning: H:\Workbench\UE4_Projects\ThirdPersonShooter\Content\models\Character_Alpha\Materials\Material__12.uasset: Failed to compile Material for platform PCD3D_SM5, Default Material will be used in game.
[2019.05.05-23.38.19:418][  0]LogMaterial: 	(Node TextureSample) Texture Sample> Missing input texture
[2019.05.05-23.38.19:421][  0]LogMaterial: Display: Missing cached shader map for material Material__11, compiling. 
[2019.05.05-23.38.19:422][  0]LogMaterial: Warning: H:\Workbench\UE4_Projects\ThirdPersonShooter\Content\models\Character_Alpha\Materials\Material__11.uasset: Failed to compile Material for platform PCD3D_SM5, Default Material will be used in game.
[2019.05.05-23.38.19:422][  0]LogMaterial: 	(Node TextureSample) Texture Sample> Missing input texture
[2019.05.05-23.38.19:424][  0]LogMaterial: Display: Missing cached shader map for material Material__10, compiling. 
[2019.05.05-23.38.19:425][  0]LogMaterial: Warning: H:\Workbench\UE4_Projects\ThirdPersonShooter\Content\models\Character_Alpha\Materials\Material__10.uasset: Failed to compile Material for platform PCD3D_SM5, Default Material will be used in game.
[2019.05.05-23.38.19:425][  0]LogMaterial: 	(Node TextureSample) Texture Sample> Missing input texture
[2019.05.05-23.38.19:428][  0]LogMaterial: Display: Missing cached shader map for material Material__8, compiling. 
[2019.05.05-23.38.19:429][  0]LogMaterial: Warning: H:\Workbench\UE4_Projects\ThirdPersonShooter\Content\models\Character_Alpha\Materials\Material__8.uasset: Failed to compile Material for platform PCD3D_SM5, Default Material will be used in game.
[2019.05.05-23.38.19:429][  0]LogMaterial: 	(Node TextureSample) Texture Sample> Missing input texture
[2019.05.05-23.38.19:432][  0]LogMaterial: Display: Missing cached shader map for material Material__4, compiling. 
[2019.05.05-23.38.19:433][  0]LogMaterial: Warning: H:\Workbench\UE4_Projects\ThirdPersonShooter\Content\models\Character_Alpha\Materials\Material__4.uasset: Failed to compile Material for platform PCD3D_SM5, Default Material will be used in game.
[2019.05.05-23.38.19:433][  0]LogMaterial: 	(Node TextureSample) Texture Sample> Missing input texture
[2019.05.05-23.38.19:436][  0]LogMaterial: Display: Missing cached shader map for material Material__7, compiling. 
[2019.05.05-23.38.19:436][  0]LogMaterial: Warning: H:\Workbench\UE4_Projects\ThirdPersonShooter\Content\models\Character_Alpha\Materials\Material__7.uasset: Failed to compile Material for platform PCD3D_SM5, Default Material will be used in game.
[2019.05.05-23.38.19:437][  0]LogMaterial: 	(Node TextureSample) Texture Sample> Missing input texture
[2019.05.05-23.38.19:463][  0]LogAIModule: Creating AISystem for world ThirdPersonExampleMap
[2019.05.05-23.38.19:464][  0]LogLoad: Game class is 'ThirdPersonGameMode_C'
[2019.05.05-23.38.19:474][  0]LogWorld: Bringing World /Game/ThirdPersonBP/Maps/ThirdPersonExampleMap.ThirdPersonExampleMap up for play (max tick rate 0) at 2019.05.06-02.38.19
[2019.05.05-23.38.19:475][  0]LogWorld: Bringing up level for play took: 0.010143
[2019.05.05-23.38.19:486][  0]AnimBlueprintLog: Warning: SLOTNODE: 'UpperBody' in animation instance class Alpha_AnimBP_C already exists. Remove duplicates from the animation graph for this class.
[2019.05.05-23.38.19:486][  0]AnimBlueprintLog: Warning: SLOTNODE: 'UpperBody' in animation instance class Alpha_AnimBP_C already exists. Remove duplicates from the animation graph for this class.
[2019.05.05-23.38.19:486][  0]AnimBlueprintLog: Warning: SLOTNODE: 'UpperBody' in animation instance class Alpha_AnimBP_C already exists. Remove duplicates from the animation graph for this class.
[2019.05.05-23.38.19:492][  0]LogLoad: Took 1.896707 seconds to LoadMap(/Game/ThirdPersonBP/Maps/ThirdPersonExampleMap)
[2019.05.05-23.38.19:662][  0]LogRenderer: Reallocating scene render targets to support 1280x720 Format 10 NumSamples 1 (Frame:1).
[2019.05.05-23.38.19:662][  0]LogLoad: (Engine Initialization) Total time: 13.80 seconds
[2019.05.05-23.38.19:662][  0]LogLoad: (Engine Initialization) Total Blueprint compile time: 0.00 seconds
[2019.05.05-23.38.19:696][  0]LogContentStreaming: Texture pool size now 1000 MB
[2019.05.05-23.44.06:298][368]LogBlueprintUserMessages: [Character_Super_C_0] Melee
[2019.05.05-23.44.09:952][569]LogRenderer: Reallocating scene render targets to support 1920x1080 Format 10 NumSamples 1 (Frame:21570).
[2019.05.05-23.45.41:038][119]Closing by request
[2019.05.05-23.45.41:038][119]LogWindows: FPlatformMisc::RequestExit(0)
[2019.05.05-23.45.41:038][119]LogSlate: FSceneViewport::OnFocusLost() reason 2
[2019.05.05-23.45.41:847][120]LogSlate: Window 'ThirdPersonShooter (64-bit Development PCD3D_SM5) ' being destroyed
[2019.05.05-23.45.41:901][120]LogExit: Preparing to exit.
[2019.05.05-23.45.41:901][120]LogMoviePlayer: Shutting down movie player
[2019.05.05-23.45.42:535][120]LogSlate: Updating window title bar state: overlay mode, drag disabled, window buttons hidden, title bar hidden
[2019.05.05-23.45.42:625][120]LogExit: Game engine shut down
[2019.05.05-23.45.43:795][120]LogExit: Object subsystem successfully closed.
[2019.05.05-23.45.44:270][120]LogShaderCompilers: Display: Shaders left to compile 0
[2019.05.05-23.45.44:333][120]LogD3D11RHI: Shutdown
[2019.05.05-23.45.44:333][120]LogD3D11RHI: CleanupD3DDevice
[2019.05.05-23.45.44:396][120]LogD3D11RHI: ~FD3D11DynamicRHI
[2019.05.05-23.45.45:134][120]LogModuleManager: Shutting down and abandoning module SequenceRecorderSections (376)
[2019.05.05-23.45.45:134][120]LogModuleManager: Shutting down and abandoning module SequenceRecorder (374)
[2019.05.05-23.45.45:135][120]LogModuleManager: Shutting down and abandoning module AutomationController (372)
[2019.05.05-23.45.45:153][120]LogModuleManager: Shutting down and abandoning module AutomationWorker (370)
[2019.05.05-23.45.45:153][120]LogModuleManager: Shutting down and abandoning module Voice (368)
[2019.05.05-23.45.45:153][120]LogModuleManager: Shutting down and abandoning module AIModule (366)
[2019.05.05-23.45.45:173][120]LogModuleManager: Shutting down and abandoning module GameplayDebugger (365)
[2019.05.05-23.45.45:173][120]LogModuleManager: Shutting down and abandoning module AITestSuite (363)
[2019.05.05-23.45.45:182][120]LogModuleManager: Shutting down and abandoning module NavigationSystem (361)
[2019.05.05-23.45.45:182][120]LogModuleManager: Shutting down and abandoning module WmfMediaFactory (358)
[2019.05.05-23.45.45:182][120]LogModuleManager: Shutting down and abandoning module OpenExrWrapper (356)
[2019.05.05-23.45.45:182][120]LogModuleManager: Shutting down and abandoning module ImgMediaFactory (354)
[2019.05.05-23.45.45:182][120]LogModuleManager: Shutting down and abandoning module AvfMediaFactory (352)
[2019.05.05-23.45.45:182][120]LogModuleManager: Shutting down and abandoning module MagicLeapCameraPreviewFactory (350)
[2019.05.05-23.45.45:182][120]LogModuleManager: Shutting down and abandoning module MagicLeapMediaFactory (348)
[2019.05.05-23.45.45:182][120]LogModuleManager: Shutting down and abandoning module CharacterAI (346)
[2019.05.05-23.45.45:182][120]LogModuleManager: Shutting down and abandoning module SessionServices (344)
[2019.05.05-23.45.45:182][120]LogModuleManager: Shutting down and abandoning module MovieSceneCapture (342)
[2019.05.05-23.45.45:182][120]LogModuleManager: Shutting down and abandoning module MovieSceneTracks (340)
[2019.05.05-23.45.45:182][120]LogModuleManager: Shutting down and abandoning module MovieScene (338)
[2019.05.05-23.45.45:182][120]LogModuleManager: Shutting down and abandoning module StreamingPauseRendering (336)
[2019.05.05-23.45.45:182][120]LogModuleManager: Shutting down and abandoning module PortalServices (334)
[2019.05.05-23.45.45:182][120]LogModuleManager: Shutting down and abandoning module PortalRpc (332)
[2019.05.05-23.45.45:182][120]LogModuleManager: Shutting down and abandoning module MessagingRpc (330)
[2019.05.05-23.45.45:183][120]LogModuleManager: Shutting down and abandoning module ProfilerService (328)
[2019.05.05-23.45.45:265][120]LogModuleManager: Shutting down and abandoning module TaskGraph (326)
[2019.05.05-23.45.45:275][120]LogModuleManager: Shutting down and abandoning module SteamVRController (324)
[2019.05.05-23.45.45:275][120]LogModuleManager: Shutting down and abandoning module ProceduralMeshComponent (322)
[2019.05.05-23.45.45:283][120]LogModuleManager: Shutting down and abandoning module OculusInput (320)
[2019.05.05-23.45.45:283][120]LogModuleManager: Shutting down and abandoning module MobilePatchingUtils (318)
[2019.05.05-23.45.45:283][120]LogModuleManager: Shutting down and abandoning module EditableMesh (316)
[2019.05.05-23.45.45:284][120]LogModuleManager: Shutting down and abandoning module CustomMeshComponent (314)
[2019.05.05-23.45.45:284][120]LogModuleManager: Shutting down and abandoning module CableComponent (312)
[2019.05.05-23.45.45:284][120]LogModuleManager: Shutting down and abandoning module AudioCapture (310)
[2019.05.05-23.45.45:284][120]LogModuleManager: Shutting down and abandoning module ArchVisCharacter (308)
[2019.05.05-23.45.45:284][120]LogModuleManager: Shutting down and abandoning module AndroidPermission (306)
[2019.05.05-23.45.45:284][120]LogModuleManager: Shutting down and abandoning module NUTUnrealEngine4 (304)
[2019.05.05-23.45.45:284][120]LogModuleManager: Shutting down and abandoning module NetcodeUnitTest (302)
[2019.05.05-23.45.45:320][120]LogModuleManager: Shutting down and abandoning module MediaCompositing (300)
[2019.05.05-23.45.45:320][120]LogModuleManager: Shutting down and abandoning module LinearTimecode (298)
[2019.05.05-23.45.45:320][120]LogModuleManager: Shutting down and abandoning module ImgMedia (296)
[2019.05.05-23.45.45:351][120]LogModuleManager: Shutting down and abandoning module HTML5Networking (294)
[2019.05.05-23.45.45:351][120]LogModuleManager: Shutting down and abandoning module GeometryCacheTracks (292)
[2019.05.05-23.45.45:351][120]LogModuleManager: Shutting down and abandoning module GeometryCacheSequencer (291)
[2019.05.05-23.45.45:351][120]LogModuleManager: Shutting down and abandoning module GeometryCache (288)
[2019.05.05-23.45.45:351][120]LogModuleManager: Shutting down and abandoning module GeometryCacheEd (287)
[2019.05.05-23.45.45:351][120]LogModuleManager: Shutting down and abandoning module BackChannel (284)
[2019.05.05-23.45.45:365][120]LogModuleManager: Shutting down and abandoning module AppleVision (282)
[2019.05.05-23.45.45:365][120]LogModuleManager: Shutting down and abandoning module AppleImageUtils (280)
[2019.05.05-23.45.45:365][120]LogModuleManager: Shutting down and abandoning module DatasmithContent (278)
[2019.05.05-23.45.45:367][120]LogModuleManager: Shutting down and abandoning module CryptoKeysOpenSSL (276)
[2019.05.05-23.45.45:382][120]LogModuleManager: Shutting down and abandoning module CryptoKeys (274)
[2019.05.05-23.45.45:382][120]LogModuleManager: Shutting down and abandoning module VisualStudioSourceCodeAccess (272)
[2019.05.05-23.45.45:382][120]LogModuleManager: Shutting down and abandoning module HotReload (271)
[2019.05.05-23.45.45:383][120]LogModuleManager: Shutting down and abandoning module DirectoryWatcher (270)
[2019.05.05-23.45.45:383][120]LogModuleManager: Shutting down and abandoning module VisualStudioCodeSourceCodeAccess (266)
[2019.05.05-23.45.45:383][120]LogModuleManager: Shutting down and abandoning module UObjectPlugin (264)
[2019.05.05-23.45.45:383][120]LogModuleManager: Shutting down and abandoning module SubversionSourceControl (262)
[2019.05.05-23.45.45:383][120]LogModuleManager: Shutting down and abandoning module PerforceSourceControl (260)
[2019.05.05-23.45.45:398][120]LogModuleManager: Shutting down and abandoning module SourceControl (259)
[2019.05.05-23.45.45:401][120]LogModuleManager: Shutting down and abandoning module CLionSourceCodeAccess (256)
[2019.05.05-23.45.45:401][120]LogModuleManager: Shutting down and abandoning module RuntimePhysXCooking (254)
[2019.05.05-23.45.45:402][120]LogModuleManager: Shutting down and abandoning module PhysXVehiclesEditor (252)
[2019.05.05-23.45.45:402][120]LogModuleManager: Shutting down and abandoning module PhysXVehicles (250)
[2019.05.05-23.45.45:402][120]LogModuleManager: Shutting down and abandoning module LocationServicesBPLibrary (248)
[2019.05.05-23.45.45:402][120]LogModuleManager: Shutting down and abandoning module ImmediatePhysicsEditor (246)
[2019.05.05-23.45.45:402][120]LogModuleManager: Shutting down and abandoning module ImmediatePhysics (244)
[2019.05.05-23.45.45:408][120]LogModuleManager: Shutting down and abandoning module ActorSequence (242)
[2019.05.05-23.45.45:408][120]LogModuleManager: Shutting down and abandoning module UdpMessaging (240)
